*********************************************************************************************************start
By DESKTOP-FABB9DR
2024年6月25日  20:21:20

操作系统:  Windows 10  (10.0.19045) 64bit
系统内存大小:  32689
设备模型:  B450M K (Gigabyte Technology Co., Ltd.)
设备唯一标识符:  c285453562f43acbf38d3cb4bd3948b544d677d3
处理器数量:  12
处理器类型:  AMD Ryzen 5 5600 6-Core Processor 
显卡标识符:  8584
显卡名称:  NVIDIA GeForce GTX 1650
显卡标识符:  4318
显卡厂商:  NVIDIA
显卡版本:  Direct3D 11.0 [level 11.1]
显存大小:  3949
显卡着色器级别:  50
是否图像效果:  True
是否支持内置阴影:  True
*********************************************************************************************************end
LogInfo:

OnInitializePotentialDrag
OnBeginDrag
OnDrag-->X:4.354797///Y:10.88712
OnDrag-->X:6.532227///Y:15.24194
OnDrag-->X:6.532227///Y:21.7742
OnDrag-->X:6.532227///Y:23.95163
OnDrag-->X:6.532227///Y:26.12903
OnDrag-->X:6.532227///Y:28.30646
OnDrag-->X:6.532227///Y:32.66129
OnDrag-->X:6.532227///Y:37.01614
OnDrag-->X:6.532227///Y:39.19354
OnDrag-->X:8.709656///Y:43.5484
OnDrag-->X:8.709656///Y:50.08066
OnDrag-->X:13.06451///Y:56.61292
OnDrag-->X:13.06451///Y:63.14517
OnDrag-->X:13.06451///Y:67.5
OnDrag-->X:13.06451///Y:71.85486
OnDrag-->X:13.06451///Y:78.38712
OnDrag-->X:15.24194///Y:82.74194
OnDrag-->X:15.24194///Y:87.09677
OnDrag-->X:15.24194///Y:91.45163
OnDrag-->X:17.41931///Y:95.80646
OnDrag-->X:17.41931///Y:100.1613
OnDrag-->X:17.41931///Y:106.6936
OnDrag-->X:17.41931///Y:108.871
OnDrag-->X:17.41931///Y:115.4032
OnDrag-->X:17.41931///Y:121.9355
OnDrag-->X:17.41931///Y:126.2903
OnDrag-->X:17.41931///Y:132.8226
OnDrag-->X:17.41931///Y:139.3548
OnDrag-->X:19.59674///Y:143.7097
OnDrag-->X:19.59674///Y:148.0645
OnDrag-->X:21.77417///Y:152.4193
OnDrag-->X:21.77417///Y:154.5968
OnDrag-->X:21.77417///Y:156.7742
OnDrag-->X:21.77417///Y:154.5968
OnDrag-->X:21.77417///Y:145.8871
OnDrag-->X:21.77417///Y:139.3548
OnDrag-->X:19.59674///Y:128.4677
OnDrag-->X:19.59674///Y:121.9355
OnDrag-->X:19.59674///Y:115.4032
OnDrag-->X:19.59674///Y:106.6936
OnDrag-->X:19.59674///Y:100.1613
OnDrag-->X:19.59674///Y:91.45163
OnDrag-->X:19.59674///Y:82.74194
OnDrag-->X:19.59674///Y:76.20969
OnDrag-->X:19.59674///Y:67.5
OnDrag-->X:19.59674///Y:58.79031
OnDrag-->X:19.59674///Y:50.08066
OnDrag-->X:17.41931///Y:37.01614
OnDrag-->X:17.41931///Y:32.66129
OnDrag-->X:15.24194///Y:26.12903
OnDrag-->X:15.24194///Y:23.95163
OnDrag-->X:15.24194///Y:21.7742
OnDrag-->X:13.06451///Y:17.41937
OnDrag-->X:13.06451///Y:15.24194
OnDrag-->X:13.06451///Y:13.06451
OnDrag-->X:13.06451///Y:10.88712
OnDrag-->X:10.88708///Y:8.709686
OnDrag-->X:8.709656///Y:8.709686
OnDrag-->X:6.532227///Y:8.709686
OnDrag-->X:4.354797///Y:2.177429
OnDrag-->X:0///Y:2.177429
OnDrag-->X:-2.177429///Y:2.177429
OnDrag-->X:-4.354858///Y:0
OnDrag-->X:-8.709717///Y:0
OnDrag-->X:-10.88715///Y:-2.177429
OnDrag-->X:-15.24194///Y:-4.354828
OnDrag-->X:-17.41937///Y:-4.354828
OnDrag-->X:-21.77423///Y:-4.354828
OnDrag-->X:-28.30646///Y:-6.532257
OnDrag-->X:-34.83875///Y:-6.532257
OnDrag-->X:-43.5484///Y:-8.709686
OnDrag-->X:-58.79034///Y:-13.06451
OnDrag-->X:-67.5///Y:-15.24194
OnDrag-->X:-76.20972///Y:-15.24194
OnDrag-->X:-89.27423///Y:-17.41934
OnDrag-->X:-97.98389///Y:-21.7742
OnDrag-->X:-111.0484///Y:-23.9516
OnDrag-->X:-119.7581///Y:-26.12903
OnDrag-->X:-130.6451///Y:-28.30646
OnDrag-->X:-139.3549///Y:-32.66129
OnDrag-->X:-145.8871///Y:-32.66129
OnDrag-->X:-152.4194///Y:-34.83871
OnDrag-->X:-156.7742///Y:-37.01611
OnDrag-->X:-161.129///Y:-37.01611
OnDrag-->X:-163.3065///Y:-39.19354
OnDrag-->X:-165.4839///Y:-39.19354
OnDrag-->X:-169.8387///Y:-41.37097
OnDrag-->X:-172.0161///Y:-43.54837
OnDrag-->X:-178.5484///Y:-43.54837
OnDrag-->X:-182.9033///Y:-47.90323
OnDrag-->X:-185.0806///Y:-47.90323
OnDrag-->X:-189.4355///Y:-52.25806
OnDrag-->X:-195.9678///Y:-56.61292
OnDrag-->X:-198.1451///Y:-58.79031
OnDrag-->X:-202.5///Y:-60.96774
OnDrag-->X:-206.8549///Y:-60.96774
OnDrag-->X:-209.0323///Y:-63.14517
OnDrag-->X:-211.2097///Y:-65.32257
OnDrag-->X:-213.3871///Y:-67.5
OnDrag-->X:-215.5645///Y:-67.5
OnDrag-->X:-219.9194///Y:-69.67743
OnDrag-->X:-222.0968///Y:-69.67743
OnDrag-->X:-224.2742///Y:-69.67743
OnDrag-->X:-224.2742///Y:-65.32257
OnDrag-->X:-224.2742///Y:-60.96774
OnDrag-->X:-224.2742///Y:-56.61292
OnDrag-->X:-224.2742///Y:-50.08063
OnDrag-->X:-224.2742///Y:-43.54837
OnDrag-->X:-224.2742///Y:-37.01611
OnDrag-->X:-224.2742///Y:-28.30646
OnDrag-->X:-224.2742///Y:-21.7742
OnDrag-->X:-224.2742///Y:-15.24194
OnDrag-->X:-224.2742///Y:-6.532257
OnDrag-->X:-224.2742///Y:2.177429
OnDrag-->X:-224.2742///Y:6.532257
OnDrag-->X:-224.2742///Y:13.06451
OnDrag-->X:-219.9194///Y:19.59677
OnDrag-->X:-219.9194///Y:26.12903
OnDrag-->X:-217.7419///Y:30.48389
OnDrag-->X:-215.5645///Y:37.01614
OnDrag-->X:-213.3871///Y:41.37097
OnDrag-->X:-211.2097///Y:45.7258
OnDrag-->X:-209.0323///Y:47.90323
OnDrag-->X:-209.0323///Y:52.25806
OnDrag-->X:-204.6774///Y:54.43549
OnDrag-->X:-204.6774///Y:56.61292
OnDrag-->X:-202.5///Y:56.61292
OnDrag-->X:-200.3226///Y:58.79031
OnDrag-->X:-198.1451///Y:58.79031
OnDrag-->X:-195.9678///Y:58.79031
OnDrag-->X:-191.6129///Y:60.96774
OnDrag-->X:-189.4355///Y:60.96774
OnDrag-->X:-185.0806///Y:60.96774
OnDrag-->X:-182.9033///Y:60.96774
OnDrag-->X:-178.5484///Y:60.96774
OnDrag-->X:-174.1935///Y:60.96774
OnDrag-->X:-169.8387///Y:60.96774
OnDrag-->X:-167.6613///Y:60.96774
OnDrag-->X:-163.3065///Y:60.96774
OnDrag-->X:-161.129///Y:60.96774
OnDrag-->X:-156.7742///Y:60.96774
OnDrag-->X:-154.5968///Y:60.96774
OnDrag-->X:-152.4194///Y:58.79031
OnDrag-->X:-150.2419///Y:58.79031
OnDrag-->X:-148.0645///Y:56.61292
OnDrag-->X:-148.0645///Y:54.43549
OnDrag-->X:-145.8871///Y:52.25806
OnDrag-->X:-145.8871///Y:47.90323
OnDrag-->X:-145.8871///Y:45.7258
OnDrag-->X:-145.8871///Y:43.5484
OnDrag-->X:-145.8871///Y:41.37097
OnDrag-->X:-145.8871///Y:39.19354
OnDrag-->X:-145.8871///Y:37.01614
OnDrag-->X:-148.0645///Y:37.01614
OnDrag-->X:-148.0645///Y:34.83871
OnDrag-->X:-150.2419///Y:32.66129
OnDrag-->X:-152.4194///Y:32.66129
OnDrag-->X:-154.5968///Y:32.66129
OnDrag-->X:-156.7742///Y:32.66129
OnDrag-->X:-158.9516///Y:32.66129
OnDrag-->X:-163.3065///Y:32.66129
OnDrag-->X:-169.8387///Y:32.66129
OnDrag-->X:-172.0161///Y:32.66129
OnDrag-->X:-174.1935///Y:32.66129
OnDrag-->X:-176.371///Y:32.66129
OnDrag-->X:-178.5484///Y:32.66129
OnDrag-->X:-180.7258///Y:32.66129
OnDrag-->X:-182.9033///Y:32.66129
OnDrag-->X:-185.0806///Y:32.66129
OnDrag-->X:-187.2581///Y:32.66129
OnDrag-->X:-189.4355///Y:32.66129
OnDrag-->X:-191.6129///Y:32.66129
OnDrag-->X:-193.7903///Y:32.66129
OnDrag-->X:-195.9678///Y:32.66129
OnDrag-->X:-200.3226///Y:32.66129
OnDrag-->X:-202.5///Y:32.66129
OnDrag-->X:-206.8549///Y:32.66129
OnDrag-->X:-209.0323///Y:32.66129
OnDrag-->X:-211.2097///Y:32.66129
OnDrag-->X:-213.3871///Y:32.66129
OnDrag-->X:-215.5645///Y:32.66129
OnDrag-->X:-217.7419///Y:32.66129
OnEndDrag
OnScroll:(0.00, -1.00)
OnScroll:(0.00, -1.00)
OnScroll:(0.00, -1.00)
OnScroll:(0.00, -1.00)
OnScroll:(0.00, -1.00)
OnScroll:(0.00, -1.00)
OnScroll:(0.00, -1.00)
OnScroll:(0.00, -1.00)
OnScroll:(0.00, 1.00)
OnScroll:(0.00, 1.00)
OnScroll:(0.00, 1.00)
OnScroll:(0.00, 1.00)
OnScroll:(0.00, 1.00)
OnScroll:(0.00, 1.00)
OnScroll:(0.00, 1.00)
OnScroll:(0.00, 1.00)
OnScroll:(0.00, 1.00)
OnScroll:(0.00, 1.00)
OnScroll:(0.00, 1.00)
OnScroll:(0.00, 1.00)
OnScroll:(0.00, 1.00)
OnScroll:(0.00, 1.00)
OnScroll:(0.00, 1.00)
OnScroll:(0.00, 1.00)
OnScroll:(0.00, 1.00)
OnScroll:(0.00, 1.00)
OnScroll:(0.00, 1.00)
OnInitializePotentialDrag
OnBeginDrag
OnDrag-->X:2.177368///Y:10.88708
OnDrag-->X:2.177368///Y:13.06451
OnDrag-->X:4.354797///Y:15.24191
OnDrag-->X:4.354797///Y:17.41934
OnDrag-->X:4.354797///Y:19.59677
OnDrag-->X:4.354797///Y:23.9516
OnDrag-->X:4.354797///Y:26.12903
OnDrag-->X:4.354797///Y:30.48386
OnDrag-->X:4.354797///Y:32.66129
OnDrag-->X:4.354797///Y:34.83868
OnDrag-->X:4.354797///Y:37.01611
OnDrag-->X:4.354797///Y:39.19354
OnDrag-->X:4.354797///Y:41.37097
OnDrag-->X:4.354797///Y:43.54837
OnDrag-->X:4.354797///Y:45.7258
OnDrag-->X:4.354797///Y:47.90323
OnDrag-->X:4.354797///Y:50.08063
OnDrag-->X:4.354797///Y:52.25806
OnDrag-->X:4.354797///Y:54.43549
OnDrag-->X:4.354797///Y:56.61288
OnDrag-->X:4.354797///Y:58.79031
OnDrag-->X:4.354797///Y:60.96774
OnDrag-->X:4.354797///Y:63.14514
OnDrag-->X:4.354797///Y:65.32257
OnDrag-->X:4.354797///Y:67.5
OnDrag-->X:4.354797///Y:69.6774
OnDrag-->X:2.177368///Y:71.85483
OnDrag-->X:2.177368///Y:74.03226
OnDrag-->X:2.177368///Y:76.20966
OnDrag-->X:2.177368///Y:78.38708
OnDrag-->X:0///Y:82.74194
OnDrag-->X:0///Y:84.91937
OnDrag-->X:0///Y:87.09674
OnDrag-->X:0///Y:89.27417
OnDrag-->X:0///Y:91.4516
OnDrag-->X:0///Y:93.62903
OnDrag-->X:0///Y:91.4516
OnDrag-->X:0///Y:89.27417
OnDrag-->X:0///Y:87.09674
OnDrag-->X:0///Y:84.91937
OnDrag-->X:0///Y:82.74194
OnDrag-->X:0///Y:80.56451
OnDrag-->X:0///Y:78.38708
OnDrag-->X:0///Y:76.20966
OnDrag-->X:0///Y:71.85483
OnDrag-->X:0///Y:69.6774
OnDrag-->X:0///Y:65.32257
OnDrag-->X:0///Y:63.14514
OnDrag-->X:0///Y:58.79031
OnDrag-->X:0///Y:56.61288
OnDrag-->X:0///Y:52.25806
OnDrag-->X:0///Y:50.08063
OnDrag-->X:0///Y:47.90323
OnDrag-->X:0///Y:45.7258
OnDrag-->X:0///Y:43.54837
OnDrag-->X:0///Y:41.37097
OnDrag-->X:0///Y:39.19354
OnDrag-->X:-2.177429///Y:37.01611
OnDrag-->X:-2.177429///Y:34.83868
OnDrag-->X:-2.177429///Y:32.66129
OnDrag-->X:-2.177429///Y:30.48386
OnDrag-->X:-2.177429///Y:28.30643
OnDrag-->X:-2.177429///Y:26.12903
OnDrag-->X:-2.177429///Y:23.9516
OnDrag-->X:-2.177429///Y:21.77417
OnDrag-->X:-2.177429///Y:19.59677
OnDrag-->X:-2.177429///Y:17.41934
OnDrag-->X:-2.177429///Y:15.24191
OnDrag-->X:-2.177429///Y:13.06451
OnDrag-->X:-2.177429///Y:10.88708
OnDrag-->X:-2.177429///Y:8.709656
OnDrag-->X:-2.177429///Y:6.532257
OnDrag-->X:-2.177429///Y:4.354828
OnDrag-->X:-2.177429///Y:2.177399
OnDrag-->X:-2.177429///Y:0
OnDrag-->X:-2.177429///Y:-2.177429
OnDrag-->X:-2.177429///Y:-4.354858
OnDrag-->X:-2.177429///Y:-6.532257
OnDrag-->X:-2.177429///Y:-8.709686
OnDrag-->X:-2.177429///Y:-10.88712
OnDrag-->X:-2.177429///Y:-13.06451
OnDrag-->X:-2.177429///Y:-15.24194
OnDrag-->X:-2.177429///Y:-17.41937
OnDrag-->X:-2.177429///Y:-19.5968
OnDrag-->X:-2.177429///Y:-23.95163
OnDrag-->X:-2.177429///Y:-26.12906
OnDrag-->X:-2.177429///Y:-23.95163
OnDrag-->X:-2.177429///Y:-17.41937
OnDrag-->X:-2.177429///Y:-13.06451
OnDrag-->X:-2.177429///Y:-8.709686
OnDrag-->X:-2.177429///Y:-2.177429
OnDrag-->X:-2.177429///Y:2.177399
OnDrag-->X:-2.177429///Y:6.532257
OnDrag-->X:-2.177429///Y:10.88708
OnDrag-->X:-2.177429///Y:17.41934
OnDrag-->X:-2.177429///Y:21.77417
OnDrag-->X:-2.177429///Y:28.30643
OnDrag-->X:-2.177429///Y:30.48386
OnDrag-->X:-2.177429///Y:32.66129
OnDrag-->X:-2.177429///Y:34.83868
OnDrag-->X:-2.177429///Y:37.01611
OnDrag-->X:-2.177429///Y:41.37097
OnDrag-->X:-2.177429///Y:43.54837
OnDrag-->X:-2.177429///Y:45.7258
OnDrag-->X:-2.177429///Y:47.90323
OnDrag-->X:-2.177429///Y:50.08063
OnDrag-->X:-2.177429///Y:52.25806
OnDrag-->X:-2.177429///Y:54.43549
OnDrag-->X:-2.177429///Y:56.61288
OnDrag-->X:-2.177429///Y:58.79031
OnDrag-->X:-2.177429///Y:63.14514
OnDrag-->X:-4.354858///Y:63.14514
OnDrag-->X:-4.354858///Y:65.32257
OnDrag-->X:-4.354858///Y:69.6774
OnDrag-->X:-4.354858///Y:71.85483
OnDrag-->X:-6.532288///Y:74.03226
OnDrag-->X:-6.532288///Y:76.20966
OnDrag-->X:-6.532288///Y:78.38708
OnDrag-->X:-6.532288///Y:80.56451
OnDrag-->X:-6.532288///Y:82.74194
OnDrag-->X:-6.532288///Y:84.91937
OnDrag-->X:-6.532288///Y:87.09674
OnDrag-->X:-6.532288///Y:89.27417
OnDrag-->X:-6.532288///Y:91.4516
OnDrag-->X:-6.532288///Y:93.62903
OnDrag-->X:-8.709717///Y:97.98389
OnDrag-->X:-8.709717///Y:100.1613
OnDrag-->X:-8.709717///Y:102.3387
OnDrag-->X:-8.709717///Y:104.5161
OnDrag-->X:-8.709717///Y:106.6935
OnDrag-->X:-8.709717///Y:111.0484
OnDrag-->X:-10.88715///Y:111.0484
OnDrag-->X:-10.88715///Y:113.2258
OnDrag-->X:-10.88715///Y:115.4032
OnDrag-->X:-10.88715///Y:117.5806
OnDrag-->X:-10.88715///Y:119.7581
OnDrag-->X:-10.88715///Y:121.9355
OnDrag-->X:-10.88715///Y:124.1129
OnDrag-->X:-10.88715///Y:126.2903
OnDrag-->X:-10.88715///Y:128.4677
OnDrag-->X:-10.88715///Y:130.6451
OnDrag-->X:-10.88715///Y:132.8226
OnDrag-->X:-10.88715///Y:135
OnDrag-->X:-10.88715///Y:137.1774
OnDrag-->X:-10.88715///Y:139.3549
OnDrag-->X:-10.88715///Y:143.7097
OnDrag-->X:-13.06451///Y:143.7097
OnEndDrag
