*********************************************************************************************************start
By DESKTOP-FABB9DR
2024年6月25日  20:22:0

操作系统:  Windows 10  (10.0.19045) 64bit
系统内存大小:  32689
设备模型:  B450M K (Gigabyte Technology Co., Ltd.)
设备唯一标识符:  c285453562f43acbf38d3cb4bd3948b544d677d3
处理器数量:  12
处理器类型:  AMD Ryzen 5 5600 6-Core Processor 
显卡标识符:  8584
显卡名称:  NVIDIA GeForce GTX 1650
显卡标识符:  4318
显卡厂商:  NVIDIA
显卡版本:  Direct3D 11.0 [level 11.1]
显存大小:  3949
显卡着色器级别:  50
是否图像效果:  True
是否支持内置阴影:  True
*********************************************************************************************************end
LogInfo:

OnInitializePotentialDrag
OnBeginDrag
OnDrag-->X:0///Y:10.88708
OnDrag-->X:0///Y:13.06451
OnDrag-->X:0///Y:15.24191
OnDrag-->X:0///Y:17.41934
OnDrag-->X:0///Y:19.59677
OnDrag-->X:2.177429///Y:21.77417
OnDrag-->X:2.177429///Y:23.9516
OnDrag-->X:2.177429///Y:26.12903
OnDrag-->X:2.177429///Y:28.30643
OnDrag-->X:2.177429///Y:30.48386
OnDrag-->X:2.177429///Y:34.83871
OnDrag-->X:2.177429///Y:37.01611
OnDrag-->X:2.177429///Y:39.19354
OnDrag-->X:2.177429///Y:41.37097
OnDrag-->X:2.177429///Y:43.54837
OnDrag-->X:2.177429///Y:45.7258
OnDrag-->X:2.177429///Y:47.90323
OnDrag-->X:2.177429///Y:50.08063
OnDrag-->X:2.177429///Y:52.25806
OnDrag-->X:2.177429///Y:56.61288
OnDrag-->X:2.177429///Y:58.79031
OnDrag-->X:2.177429///Y:60.96774
OnDrag-->X:2.177429///Y:63.14514
OnDrag-->X:2.177429///Y:65.32257
OnDrag-->X:2.177429///Y:67.5
OnDrag-->X:2.177429///Y:71.85483
OnDrag-->X:2.177429///Y:74.03226
OnDrag-->X:2.177429///Y:76.20969
OnDrag-->X:2.177429///Y:80.56448
OnDrag-->X:2.177429///Y:84.91934
OnDrag-->X:2.177429///Y:89.2742
OnDrag-->X:2.177429///Y:91.45163
OnDrag-->X:2.177429///Y:95.80643
OnDrag-->X:2.177429///Y:97.98386
OnDrag-->X:2.177429///Y:100.1613
OnDrag-->X:2.177429///Y:102.3387
OnDrag-->X:2.177429///Y:104.5161
OnDrag-->X:2.177429///Y:106.6935
OnDrag-->X:2.177429///Y:108.8709
OnDrag-->X:2.177429///Y:111.0484
OnDrag-->X:2.177429///Y:113.2258
OnDrag-->X:2.177429///Y:115.4032
OnDrag-->X:2.177429///Y:117.5807
OnDrag-->X:2.177429///Y:119.7581
OnDrag-->X:2.177429///Y:121.9355
OnDrag-->X:2.177429///Y:124.1129
OnDrag-->X:2.177429///Y:126.2903
OnDrag-->X:2.177429///Y:130.6452
OnDrag-->X:2.177429///Y:132.8226
OnDrag-->X:2.177429///Y:135
OnDrag-->X:2.177429///Y:137.1774
OnDrag-->X:2.177429///Y:139.3548
OnDrag-->X:2.177429///Y:141.5323
OnDrag-->X:2.177429///Y:143.7097
OnDrag-->X:2.177429///Y:137.1774
OnDrag-->X:2.177429///Y:130.6452
OnDrag-->X:2.177429///Y:126.2903
OnDrag-->X:2.177429///Y:119.7581
OnDrag-->X:2.177429///Y:113.2258
OnDrag-->X:2.177429///Y:106.6935
OnDrag-->X:2.177429///Y:104.5161
OnDrag-->X:2.177429///Y:97.98386
OnDrag-->X:2.177429///Y:95.80643
OnDrag-->X:2.177429///Y:91.45163
OnDrag-->X:2.177429///Y:87.09677
OnDrag-->X:2.177429///Y:84.91934
OnDrag-->X:2.177429///Y:80.56448
OnDrag-->X:2.177429///Y:76.20969
OnDrag-->X:2.177429///Y:74.03226
OnDrag-->X:2.177429///Y:69.6774
OnDrag-->X:2.177429///Y:67.5
OnDrag-->X:2.177429///Y:65.32257
OnDrag-->X:2.177429///Y:63.14514
OnDrag-->X:2.177429///Y:60.96774
OnDrag-->X:2.177429///Y:56.61288
OnDrag-->X:2.177429///Y:54.43549
OnDrag-->X:2.177429///Y:52.25806
OnDrag-->X:2.177429///Y:50.08063
OnDrag-->X:2.177429///Y:47.90323
OnDrag-->X:2.177429///Y:43.54837
OnDrag-->X:2.177429///Y:41.37097
OnDrag-->X:2.177429///Y:37.01611
OnDrag-->X:2.177429///Y:34.83871
OnDrag-->X:2.177429///Y:30.48386
OnDrag-->X:2.177429///Y:26.12903
OnDrag-->X:2.177429///Y:23.9516
OnDrag-->X:2.177429///Y:21.77417
OnDrag-->X:2.177429///Y:19.59677
OnDrag-->X:2.177429///Y:15.24191
OnDrag-->X:2.177429///Y:13.06451
OnDrag-->X:2.177429///Y:8.709656
OnDrag-->X:2.177429///Y:6.532257
OnDrag-->X:2.177429///Y:4.354828
OnDrag-->X:2.177429///Y:0
OnDrag-->X:2.177429///Y:-4.354858
OnDrag-->X:2.177429///Y:-6.532257
OnDrag-->X:2.177429///Y:-8.709686
OnDrag-->X:2.177429///Y:-10.88712
OnDrag-->X:2.177429///Y:-15.24194
OnDrag-->X:2.177429///Y:-19.59677
OnDrag-->X:2.177429///Y:-21.7742
OnDrag-->X:2.177429///Y:-26.12906
OnDrag-->X:2.177429///Y:-30.48389
OnDrag-->X:2.177429///Y:-34.83871
OnDrag-->X:2.177429///Y:-41.37097
OnDrag-->X:2.177429///Y:-45.72583
OnDrag-->X:2.177429///Y:-47.90323
OnDrag-->X:2.177429///Y:-52.25809
OnDrag-->X:2.177429///Y:-54.43549
OnDrag-->X:2.177429///Y:-56.61292
OnDrag-->X:2.177429///Y:-60.96774
OnDrag-->X:2.177429///Y:-63.14517
OnDrag-->X:2.177429///Y:-67.5
OnDrag-->X:2.177429///Y:-69.67743
OnDrag-->X:2.177429///Y:-71.85486
OnDrag-->X:2.177429///Y:-74.03226
OnDrag-->X:2.177429///Y:-78.38712
OnDrag-->X:2.177429///Y:-82.74194
OnDrag-->X:2.177429///Y:-84.91937
OnDrag-->X:2.177429///Y:-89.2742
OnDrag-->X:2.177429///Y:-93.62906
OnDrag-->X:2.177429///Y:-97.98389
OnDrag-->X:2.177429///Y:-100.1613
OnDrag-->X:2.177429///Y:-104.5161
OnDrag-->X:2.177429///Y:-106.6936
OnDrag-->X:2.177429///Y:-111.0484
OnDrag-->X:2.177429///Y:-113.2258
OnDrag-->X:2.177429///Y:-117.5807
OnDrag-->X:2.177429///Y:-119.7581
OnDrag-->X:2.177429///Y:-126.2903
OnDrag-->X:2.177429///Y:-128.4677
OnDrag-->X:2.177429///Y:-132.8226
OnDrag-->X:2.177429///Y:-135
OnDrag-->X:2.177429///Y:-137.1774
OnDrag-->X:2.177429///Y:-141.5323
OnDrag-->X:2.177429///Y:-145.8871
OnDrag-->X:2.177429///Y:-148.0645
OnDrag-->X:2.177429///Y:-150.2419
OnDrag-->X:2.177429///Y:-154.5968
OnDrag-->X:2.177429///Y:-156.7742
OnDrag-->X:2.177429///Y:-161.1291
OnDrag-->X:2.177429///Y:-163.3065
OnDrag-->X:2.177429///Y:-167.6613
OnDrag-->X:2.177429///Y:-169.8387
OnDrag-->X:2.177429///Y:-176.371
OnDrag-->X:2.177429///Y:-180.7258
OnDrag-->X:2.177429///Y:-187.2581
OnDrag-->X:2.177429///Y:-195.9678
OnDrag-->X:2.177429///Y:-200.3226
OnDrag-->X:0///Y:-209.0323
OnDrag-->X:0///Y:-213.3871
OnDrag-->X:0///Y:-217.742
OnDrag-->X:0///Y:-226.4516
OnDrag-->X:-4.354858///Y:-232.9839
OnDrag-->X:-4.354858///Y:-237.3387
OnDrag-->X:-4.354858///Y:-241.6936
OnDrag-->X:-4.354858///Y:-246.0484
OnDrag-->X:-4.354858///Y:-250.4033
OnDrag-->X:-4.354858///Y:-252.5807
OnDrag-->X:-4.354858///Y:-256.9355
OnDrag-->X:-4.354858///Y:-263.4678
OnDrag-->X:-4.354858///Y:-267.8226
OnDrag-->X:-4.354858///Y:-272.1775
OnDrag-->X:-4.354858///Y:-274.3549
OnDrag-->X:-4.354858///Y:-278.7097
OnDrag-->X:-4.354858///Y:-283.0645
OnDrag-->X:-6.532288///Y:-287.4194
OnDrag-->X:-8.709656///Y:-291.7742
OnDrag-->X:-8.709656///Y:-296.1291
OnDrag-->X:-8.709656///Y:-298.3065
OnDrag-->X:-8.709656///Y:-304.8387
OnDrag-->X:-8.709656///Y:-311.371
OnDrag-->X:-10.88708///Y:-313.5484
OnDrag-->X:-10.88708///Y:-317.9033
OnDrag-->X:-10.88708///Y:-320.0807
OnDrag-->X:-13.06451///Y:-326.6129
OnDrag-->X:-13.06451///Y:-328.7903
OnDrag-->X:-13.06451///Y:-333.1452
OnDrag-->X:-15.24194///Y:-335.3226
OnDrag-->X:-15.24194///Y:-337.5
OnDrag-->X:-15.24194///Y:-339.6775
OnDrag-->X:-15.24194///Y:-341.8549
OnDrag-->X:-15.24194///Y:-348.3871
OnDrag-->X:-15.24194///Y:-350.5645
OnDrag-->X:-15.24194///Y:-354.9194
OnDrag-->X:-15.24194///Y:-357.0968
OnDrag-->X:-15.24194///Y:-359.2742
OnDrag-->X:-19.5968///Y:-363.6291
OnDrag-->X:-19.5968///Y:-367.9839
OnDrag-->X:-19.5968///Y:-370.1613
OnDrag-->X:-19.5968///Y:-372.3387
OnDrag-->X:-19.5968///Y:-374.5162
OnDrag-->X:-19.5968///Y:-376.6936
OnDrag-->X:-19.5968///Y:-378.871
OnDrag-->X:-19.5968///Y:-381.0484
OnDrag-->X:-21.77417///Y:-383.2258
OnDrag-->X:-21.77417///Y:-385.4033
OnDrag-->X:-21.77417///Y:-387.5807
OnDrag-->X:-21.77417///Y:-391.9355
OnDrag-->X:-21.77417///Y:-394.1129
OnDrag-->X:-23.9516///Y:-396.2904
OnDrag-->X:-23.9516///Y:-398.4678
OnDrag-->X:-23.9516///Y:-400.6452
OnDrag-->X:-26.12903///Y:-400.6452
OnDrag-->X:-26.12903///Y:-396.2904
OnDrag-->X:-26.12903///Y:-389.7581
OnDrag-->X:-26.12903///Y:-376.6936
OnDrag-->X:-28.30646///Y:-357.0968
OnDrag-->X:-30.48389///Y:-333.1452
OnDrag-->X:-32.66132///Y:-309.1936
OnDrag-->X:-39.19354///Y:-283.0645
OnDrag-->X:-41.37097///Y:-256.9355
OnDrag-->X:-45.72583///Y:-235.1613
OnDrag-->X:-45.72583///Y:-222.0968
OnDrag-->X:-47.9032///Y:-211.2097
OnDrag-->X:-47.9032///Y:-202.5
OnDrag-->X:-50.08063///Y:-198.1452
OnDrag-->X:-50.08063///Y:-191.6129
OnDrag-->X:-50.08063///Y:-187.2581
OnDrag-->X:-50.08063///Y:-182.9033
OnDrag-->X:-50.08063///Y:-178.5484
OnDrag-->X:-50.08063///Y:-176.371
OnDrag-->X:-50.08063///Y:-172.0162
OnDrag-->X:-50.08063///Y:-169.8387
OnDrag-->X:-50.08063///Y:-167.6613
OnDrag-->X:-50.08063///Y:-165.4839
OnDrag-->X:-50.08063///Y:-163.3065
OnDrag-->X:-50.08063///Y:-158.9516
OnDrag-->X:-50.08063///Y:-156.7742
OnDrag-->X:-50.08063///Y:-152.4194
OnDrag-->X:-50.08063///Y:-148.0645
OnDrag-->X:-50.08063///Y:-141.5323
OnDrag-->X:-50.08063///Y:-132.8226
OnDrag-->X:-50.08063///Y:-128.4677
OnDrag-->X:-50.08063///Y:-124.1129
OnDrag-->X:-50.08063///Y:-117.5807
OnDrag-->X:-47.9032///Y:-113.2258
OnDrag-->X:-47.9032///Y:-111.0484
OnDrag-->X:-47.9032///Y:-106.6936
OnDrag-->X:-47.9032///Y:-104.5161
OnDrag-->X:-45.72583///Y:-102.3387
OnDrag-->X:-45.72583///Y:-97.98389
OnDrag-->X:-45.72583///Y:-93.62906
OnDrag-->X:-45.72583///Y:-89.2742
OnDrag-->X:-43.5484///Y:-82.74194
OnDrag-->X:-43.5484///Y:-78.38712
OnDrag-->X:-43.5484///Y:-74.03226
OnDrag-->X:-41.37097///Y:-69.67743
OnDrag-->X:-41.37097///Y:-67.5
OnDrag-->X:-41.37097///Y:-65.3226
OnDrag-->X:-41.37097///Y:-63.14517
OnDrag-->X:-39.19354///Y:-60.96774
OnDrag-->X:-39.19354///Y:-58.79034
OnDrag-->X:-39.19354///Y:-56.61292
OnDrag-->X:-39.19354///Y:-52.25809
OnDrag-->X:-39.19354///Y:-47.90323
OnDrag-->X:-39.19354///Y:-43.5484
OnDrag-->X:-39.19354///Y:-41.37097
OnDrag-->X:-39.19354///Y:-39.19357
OnDrag-->X:-39.19354///Y:-34.83871
OnDrag-->X:-39.19354///Y:-30.48389
OnDrag-->X:-39.19354///Y:-28.30646
OnDrag-->X:-39.19354///Y:-23.95163
OnDrag-->X:-39.19354///Y:-21.7742
OnDrag-->X:-39.19354///Y:-17.41937
OnDrag-->X:-39.19354///Y:-15.24194
OnDrag-->X:-39.19354///Y:-10.88712
OnDrag-->X:-39.19354///Y:-8.709686
OnDrag-->X:-39.19354///Y:-6.532257
OnDrag-->X:-39.19354///Y:-2.177429
OnDrag-->X:-39.19354///Y:2.177399
OnDrag-->X:-39.19354///Y:6.532257
OnDrag-->X:-39.19354///Y:8.709656
OnDrag-->X:-39.19354///Y:13.06451
OnDrag-->X:-39.19354///Y:15.24191
OnDrag-->X:-39.19354///Y:21.77417
OnDrag-->X:-39.19354///Y:23.9516
OnDrag-->X:-39.19354///Y:26.12903
OnDrag-->X:-39.19354///Y:28.30643
OnDrag-->X:-39.19354///Y:32.66129
OnDrag-->X:-39.19354///Y:34.83871
OnDrag-->X:-39.19354///Y:39.19354
OnDrag-->X:-39.19354///Y:41.37097
OnDrag-->X:-39.19354///Y:43.54837
OnDrag-->X:-39.19354///Y:47.90323
OnDrag-->X:-39.19354///Y:52.25806
OnDrag-->X:-39.19354///Y:54.43549
OnDrag-->X:-39.19354///Y:56.61288
OnDrag-->X:-39.19354///Y:60.96774
OnDrag-->X:-39.19354///Y:63.14514
OnDrag-->X:-39.19354///Y:67.5
OnDrag-->X:-39.19354///Y:69.6774
OnDrag-->X:-39.19354///Y:74.03226
OnDrag-->X:-39.19354///Y:76.20969
OnDrag-->X:-39.19354///Y:80.56448
OnDrag-->X:-37.01611///Y:84.91934
OnDrag-->X:-34.83868///Y:89.2742
OnDrag-->X:-34.83868///Y:93.629
OnDrag-->X:-34.83868///Y:95.80643
OnDrag-->X:-32.66132///Y:97.98386
OnDrag-->X:-32.66132///Y:102.3387
OnDrag-->X:-32.66132///Y:106.6935
OnDrag-->X:-32.66132///Y:108.8709
OnDrag-->X:-32.66132///Y:111.0484
OnDrag-->X:-32.66132///Y:115.4032
OnDrag-->X:-32.66132///Y:119.7581
OnDrag-->X:-32.66132///Y:121.9355
OnDrag-->X:-30.48389///Y:126.2903
OnDrag-->X:-30.48389///Y:128.4677
OnDrag-->X:-30.48389///Y:132.8226
OnDrag-->X:-28.30646///Y:137.1774
OnDrag-->X:-26.12903///Y:141.5323
OnDrag-->X:-26.12903///Y:143.7097
OnDrag-->X:-26.12903///Y:145.8871
OnDrag-->X:-26.12903///Y:148.0645
OnDrag-->X:-26.12903///Y:150.2419
OnDrag-->X:-23.9516///Y:152.4193
OnDrag-->X:-23.9516///Y:154.5968
OnDrag-->X:-23.9516///Y:156.7742
OnDrag-->X:-23.9516///Y:163.3064
OnDrag-->X:-19.5968///Y:167.6613
OnDrag-->X:-19.5968///Y:169.8387
OnDrag-->X:-19.5968///Y:172.0161
OnDrag-->X:-19.5968///Y:176.3709
OnDrag-->X:-19.5968///Y:180.7258
OnDrag-->X:-19.5968///Y:182.9032
OnDrag-->X:-19.5968///Y:185.0807
OnDrag-->X:-19.5968///Y:187.2581
OnDrag-->X:-17.41937///Y:191.6129
OnDrag-->X:-17.41937///Y:195.9677
OnDrag-->X:-17.41937///Y:198.1452
OnDrag-->X:-15.24194///Y:200.3226
OnDrag-->X:-15.24194///Y:202.5
OnDrag-->X:-15.24194///Y:204.6774
OnDrag-->X:-15.24194///Y:209.0323
OnDrag-->X:-15.24194///Y:211.2097
OnDrag-->X:-13.06451///Y:215.5645
OnDrag-->X:-13.06451///Y:217.7419
OnDrag-->X:-13.06451///Y:219.9193
OnDrag-->X:-13.06451///Y:224.2742
OnDrag-->X:-10.88708///Y:226.4516
OnDrag-->X:-10.88708///Y:230.8064
OnDrag-->X:-10.88708///Y:232.9839
OnDrag-->X:-10.88708///Y:239.5161
OnDrag-->X:-10.88708///Y:241.6936
OnDrag-->X:-8.709656///Y:243.8709
OnDrag-->X:-8.709656///Y:248.2258
OnDrag-->X:-8.709656///Y:250.4032
OnDrag-->X:-4.354858///Y:254.7581
OnDrag-->X:-4.354858///Y:256.9355
OnDrag-->X:-4.354858///Y:261.2903
OnDrag-->X:-4.354858///Y:263.4677
OnDrag-->X:-4.354858///Y:267.8226
OnDrag-->X:-4.354858///Y:270
OnDrag-->X:-4.354858///Y:274.3548
OnDrag-->X:-4.354858///Y:276.5323
OnDrag-->X:-2.177429///Y:278.7097
OnDrag-->X:-2.177429///Y:283.0645
OnDrag-->X:-2.177429///Y:285.2419
OnDrag-->X:-2.177429///Y:287.4193
OnDrag-->X:-2.177429///Y:289.5968
OnDrag-->X:-2.177429///Y:291.7742
OnDrag-->X:-2.177429///Y:296.1291
OnDrag-->X:-2.177429///Y:298.3064
OnDrag-->X:-2.177429///Y:300.4839
OnDrag-->X:-2.177429///Y:302.6613
OnDrag-->X:-2.177429///Y:304.8387
OnDrag-->X:-2.177429///Y:307.0161
OnDrag-->X:-2.177429///Y:309.1936
OnDrag-->X:0///Y:311.3709
OnDrag-->X:2.177429///Y:313.5484
OnDrag-->X:2.177429///Y:315.7258
OnDrag-->X:2.177429///Y:317.9032
OnDrag-->X:2.177429///Y:320.0807
OnDrag-->X:2.177429///Y:322.2581
OnDrag-->X:2.177429///Y:324.4355
OnDrag-->X:2.177429///Y:326.6129
OnDrag-->X:2.177429///Y:328.7903
OnDrag-->X:4.354858///Y:330.9677
OnDrag-->X:4.354858///Y:333.1452
OnDrag-->X:4.354858///Y:335.3226
OnDrag-->X:4.354858///Y:337.5
OnDrag-->X:4.354858///Y:339.6774
OnDrag-->X:4.354858///Y:344.0323
OnDrag-->X:4.354858///Y:346.2097
OnDrag-->X:4.354858///Y:348.3871
OnDrag-->X:4.354858///Y:350.5645
OnDrag-->X:4.354858///Y:352.7419
OnDrag-->X:6.532227///Y:352.7419
OnDrag-->X:6.532227///Y:354.9193
OnDrag-->X:6.532227///Y:359.2742
OnDrag-->X:8.709656///Y:359.2742
OnDrag-->X:8.709656///Y:361.4516
OnDrag-->X:8.709656///Y:365.8064
OnDrag-->X:10.88708///Y:365.8064
OnDrag-->X:10.88708///Y:367.9839
OnDrag-->X:10.88708///Y:372.3387
OnDrag-->X:10.88708///Y:374.5161
OnDrag-->X:13.06451///Y:378.8709
OnDrag-->X:13.06451///Y:381.0484
OnDrag-->X:13.06451///Y:383.2258
OnDrag-->X:15.24194///Y:387.5807
OnDrag-->X:17.41937///Y:389.7581
OnDrag-->X:17.41937///Y:391.9355
OnDrag-->X:17.41937///Y:394.1129
OnDrag-->X:17.41937///Y:398.4677
OnDrag-->X:17.41937///Y:400.6452
OnDrag-->X:19.59674///Y:400.6452
OnDrag-->X:21.77417///Y:402.8226
OnDrag-->X:21.77417///Y:405
OnDrag-->X:23.9516///Y:407.1774
OnDrag-->X:23.9516///Y:409.3548
OnDrag-->X:23.9516///Y:411.5323
OnDrag-->X:23.9516///Y:413.7097
OnDrag-->X:23.9516///Y:415.8871
OnDrag-->X:23.9516///Y:418.0645
OnDrag-->X:26.12903///Y:420.2419
OnDrag-->X:28.30646///Y:422.4193
OnDrag-->X:28.30646///Y:424.5968
OnDrag-->X:28.30646///Y:426.7742
OnDrag-->X:30.48389///Y:426.7742
OnDrag-->X:30.48389///Y:428.9516
OnDrag-->X:30.48389///Y:431.1291
OnDrag-->X:30.48389///Y:433.3064
OnDrag-->X:34.83868///Y:435.4839
OnDrag-->X:34.83868///Y:439.8387
OnDrag-->X:37.01611///Y:442.0161
OnDrag-->X:37.01611///Y:444.1936
OnDrag-->X:39.19354///Y:446.3709
OnDrag-->X:39.19354///Y:448.5484
OnDrag-->X:41.37097///Y:452.9032
OnDrag-->X:41.37097///Y:455.0807
OnDrag-->X:41.37097///Y:457.2581
OnDrag-->X:43.5484///Y:459.4355
OnDrag-->X:43.5484///Y:461.6129
OnDrag-->X:43.5484///Y:463.7903
OnDrag-->X:45.72583///Y:465.9677
OnDrag-->X:45.72583///Y:468.1452
OnDrag-->X:47.9032///Y:470.3226
OnDrag-->X:47.9032///Y:472.5
OnDrag-->X:47.9032///Y:474.6774
OnDrag-->X:50.08063///Y:474.6774
OnDrag-->X:50.08063///Y:476.8548
OnEndDrag
OnInitializePotentialDrag
OnBeginDrag
OnDrag-->X:0///Y:10.8871
OnDrag-->X:0///Y:13.06453
OnDrag-->X:2.177368///Y:15.24193
OnDrag-->X:2.177368///Y:17.41936
OnDrag-->X:4.354858///Y:21.77419
OnDrag-->X:4.354858///Y:23.95161
OnDrag-->X:4.354858///Y:26.12904
OnDrag-->X:4.354858///Y:28.30644
OnDrag-->X:4.354858///Y:30.4839
OnDrag-->X:4.354858///Y:32.6613
OnDrag-->X:4.354858///Y:34.83873
OnDrag-->X:4.354858///Y:37.01616
OnDrag-->X:6.532227///Y:41.37099
OnDrag-->X:6.532227///Y:43.54842
OnDrag-->X:6.532227///Y:47.90324
OnDrag-->X:6.532227///Y:50.08067
OnDrag-->X:6.532227///Y:52.25807
OnDrag-->X:6.532227///Y:56.61293
OnDrag-->X:6.532227///Y:58.79036
OnDrag-->X:6.532227///Y:63.14519
OnDrag-->X:8.709717///Y:65.32262
OnDrag-->X:8.709717///Y:67.50002
OnDrag-->X:8.709717///Y:71.85487
OnDrag-->X:8.709717///Y:74.03227
OnDrag-->X:8.709717///Y:76.2097
OnDrag-->X:8.709717///Y:78.38713
OnDrag-->X:10.88708///Y:78.38713
OnDrag-->X:10.88708///Y:80.56453
OnDrag-->X:10.88708///Y:82.74196
OnDrag-->X:10.88708///Y:84.91939
OnDrag-->X:10.88708///Y:87.09679
OnDrag-->X:10.88708///Y:89.27422
OnDrag-->X:10.88708///Y:91.45164
OnDrag-->X:10.88708///Y:93.62904
OnDrag-->X:13.06445///Y:97.9839
OnDrag-->X:13.06445///Y:100.1613
OnDrag-->X:13.06445///Y:102.3387
OnDrag-->X:13.06445///Y:104.5162
OnDrag-->X:13.06445///Y:106.6936
OnDrag-->X:15.24194///Y:106.6936
OnDrag-->X:15.24194///Y:108.871
OnDrag-->X:17.41931///Y:111.0484
OnDrag-->X:19.5968///Y:111.0484
OnDrag-->X:19.5968///Y:108.871
OnDrag-->X:19.5968///Y:106.6936
OnDrag-->X:21.77417///Y:104.5162
OnDrag-->X:21.77417///Y:102.3387
OnDrag-->X:21.77417///Y:100.1613
OnDrag-->X:23.95166///Y:97.9839
OnDrag-->X:23.95166///Y:95.80647
OnDrag-->X:23.95166///Y:93.62904
OnDrag-->X:23.95166///Y:91.45164
OnDrag-->X:23.95166///Y:89.27422
OnDrag-->X:26.12903///Y:84.91939
OnDrag-->X:26.12903///Y:82.74196
OnDrag-->X:26.12903///Y:80.56453
OnDrag-->X:26.12903///Y:78.38713
OnDrag-->X:26.12903///Y:76.2097
OnDrag-->X:26.12903///Y:74.03227
OnDrag-->X:26.12903///Y:71.85487
OnDrag-->X:26.12903///Y:69.67744
OnDrag-->X:26.12903///Y:67.50002
OnDrag-->X:26.12903///Y:65.32262
OnDrag-->X:26.12903///Y:63.14519
OnDrag-->X:26.12903///Y:60.96776
OnDrag-->X:26.12903///Y:58.79036
OnDrag-->X:26.12903///Y:56.61293
OnDrag-->X:26.12903///Y:54.4355
OnDrag-->X:26.12903///Y:52.25807
OnDrag-->X:26.12903///Y:47.90324
OnDrag-->X:26.12903///Y:45.72581
OnDrag-->X:26.12903///Y:41.37099
OnDrag-->X:26.12903///Y:39.19356
OnDrag-->X:26.12903///Y:34.83873
OnDrag-->X:26.12903///Y:32.6613
OnDrag-->X:26.12903///Y:28.30644
OnDrag-->X:26.12903///Y:26.12904
OnDrag-->X:26.12903///Y:21.77419
OnDrag-->X:26.12903///Y:19.59679
OnDrag-->X:26.12903///Y:15.24193
OnDrag-->X:26.12903///Y:13.06453
OnDrag-->X:26.12903///Y:10.8871
OnDrag-->X:26.12903///Y:8.709671
OnDrag-->X:26.12903///Y:6.532272
OnDrag-->X:28.3064///Y:6.532272
OnDrag-->X:28.3064///Y:4.354843
OnDrag-->X:28.3064///Y:2.177429
OnDrag-->X:28.3064///Y:0
OnDrag-->X:28.3064///Y:-2.177414
OnDrag-->X:28.3064///Y:-4.354828
OnDrag-->X:28.3064///Y:-6.532257
OnDrag-->X:28.3064///Y:-8.709671
OnDrag-->X:28.3064///Y:-10.8871
OnDrag-->X:30.48389///Y:-10.8871
OnDrag-->X:30.48389///Y:-13.06451
OnDrag-->X:30.48389///Y:-15.24193
OnDrag-->X:30.48389///Y:-17.41936
OnDrag-->X:30.48389///Y:-19.59677
OnDrag-->X:30.48389///Y:-21.77419
OnDrag-->X:30.48389///Y:-23.95161
OnDrag-->X:30.48389///Y:-26.12903
OnDrag-->X:30.48389///Y:-28.30644
OnDrag-->X:30.48389///Y:-30.48387
OnDrag-->X:32.66125///Y:-32.66129
OnDrag-->X:32.66125///Y:-34.83871
OnDrag-->X:32.66125///Y:-37.01613
OnDrag-->X:32.66125///Y:-39.19354
OnDrag-->X:32.66125///Y:-41.37097
OnDrag-->X:32.66125///Y:-43.54839
OnDrag-->X:32.66125///Y:-47.90323
OnDrag-->X:32.66125///Y:-50.08064
OnDrag-->X:32.66125///Y:-54.43549
OnDrag-->X:32.66125///Y:-56.6129
OnDrag-->X:32.66125///Y:-58.79031
OnDrag-->X:32.66125///Y:-63.14516
OnDrag-->X:32.66125///Y:-67.5
OnDrag-->X:32.66125///Y:-69.67741
OnDrag-->X:32.66125///Y:-71.85484
OnDrag-->X:32.66125///Y:-74.03226
OnDrag-->X:32.66125///Y:-76.20967
OnDrag-->X:32.66125///Y:-78.3871
OnDrag-->X:32.66125///Y:-80.56451
OnDrag-->X:32.66125///Y:-82.74193
OnDrag-->X:32.66125///Y:-84.91936
OnDrag-->X:32.66125///Y:-87.09677
OnDrag-->X:32.66125///Y:-89.27419
OnDrag-->X:32.66125///Y:-91.45161
OnDrag-->X:32.66125///Y:-93.62903
OnDrag-->X:32.66125///Y:-95.80646
OnDrag-->X:32.66125///Y:-97.98387
OnDrag-->X:32.66125///Y:-100.1613
OnDrag-->X:32.66125///Y:-102.3387
OnDrag-->X:32.66125///Y:-104.5161
OnDrag-->X:32.66125///Y:-106.6935
OnDrag-->X:32.66125///Y:-108.871
OnDrag-->X:32.66125///Y:-111.0484
OnDrag-->X:32.66125///Y:-113.2258
OnDrag-->X:32.66125///Y:-115.4032
OnEndDrag
OnInitializePotentialDrag
OnBeginDrag
OnDrag-->X:0///Y:-13.06451
OnDrag-->X:0///Y:-15.24194
OnDrag-->X:0///Y:-21.77423
OnDrag-->X:0///Y:-28.30646
OnDrag-->X:0///Y:-32.66132
OnDrag-->X:0///Y:-39.19354
OnDrag-->X:0///Y:-47.90326
OnDrag-->X:0///Y:-54.43549
OnDrag-->X:0///Y:-63.1452
OnDrag-->X:0///Y:-71.85486
OnDrag-->X:0///Y:-82.74194
OnDrag-->X:0///Y:-91.45166
OnDrag-->X:0///Y:-102.3387
OnDrag-->X:0///Y:-111.0484
OnDrag-->X:0///Y:-119.7581
OnDrag-->X:0///Y:-128.4678
OnDrag-->X:0///Y:-139.3549
OnDrag-->X:0///Y:-148.0645
OnDrag-->X:0///Y:-156.7742
OnDrag-->X:0///Y:-165.4839
OnDrag-->X:0///Y:-172.0161
OnDrag-->X:0///Y:-180.7258
OnDrag-->X:0///Y:-187.2581
OnDrag-->X:0///Y:-195.9678
OnDrag-->X:0///Y:-204.6775
OnDrag-->X:0///Y:-213.3871
OnDrag-->X:0///Y:-222.0968
OnDrag-->X:0///Y:-230.8065
OnDrag-->X:0///Y:-243.871
OnDrag-->X:0///Y:-252.5807
OnDrag-->X:0///Y:-261.2903
OnDrag-->X:0///Y:-267.8226
OnDrag-->X:0///Y:-274.3549
OnDrag-->X:0///Y:-283.0645
OnDrag-->X:0///Y:-287.4194
OnDrag-->X:0///Y:-293.9516
OnDrag-->X:0///Y:-300.4839
OnDrag-->X:0///Y:-302.6613
OnDrag-->X:0///Y:-309.1936
OnDrag-->X:0///Y:-315.7258
OnDrag-->X:0///Y:-317.9033
OnDrag-->X:0///Y:-322.2581
OnDrag-->X:0///Y:-324.4355
OnDrag-->X:0///Y:-326.6129
OnDrag-->X:0///Y:-328.7903
OnDrag-->X:0///Y:-330.9678
OnDrag-->X:0///Y:-333.1452
OnDrag-->X:0///Y:-335.3226
OnDrag-->X:0///Y:-337.5
OnDrag-->X:0///Y:-339.6775
OnDrag-->X:0///Y:-341.8549
OnDrag-->X:0///Y:-344.0323
OnDrag-->X:0///Y:-346.2097
OnDrag-->X:0///Y:-348.3871
OnDrag-->X:2.17749///Y:-350.5645
OnDrag-->X:2.17749///Y:-352.742
OnDrag-->X:2.17749///Y:-354.9194
OnDrag-->X:2.17749///Y:-357.0968
OnDrag-->X:2.17749///Y:-359.2742
OnDrag-->X:2.17749///Y:-363.6291
OnDrag-->X:2.17749///Y:-365.8065
OnDrag-->X:2.17749///Y:-370.1613
OnDrag-->X:4.354858///Y:-372.3387
OnDrag-->X:4.354858///Y:-376.6936
OnDrag-->X:4.354858///Y:-374.5162
OnDrag-->X:4.354858///Y:-370.1613
OnDrag-->X:4.354858///Y:-363.6291
OnDrag-->X:4.354858///Y:-354.9194
OnDrag-->X:4.354858///Y:-344.0323
OnDrag-->X:4.354858///Y:-337.5
OnDrag-->X:0///Y:-330.9678
OnDrag-->X:0///Y:-326.6129
OnDrag-->X:0///Y:-322.2581
OnDrag-->X:0///Y:-315.7258
OnDrag-->X:0///Y:-311.371
OnDrag-->X:0///Y:-304.8387
OnDrag-->X:0///Y:-300.4839
OnDrag-->X:0///Y:-298.3065
OnDrag-->X:0///Y:-296.1291
OnDrag-->X:0///Y:-291.7742
OnDrag-->X:0///Y:-289.5968
OnDrag-->X:0///Y:-285.242
OnDrag-->X:0///Y:-283.0645
OnDrag-->X:0///Y:-278.7097
OnDrag-->X:0///Y:-276.5323
OnDrag-->X:0///Y:-272.1775
OnDrag-->X:0///Y:-270
OnDrag-->X:0///Y:-265.6452
OnDrag-->X:0///Y:-263.4678
OnDrag-->X:0///Y:-261.2903
OnDrag-->X:0///Y:-259.1129
OnDrag-->X:0///Y:-256.9355
OnDrag-->X:0///Y:-254.7581
OnDrag-->X:0///Y:-252.5807
OnDrag-->X:0///Y:-250.4033
OnDrag-->X:0///Y:-248.2258
OnDrag-->X:0///Y:-243.871
OnDrag-->X:0///Y:-241.6936
OnDrag-->X:0///Y:-239.5161
OnDrag-->X:0///Y:-237.3387
OnDrag-->X:0///Y:-232.9839
OnDrag-->X:0///Y:-230.8065
OnDrag-->X:0///Y:-228.6291
OnDrag-->X:0///Y:-226.4516
OnDrag-->X:0///Y:-224.2742
OnDrag-->X:0///Y:-222.0968
OnDrag-->X:0///Y:-219.9194
OnDrag-->X:0///Y:-217.742
OnDrag-->X:0///Y:-215.5645
OnDrag-->X:0///Y:-213.3871
OnDrag-->X:0///Y:-211.2097
OnDrag-->X:0///Y:-209.0323
OnDrag-->X:0///Y:-206.8549
OnDrag-->X:0///Y:-204.6775
OnDrag-->X:0///Y:-202.5
OnDrag-->X:0///Y:-200.3226
OnDrag-->X:0///Y:-198.1452
OnDrag-->X:0///Y:-195.9678
OnDrag-->X:0///Y:-193.7903
OnDrag-->X:0///Y:-191.6129
OnDrag-->X:0///Y:-189.4355
OnDrag-->X:0///Y:-187.2581
OnDrag-->X:0///Y:-185.0807
OnDrag-->X:0///Y:-182.9033
OnDrag-->X:0///Y:-180.7258
OnDrag-->X:0///Y:-178.5484
OnDrag-->X:0///Y:-176.371
OnDrag-->X:0///Y:-174.1936
OnDrag-->X:0///Y:-172.0161
OnDrag-->X:0///Y:-169.8387
OnDrag-->X:0///Y:-167.6613
OnDrag-->X:0///Y:-165.4839
OnDrag-->X:0///Y:-163.3065
OnDrag-->X:0///Y:-161.1291
OnDrag-->X:2.17749///Y:-158.9516
OnDrag-->X:2.17749///Y:-156.7742
OnDrag-->X:2.17749///Y:-154.5968
OnDrag-->X:2.17749///Y:-152.4194
OnDrag-->X:2.17749///Y:-150.2419
OnDrag-->X:2.17749///Y:-148.0645
OnDrag-->X:2.17749///Y:-145.8871
OnDrag-->X:2.17749///Y:-143.7097
OnDrag-->X:2.17749///Y:-141.5323
OnDrag-->X:4.354858///Y:-139.3549
OnDrag-->X:4.354858///Y:-137.1774
OnDrag-->X:4.354858///Y:-135
OnDrag-->X:4.354858///Y:-132.8226
OnDrag-->X:4.354858///Y:-130.6452
OnDrag-->X:6.532227///Y:-128.4678
OnDrag-->X:6.532227///Y:-126.2903
OnDrag-->X:6.532227///Y:-124.1129
OnDrag-->X:6.532227///Y:-121.9355
OnDrag-->X:6.532227///Y:-119.7581
OnDrag-->X:8.709717///Y:-117.5807
OnDrag-->X:8.709717///Y:-115.4033
OnDrag-->X:8.709717///Y:-113.2258
OnDrag-->X:8.709717///Y:-111.0484
OnDrag-->X:8.709717///Y:-108.871
OnDrag-->X:8.709717///Y:-104.5162
OnDrag-->X:8.709717///Y:-102.3387
OnDrag-->X:8.709717///Y:-100.1613
OnDrag-->X:8.709717///Y:-97.98389
OnDrag-->X:8.709717///Y:-95.80646
OnDrag-->X:13.06458///Y:-89.27423
OnDrag-->X:13.06458///Y:-84.91937
OnDrag-->X:13.06458///Y:-80.56451
OnDrag-->X:13.06458///Y:-78.38715
OnDrag-->X:13.06458///Y:-76.20972
OnDrag-->X:13.06458///Y:-74.03229
OnDrag-->X:13.06458///Y:-78.38715
OnDrag-->X:13.06458///Y:-82.74194
OnDrag-->X:13.06458///Y:-91.45166
OnDrag-->X:13.06458///Y:-97.98389
OnDrag-->X:13.06458///Y:-100.1613
OnDrag-->X:13.06458///Y:-106.6935
OnDrag-->X:13.06458///Y:-111.0484
OnDrag-->X:13.06458///Y:-115.4033
OnDrag-->X:13.06458///Y:-121.9355
OnDrag-->X:13.06458///Y:-124.1129
OnDrag-->X:13.06458///Y:-130.6452
OnDrag-->X:13.06458///Y:-132.8226
OnDrag-->X:13.06458///Y:-137.1774
OnDrag-->X:13.06458///Y:-141.5323
OnDrag-->X:13.06458///Y:-148.0645
OnDrag-->X:13.06458///Y:-152.4194
OnDrag-->X:13.06458///Y:-156.7742
OnDrag-->X:13.06458///Y:-163.3065
OnDrag-->X:13.06458///Y:-169.8387
OnDrag-->X:13.06458///Y:-176.371
OnDrag-->X:13.06458///Y:-178.5484
OnDrag-->X:13.06458///Y:-182.9033
OnDrag-->X:13.06458///Y:-185.0807
OnDrag-->X:13.06458///Y:-187.2581
OnDrag-->X:13.06458///Y:-191.6129
OnDrag-->X:13.06458///Y:-193.7903
OnDrag-->X:13.06458///Y:-198.1452
OnDrag-->X:13.06458///Y:-200.3226
OnDrag-->X:13.06458///Y:-204.6775
OnDrag-->X:13.06458///Y:-209.0323
OnDrag-->X:13.06458///Y:-213.3871
OnDrag-->X:13.06458///Y:-219.9194
OnDrag-->X:13.06458///Y:-222.0968
OnDrag-->X:13.06458///Y:-228.6291
OnDrag-->X:13.06458///Y:-235.1613
OnDrag-->X:13.06458///Y:-243.871
OnDrag-->X:13.06458///Y:-248.2258
OnDrag-->X:13.06458///Y:-252.5807
OnDrag-->X:13.06458///Y:-254.7581
OnDrag-->X:13.06458///Y:-256.9355
OnDrag-->X:13.06458///Y:-259.1129
OnDrag-->X:13.06458///Y:-261.2903
OnDrag-->X:13.06458///Y:-263.4678
OnDrag-->X:13.06458///Y:-265.6452
OnDrag-->X:13.06458///Y:-267.8226
OnDrag-->X:13.06458///Y:-270
OnDrag-->X:13.06458///Y:-274.3549
OnDrag-->X:13.06458///Y:-276.5323
OnDrag-->X:13.06458///Y:-278.7097
OnDrag-->X:13.06458///Y:-283.0645
OnDrag-->X:13.06458///Y:-287.4194
OnDrag-->X:13.06458///Y:-289.5968
OnDrag-->X:13.06458///Y:-293.9516
OnDrag-->X:13.06458///Y:-296.1291
OnDrag-->X:13.06458///Y:-300.4839
OnDrag-->X:15.24194///Y:-302.6613
OnDrag-->X:15.24194///Y:-307.0161
OnDrag-->X:15.24194///Y:-309.1936
OnDrag-->X:15.24194///Y:-313.5484
OnDrag-->X:15.24194///Y:-315.7258
OnDrag-->X:15.24194///Y:-320.0807
OnDrag-->X:15.24194///Y:-322.2581
OnDrag-->X:15.24194///Y:-326.6129
OnDrag-->X:15.24194///Y:-328.7903
OnDrag-->X:15.24194///Y:-330.9678
OnDrag-->X:15.24194///Y:-333.1452
OnDrag-->X:15.24194///Y:-335.3226
OnDrag-->X:15.24194///Y:-337.5
OnDrag-->X:15.24194///Y:-341.8549
OnDrag-->X:15.24194///Y:-346.2097
OnDrag-->X:15.24194///Y:-348.3871
OnDrag-->X:15.24194///Y:-350.5645
OnDrag-->X:15.24194///Y:-352.742
OnDrag-->X:15.24194///Y:-354.9194
OnDrag-->X:15.24194///Y:-357.0968
OnDrag-->X:15.24194///Y:-359.2742
OnDrag-->X:15.24194///Y:-361.4516
OnDrag-->X:15.24194///Y:-363.6291
OnDrag-->X:15.24194///Y:-367.9839
OnDrag-->X:15.24194///Y:-370.1613
OnDrag-->X:15.24194///Y:-372.3387
OnDrag-->X:15.24194///Y:-376.6936
OnDrag-->X:15.24194///Y:-378.871
OnDrag-->X:15.24194///Y:-381.0484
OnDrag-->X:15.24194///Y:-385.4033
OnDrag-->X:15.24194///Y:-387.5807
OnDrag-->X:15.24194///Y:-389.7581
OnDrag-->X:15.24194///Y:-391.9355
OnDrag-->X:15.24194///Y:-394.1129
OnDrag-->X:15.24194///Y:-396.2904
OnDrag-->X:15.24194///Y:-400.6452
OnDrag-->X:15.24194///Y:-402.8226
OnDrag-->X:15.24194///Y:-405.0001
OnDrag-->X:17.41943///Y:-409.3549
OnDrag-->X:17.41943///Y:-413.7097
OnDrag-->X:17.41943///Y:-415.8871
OnDrag-->X:19.5968///Y:-418.0646
OnDrag-->X:19.5968///Y:-420.242
OnDrag-->X:19.5968///Y:-422.4194
OnDrag-->X:19.5968///Y:-424.5968
OnDrag-->X:19.5968///Y:-426.7742
OnDrag-->X:19.5968///Y:-428.9517
OnDrag-->X:19.5968///Y:-431.1291
OnDrag-->X:19.5968///Y:-433.3065
OnDrag-->X:19.5968///Y:-435.4839
OnDrag-->X:21.77417///Y:-437.6613
OnDrag-->X:21.77417///Y:-439.8387
OnDrag-->X:21.77417///Y:-442.0162
OnDrag-->X:21.77417///Y:-444.1936
OnEndDrag
OnInitializePotentialDrag
OnBeginDrag
OnDrag-->X:0///Y:10.88708
OnDrag-->X:0///Y:15.24194
OnDrag-->X:0///Y:19.59677
OnDrag-->X:0///Y:21.7742
OnDrag-->X:0///Y:28.30646
OnDrag-->X:0///Y:32.66129
OnDrag-->X:0///Y:37.01611
OnDrag-->X:0///Y:43.54837
OnDrag-->X:0///Y:50.08066
OnDrag-->X:0///Y:54.43549
OnDrag-->X:0///Y:60.96774
OnDrag-->X:0///Y:67.5
OnDrag-->X:0///Y:74.03226
OnDrag-->X:0///Y:80.56451
OnDrag-->X:0///Y:84.91934
OnDrag-->X:0///Y:93.62903
OnDrag-->X:0///Y:95.80646
OnDrag-->X:0///Y:102.3387
OnDrag-->X:0///Y:106.6935
OnDrag-->X:0///Y:108.871
OnDrag-->X:0///Y:115.4032
OnDrag-->X:0///Y:117.5807
OnDrag-->X:0///Y:121.9355
OnDrag-->X:0///Y:124.1129
OnDrag-->X:0///Y:130.6452
OnDrag-->X:0///Y:132.8226
OnDrag-->X:0///Y:137.1774
OnDrag-->X:0///Y:141.5323
OnDrag-->X:0///Y:145.8871
OnDrag-->X:0///Y:148.0645
OnDrag-->X:0///Y:150.2419
OnDrag-->X:0///Y:154.5968
OnDrag-->X:0///Y:158.9516
OnDrag-->X:0///Y:163.3064
OnDrag-->X:0///Y:167.6613
OnDrag-->X:0///Y:172.0161
OnDrag-->X:0///Y:174.1936
OnDrag-->X:0///Y:178.5484
OnDrag-->X:0///Y:180.7258
OnDrag-->X:0///Y:182.9032
OnDrag-->X:0///Y:185.0807
OnDrag-->X:0///Y:187.2581
OnDrag-->X:0///Y:189.4355
OnDrag-->X:0///Y:193.7903
OnDrag-->X:0///Y:195.9677
OnDrag-->X:0///Y:200.3226
OnDrag-->X:0///Y:202.5
OnDrag-->X:0///Y:206.8548
OnDrag-->X:0///Y:209.0323
OnDrag-->X:0///Y:211.2097
OnDrag-->X:0///Y:215.5645
OnDrag-->X:0///Y:217.7419
OnDrag-->X:0///Y:222.0968
OnDrag-->X:0///Y:224.2742
OnDrag-->X:0///Y:228.6291
OnDrag-->X:0///Y:230.8064
OnDrag-->X:0///Y:235.1613
OnDrag-->X:0///Y:239.5161
OnDrag-->X:0///Y:243.871
OnDrag-->X:0///Y:248.2258
OnDrag-->X:0///Y:250.4032
OnDrag-->X:0///Y:252.5807
OnDrag-->X:0///Y:254.7581
OnDrag-->X:0///Y:256.9355
OnDrag-->X:0///Y:259.1129
OnDrag-->X:0///Y:261.2903
OnDrag-->X:0///Y:263.4677
OnDrag-->X:0///Y:265.6452
OnDrag-->X:0///Y:270
OnDrag-->X:0///Y:274.3548
OnDrag-->X:0///Y:278.7097
OnDrag-->X:0///Y:283.0645
OnDrag-->X:0///Y:287.4193
OnDrag-->X:0///Y:289.5968
OnDrag-->X:2.177368///Y:293.9516
OnDrag-->X:2.177368///Y:296.1291
OnDrag-->X:2.177368///Y:298.3065
OnDrag-->X:2.177368///Y:302.6613
OnDrag-->X:6.532227///Y:309.1936
OnDrag-->X:8.709595///Y:313.5484
OnDrag-->X:8.709595///Y:320.0807
OnDrag-->X:10.88708///Y:324.4355
OnDrag-->X:10.88708///Y:330.9677
OnDrag-->X:17.41931///Y:337.5
OnDrag-->X:17.41931///Y:341.8548
OnDrag-->X:17.41931///Y:346.2097
OnDrag-->X:17.41931///Y:348.3871
OnDrag-->X:19.59668///Y:352.742
OnDrag-->X:19.59668///Y:354.9193
OnDrag-->X:19.59668///Y:359.2742
OnDrag-->X:19.59668///Y:361.4516
OnDrag-->X:19.59668///Y:363.6291
OnDrag-->X:21.77417///Y:367.9839
OnDrag-->X:21.77417///Y:372.3387
OnDrag-->X:21.77417///Y:374.5161
OnDrag-->X:23.95154///Y:381.0484
OnDrag-->X:23.95154///Y:383.2258
OnDrag-->X:23.95154///Y:387.5807
OnDrag-->X:23.95154///Y:389.7581
OnDrag-->X:26.12903///Y:389.7581
OnDrag-->X:26.12903///Y:391.9355
OnDrag-->X:26.12903///Y:394.1129
OnDrag-->X:26.12903///Y:396.2903
OnDrag-->X:26.12903///Y:398.4677
OnDrag-->X:26.12903///Y:400.6452
OnDrag-->X:26.12903///Y:402.8226
OnDrag-->X:26.12903///Y:405
OnDrag-->X:26.12903///Y:407.1775
OnDrag-->X:26.12903///Y:409.3548
OnDrag-->X:28.3064///Y:411.5323
OnDrag-->X:28.3064///Y:413.7097
OnDrag-->X:28.3064///Y:415.8871
OnDrag-->X:30.48376///Y:418.0645
OnDrag-->X:30.48376///Y:420.242
OnDrag-->X:30.48376///Y:422.4193
OnDrag-->X:30.48376///Y:424.5968
OnDrag-->X:30.48376///Y:426.7742
OnDrag-->X:32.66125///Y:428.9516
OnDrag-->X:32.66125///Y:431.1291
OnDrag-->X:32.66125///Y:435.4839
OnDrag-->X:32.66125///Y:439.8387
OnDrag-->X:34.83862///Y:446.371
OnDrag-->X:37.01611///Y:446.371
OnDrag-->X:37.01611///Y:448.5484
OnDrag-->X:37.01611///Y:450.7258
OnDrag-->X:37.01611///Y:455.0807
OnDrag-->X:39.19348///Y:457.2581
OnDrag-->X:39.19348///Y:461.6129
OnDrag-->X:39.19348///Y:463.7903
OnDrag-->X:39.19348///Y:465.9677
OnDrag-->X:43.54834///Y:472.5
OnDrag-->X:45.72571///Y:476.8548
OnDrag-->X:45.72571///Y:481.2097
OnDrag-->X:45.72571///Y:485.5645
OnDrag-->X:47.9032///Y:487.742
OnDrag-->X:47.9032///Y:489.9193
OnDrag-->X:47.9032///Y:492.0968
OnDrag-->X:50.08057///Y:496.4516
OnDrag-->X:50.08057///Y:500.8065
OnDrag-->X:52.25806///Y:507.3387
OnDrag-->X:54.43542///Y:509.5161
OnDrag-->X:54.43542///Y:516.0483
OnDrag-->X:54.43542///Y:520.4032
OnDrag-->X:56.61279///Y:524.7581
OnDrag-->X:56.61279///Y:531.2903
OnDrag-->X:56.61279///Y:535.6451
OnDrag-->X:58.79028///Y:542.1775
OnDrag-->X:58.79028///Y:544.3549
OnDrag-->X:58.79028///Y:548.7097
OnDrag-->X:60.96765///Y:555.2419
OnDrag-->X:60.96765///Y:557.4193
OnDrag-->X:63.14514///Y:563.9517
OnDrag-->X:63.14514///Y:566.129
OnDrag-->X:63.14514///Y:570.4839
OnDrag-->X:63.14514///Y:577.0161
OnDrag-->X:63.14514///Y:581.371
OnDrag-->X:63.14514///Y:587.9032
OnDrag-->X:67.5///Y:594.4355
OnDrag-->X:67.5///Y:596.6129
OnDrag-->X:67.5///Y:603.1451
OnDrag-->X:67.5///Y:609.6775
OnDrag-->X:69.67737///Y:614.0322
OnDrag-->X:69.67737///Y:620.5646
OnDrag-->X:69.67737///Y:622.7419
OnDrag-->X:69.67737///Y:627.0968
OnDrag-->X:71.85474///Y:633.629
OnDrag-->X:71.85474///Y:635.8065
OnDrag-->X:71.85474///Y:642.3387
OnDrag-->X:71.85474///Y:648.871
OnDrag-->X:76.20959///Y:653.2258
OnDrag-->X:76.20959///Y:659.7581
OnDrag-->X:76.20959///Y:666.2904
OnDrag-->X:76.20959///Y:668.4678
OnDrag-->X:76.20959///Y:675
OnDrag-->X:78.38708///Y:681.5323
OnDrag-->X:78.38708///Y:683.7097
OnDrag-->X:80.56445///Y:692.4194
OnDrag-->X:80.56445///Y:696.7743
OnDrag-->X:80.56445///Y:701.129
OnDrag-->X:80.56445///Y:707.6614
OnDrag-->X:82.74182///Y:712.0162
OnDrag-->X:82.74182///Y:716.371
OnDrag-->X:84.91931///Y:722.9033
OnDrag-->X:84.91931///Y:725.0807
OnDrag-->X:84.91931///Y:729.4355
OnDrag-->X:84.91931///Y:731.6129
OnDrag-->X:84.91931///Y:735.9678
OnDrag-->X:87.09668///Y:738.1453
OnDrag-->X:87.09668///Y:740.3226
OnDrag-->X:87.09668///Y:742.5
OnDrag-->X:87.09668///Y:746.8549
OnDrag-->X:87.09668///Y:749.0323
OnDrag-->X:87.09668///Y:751.2097
OnDrag-->X:87.09668///Y:753.3872
OnDrag-->X:87.09668///Y:757.7419
OnDrag-->X:87.09668///Y:759.9194
OnDrag-->X:87.09668///Y:764.2743
OnDrag-->X:87.09668///Y:766.4517
OnDrag-->X:87.09668///Y:772.9839
OnDrag-->X:87.09668///Y:775.1614
OnDrag-->X:87.09668///Y:779.5162
OnDrag-->X:91.45154///Y:783.871
OnDrag-->X:91.45154///Y:786.0485
OnDrag-->X:91.45154///Y:788.2258
OnDrag-->X:91.45154///Y:792.5807
OnDrag-->X:91.45154///Y:794.7581
OnDrag-->X:91.45154///Y:792.5807
OnDrag-->X:91.45154///Y:788.2258
OnDrag-->X:91.45154///Y:781.6936
OnDrag-->X:91.45154///Y:777.3387
OnDrag-->X:91.45154///Y:772.9839
OnDrag-->X:91.45154///Y:766.4517
OnDrag-->X:91.45154///Y:762.0968
OnDrag-->X:89.27417///Y:759.9194
OnDrag-->X:89.27417///Y:757.7419
OnDrag-->X:89.27417///Y:751.2097
OnDrag-->X:89.27417///Y:746.8549
OnDrag-->X:89.27417///Y:742.5
OnDrag-->X:89.27417///Y:740.3226
OnDrag-->X:89.27417///Y:738.1453
OnDrag-->X:87.09668///Y:733.7904
OnDrag-->X:84.91931///Y:731.6129
OnDrag-->X:84.91931///Y:729.4355
OnDrag-->X:84.91931///Y:727.2581
OnDrag-->X:84.91931///Y:725.0807
OnDrag-->X:84.91931///Y:720.7258
OnDrag-->X:84.91931///Y:718.5485
OnDrag-->X:84.91931///Y:716.371
OnDrag-->X:84.91931///Y:714.1936
OnDrag-->X:84.91931///Y:712.0162
OnDrag-->X:82.74182///Y:707.6614
OnDrag-->X:82.74182///Y:705.4839
OnDrag-->X:82.74182///Y:703.3065
OnDrag-->X:82.74182///Y:701.129
OnDrag-->X:82.74182///Y:698.9517
OnDrag-->X:82.74182///Y:696.7743
OnDrag-->X:82.74182///Y:692.4194
OnDrag-->X:80.56445///Y:688.0646
OnDrag-->X:80.56445///Y:685.8872
OnDrag-->X:80.56445///Y:683.7097
OnDrag-->X:80.56445///Y:681.5323
OnDrag-->X:80.56445///Y:679.3549
OnDrag-->X:78.38708///Y:677.1775
OnDrag-->X:78.38708///Y:675
OnDrag-->X:78.38708///Y:672.8226
OnDrag-->X:76.20959///Y:668.4678
OnDrag-->X:76.20959///Y:666.2904
OnDrag-->X:76.20959///Y:664.1129
OnDrag-->X:76.20959///Y:661.9355
OnDrag-->X:76.20959///Y:659.7581
OnDrag-->X:76.20959///Y:657.5807
OnDrag-->X:76.20959///Y:653.2258
OnDrag-->X:76.20959///Y:648.871
OnDrag-->X:76.20959///Y:646.6936
OnDrag-->X:74.03223///Y:642.3387
OnDrag-->X:74.03223///Y:640.1613
OnDrag-->X:74.03223///Y:637.9839
OnDrag-->X:74.03223///Y:633.629
OnDrag-->X:74.03223///Y:631.4517
OnDrag-->X:71.85474///Y:627.0968
OnDrag-->X:71.85474///Y:624.9193
OnDrag-->X:71.85474///Y:620.5646
OnDrag-->X:69.67737///Y:618.3871
OnDrag-->X:69.67737///Y:611.8549
OnDrag-->X:67.5///Y:607.5
OnDrag-->X:67.5///Y:605.3226
OnDrag-->X:67.5///Y:603.1451
OnDrag-->X:63.14514///Y:596.6129
OnDrag-->X:63.14514///Y:594.4355
OnDrag-->X:60.96765///Y:590.0807
OnDrag-->X:60.96765///Y:587.9032
OnDrag-->X:60.96765///Y:585.7258
OnDrag-->X:58.79028///Y:579.1936
OnDrag-->X:56.61279///Y:577.0161
OnDrag-->X:56.61279///Y:574.8387
OnDrag-->X:54.43542///Y:570.4839
OnDrag-->X:54.43542///Y:568.3065
OnDrag-->X:52.25806///Y:566.129
OnDrag-->X:52.25806///Y:563.9517
OnDrag-->X:50.08057///Y:559.5968
OnDrag-->X:50.08057///Y:557.4193
OnDrag-->X:47.9032///Y:555.2419
OnDrag-->X:47.9032///Y:553.0646
OnDrag-->X:45.72571///Y:550.8871
OnDrag-->X:45.72571///Y:546.5322
OnDrag-->X:45.72571///Y:544.3549
OnDrag-->X:41.37097///Y:542.1775
OnDrag-->X:41.37097///Y:537.8226
OnDrag-->X:39.19348///Y:535.6451
OnDrag-->X:39.19348///Y:533.4678
OnDrag-->X:37.01611///Y:531.2903
OnDrag-->X:37.01611///Y:529.1129
OnDrag-->X:34.83862///Y:526.9355
OnDrag-->X:34.83862///Y:524.7581
OnDrag-->X:32.66125///Y:522.5807
OnDrag-->X:32.66125///Y:520.4032
OnDrag-->X:32.66125///Y:516.0483
OnDrag-->X:32.66125///Y:513.871
OnDrag-->X:30.48376///Y:509.5161
OnDrag-->X:30.48376///Y:505.1613
OnDrag-->X:28.3064///Y:502.9839
OnDrag-->X:28.3064///Y:498.6291
OnDrag-->X:28.3064///Y:496.4516
OnDrag-->X:28.3064///Y:492.0968
OnDrag-->X:26.12903///Y:489.9193
OnDrag-->X:26.12903///Y:487.742
OnDrag-->X:26.12903///Y:485.5645
OnDrag-->X:26.12903///Y:483.3871
OnDrag-->X:26.12903///Y:481.2097
OnDrag-->X:26.12903///Y:479.0323
OnDrag-->X:23.95154///Y:476.8548
OnDrag-->X:23.95154///Y:472.5
OnDrag-->X:23.95154///Y:468.1452
OnDrag-->X:23.95154///Y:465.9677
OnDrag-->X:23.95154///Y:463.7903
OnDrag-->X:23.95154///Y:461.6129
OnDrag-->X:23.95154///Y:459.4355
OnDrag-->X:23.95154///Y:457.2581
OnDrag-->X:23.95154///Y:455.0807
OnDrag-->X:23.95154///Y:452.9032
OnDrag-->X:23.95154///Y:448.5484
OnDrag-->X:23.95154///Y:446.371
OnDrag-->X:23.95154///Y:444.1936
OnDrag-->X:23.95154///Y:442.0161
OnDrag-->X:23.95154///Y:439.8387
OnDrag-->X:23.95154///Y:437.6613
OnDrag-->X:23.95154///Y:435.4839
OnDrag-->X:23.95154///Y:431.1291
OnDrag-->X:21.77417///Y:428.9516
OnDrag-->X:21.77417///Y:426.7742
OnDrag-->X:21.77417///Y:424.5968
OnDrag-->X:19.59668///Y:424.5968
OnDrag-->X:19.59668///Y:420.242
OnDrag-->X:19.59668///Y:418.0645
OnDrag-->X:19.59668///Y:415.8871
OnDrag-->X:19.59668///Y:411.5323
OnDrag-->X:19.59668///Y:409.3548
OnDrag-->X:19.59668///Y:405
OnDrag-->X:19.59668///Y:402.8226
OnDrag-->X:19.59668///Y:398.4677
OnDrag-->X:17.41931///Y:396.2903
OnDrag-->X:17.41931///Y:391.9355
OnDrag-->X:17.41931///Y:387.5807
OnDrag-->X:17.41931///Y:381.0484
OnDrag-->X:17.41931///Y:376.6936
OnDrag-->X:15.24194///Y:370.1613
OnDrag-->X:13.06445///Y:367.9839
OnDrag-->X:13.06445///Y:365.8065
OnDrag-->X:13.06445///Y:361.4516
OnDrag-->X:13.06445///Y:359.2742
OnDrag-->X:13.06445///Y:357.0968
OnDrag-->X:13.06445///Y:354.9193
OnDrag-->X:13.06445///Y:350.5645
OnDrag-->X:13.06445///Y:346.2097
OnDrag-->X:10.88708///Y:346.2097
OnDrag-->X:10.88708///Y:344.0323
OnDrag-->X:10.88708///Y:339.6774
OnDrag-->X:10.88708///Y:337.5
OnDrag-->X:10.88708///Y:333.1452
OnDrag-->X:10.88708///Y:330.9677
OnDrag-->X:10.88708///Y:326.6129
OnDrag-->X:6.532227///Y:324.4355
OnDrag-->X:6.532227///Y:322.2581
OnDrag-->X:6.532227///Y:320.0807
OnDrag-->X:6.532227///Y:317.9032
OnDrag-->X:6.532227///Y:315.7258
OnDrag-->X:4.354736///Y:311.371
OnDrag-->X:4.354736///Y:309.1936
OnDrag-->X:4.354736///Y:304.8387
OnDrag-->X:4.354736///Y:302.6613
OnDrag-->X:4.354736///Y:300.4839
OnDrag-->X:4.354736///Y:298.3065
OnDrag-->X:4.354736///Y:296.1291
OnDrag-->X:4.354736///Y:293.9516
OnDrag-->X:4.354736///Y:291.7742
OnDrag-->X:2.177368///Y:291.7742
OnDrag-->X:2.177368///Y:289.5968
OnDrag-->X:2.177368///Y:287.4193
OnDrag-->X:2.177368///Y:285.2419
OnDrag-->X:2.177368///Y:283.0645
OnDrag-->X:2.177368///Y:278.7097
OnDrag-->X:0///Y:276.5323
OnDrag-->X:0///Y:272.1774
OnDrag-->X:-2.17749///Y:272.1774
OnDrag-->X:-2.17749///Y:270
OnDrag-->X:-2.17749///Y:267.8226
OnDrag-->X:-2.17749///Y:265.6452
OnDrag-->X:-2.17749///Y:263.4677
OnDrag-->X:-2.17749///Y:259.1129
OnDrag-->X:-2.17749///Y:256.9355
OnDrag-->X:-4.354858///Y:254.7581
OnDrag-->X:-4.354858///Y:252.5807
OnDrag-->X:-4.354858///Y:250.4032
OnDrag-->X:-4.354858///Y:248.2258
OnDrag-->X:-4.354858///Y:246.0484
OnDrag-->X:-4.354858///Y:243.871
OnDrag-->X:-4.354858///Y:239.5161
OnDrag-->X:-6.532349///Y:237.3387
OnDrag-->X:-6.532349///Y:235.1613
OnDrag-->X:-6.532349///Y:232.9839
OnDrag-->X:-6.532349///Y:230.8064
OnDrag-->X:-8.709717///Y:230.8064
OnDrag-->X:-8.709717///Y:228.6291
OnDrag-->X:-8.709717///Y:224.2742
OnDrag-->X:-8.709717///Y:222.0968
OnDrag-->X:-8.709717///Y:217.7419
OnDrag-->X:-8.709717///Y:215.5645
OnDrag-->X:-8.709717///Y:213.3871
OnDrag-->X:-8.709717///Y:211.2097
OnDrag-->X:-10.88708///Y:209.0323
OnDrag-->X:-10.88708///Y:206.8548
OnDrag-->X:-10.88708///Y:204.6774
OnDrag-->X:-10.88708///Y:202.5
OnDrag-->X:-10.88708///Y:200.3226
OnDrag-->X:-10.88708///Y:198.1452
OnDrag-->X:-10.88708///Y:195.9677
OnDrag-->X:-13.06458///Y:195.9677
OnDrag-->X:-13.06458///Y:193.7903
OnDrag-->X:-13.06458///Y:191.6129
OnDrag-->X:-13.06458///Y:189.4355
OnDrag-->X:-13.06458///Y:187.2581
OnDrag-->X:-15.24194///Y:185.0807
OnDrag-->X:-15.24194///Y:182.9032
OnDrag-->X:-15.24194///Y:180.7258
OnDrag-->X:-15.24194///Y:178.5484
OnDrag-->X:-15.24194///Y:174.1936
OnDrag-->X:-15.24194///Y:172.0161
OnDrag-->X:-15.24194///Y:169.8387
OnDrag-->X:-15.24194///Y:167.6613
OnDrag-->X:-15.24194///Y:165.4839
OnDrag-->X:-15.24194///Y:163.3064
OnDrag-->X:-15.24194///Y:161.1291
OnDrag-->X:-15.24194///Y:158.9516
OnDrag-->X:-15.24194///Y:156.7742
OnDrag-->X:-15.24194///Y:154.5968
OnDrag-->X:-17.41943///Y:152.4193
OnDrag-->X:-17.41943///Y:150.2419
OnDrag-->X:-17.41943///Y:148.0645
OnDrag-->X:-17.41943///Y:145.8871
OnDrag-->X:-17.41943///Y:143.7097
OnDrag-->X:-17.41943///Y:141.5323
OnDrag-->X:-17.41943///Y:139.3548
OnDrag-->X:-17.41943///Y:137.1774
OnDrag-->X:-17.41943///Y:135
OnDrag-->X:-17.41943///Y:130.6452
OnDrag-->X:-17.41943///Y:128.4677
OnDrag-->X:-17.41943///Y:124.1129
OnDrag-->X:-17.41943///Y:121.9355
OnDrag-->X:-19.5968///Y:119.7581
OnDrag-->X:-19.5968///Y:117.5807
OnDrag-->X:-19.5968///Y:115.4032
OnDrag-->X:-19.5968///Y:111.0484
OnDrag-->X:-19.5968///Y:108.871
OnDrag-->X:-19.5968///Y:104.5161
OnDrag-->X:-19.5968///Y:102.3387
OnDrag-->X:-19.5968///Y:100.1613
OnDrag-->X:-19.5968///Y:97.98386
OnDrag-->X:-19.5968///Y:95.80646
OnDrag-->X:-21.77429///Y:95.80646
OnDrag-->X:-21.77429///Y:91.4516
OnDrag-->X:-21.77429///Y:89.2742
OnDrag-->X:-21.77429///Y:87.09677
OnDrag-->X:-21.77429///Y:84.91934
OnDrag-->X:-21.77429///Y:82.74194
OnDrag-->X:-21.77429///Y:78.38708
OnDrag-->X:-21.77429///Y:76.20969
OnDrag-->X:-21.77429///Y:74.03226
OnDrag-->X:-21.77429///Y:71.85483
OnDrag-->X:-21.77429///Y:69.67743
OnDrag-->X:-21.77429///Y:67.5
OnDrag-->X:-21.77429///Y:63.14517
OnDrag-->X:-21.77429///Y:58.79031
OnDrag-->X:-21.77429///Y:54.43549
OnDrag-->X:-21.77429///Y:52.25806
OnDrag-->X:-21.77429///Y:50.08066
OnDrag-->X:-21.77429///Y:45.7258
OnDrag-->X:-21.77429///Y:41.37097
OnDrag-->X:-21.77429///Y:37.01611
OnDrag-->X:-21.77429///Y:32.66129
OnDrag-->X:-21.77429///Y:28.30646
OnDrag-->X:-21.77429///Y:26.12903
OnDrag-->X:-21.77429///Y:19.59677
OnDrag-->X:-21.77429///Y:13.06451
OnDrag-->X:-21.77429///Y:10.88708
OnDrag-->X:-21.77429///Y:4.354828
OnDrag-->X:-21.77429///Y:-2.177429
OnDrag-->X:-21.77429///Y:-6.532257
OnDrag-->X:-21.77429///Y:-13.06451
OnDrag-->X:-21.77429///Y:-19.59677
OnDrag-->X:-21.77429///Y:-26.12903
OnDrag-->X:-21.77429///Y:-28.30646
OnDrag-->X:-21.77429///Y:-32.66129
OnDrag-->X:-21.77429///Y:-37.01614
OnDrag-->X:-21.77429///Y:-41.37097
OnDrag-->X:-21.77429///Y:-45.7258
OnDrag-->X:-21.77429///Y:-52.25806
OnDrag-->X:-21.77429///Y:-56.61292
OnDrag-->X:-21.77429///Y:-60.96774
OnDrag-->X:-21.77429///Y:-65.32257
OnDrag-->X:-21.77429///Y:-67.5
OnDrag-->X:-21.77429///Y:-74.03226
OnDrag-->X:-23.95166///Y:-78.38712
OnDrag-->X:-23.95166///Y:-80.56451
OnDrag-->X:-23.95166///Y:-82.74194
OnDrag-->X:-23.95166///Y:-84.91937
OnDrag-->X:-23.95166///Y:-87.09677
OnDrag-->X:-23.95166///Y:-89.2742
OnDrag-->X:-23.95166///Y:-91.45163
OnDrag-->X:-23.95166///Y:-93.62903
OnDrag-->X:-23.95166///Y:-95.80649
OnDrag-->X:-23.95166///Y:-97.98389
OnDrag-->X:-23.95166///Y:-100.1613
OnDrag-->X:-23.95166///Y:-102.3387
OnDrag-->X:-23.95166///Y:-104.5161
OnDrag-->X:-28.30652///Y:-108.871
OnDrag-->X:-28.30652///Y:-115.4033
OnDrag-->X:-28.30652///Y:-117.5807
OnDrag-->X:-28.30652///Y:-121.9355
OnDrag-->X:-28.30652///Y:-124.1129
OnDrag-->X:-28.30652///Y:-126.2903
OnDrag-->X:-30.48389///Y:-130.6452
OnDrag-->X:-30.48389///Y:-135
OnDrag-->X:-30.48389///Y:-137.1774
OnDrag-->X:-30.48389///Y:-139.3549
OnDrag-->X:-30.48389///Y:-143.7097
OnDrag-->X:-30.48389///Y:-145.8871
OnDrag-->X:-30.48389///Y:-150.242
OnDrag-->X:-32.66138///Y:-154.5968
OnDrag-->X:-34.83875///Y:-156.7742
OnDrag-->X:-34.83875///Y:-161.1291
OnDrag-->X:-34.83875///Y:-163.3065
OnDrag-->X:-34.83875///Y:-167.6613
OnDrag-->X:-34.83875///Y:-169.8387
OnDrag-->X:-34.83875///Y:-174.1936
OnDrag-->X:-37.01611///Y:-174.1936
OnDrag-->X:-37.01611///Y:-176.371
OnDrag-->X:-37.01611///Y:-180.7258
OnDrag-->X:-37.01611///Y:-182.9032
OnDrag-->X:-37.01611///Y:-185.0807
OnDrag-->X:-37.01611///Y:-187.2581
OnDrag-->X:-37.01611///Y:-189.4355
OnDrag-->X:-37.01611///Y:-187.2581
OnDrag-->X:-37.01611///Y:-185.0807
OnDrag-->X:-34.83875///Y:-180.7258
OnDrag-->X:-34.83875///Y:-176.371
OnDrag-->X:-34.83875///Y:-174.1936
OnDrag-->X:-34.83875///Y:-172.0162
OnDrag-->X:-32.66138///Y:-169.8387
OnDrag-->X:-32.66138///Y:-167.6613
OnDrag-->X:-32.66138///Y:-165.4839
OnDrag-->X:-32.66138///Y:-163.3065
OnDrag-->X:-32.66138///Y:-161.1291
OnDrag-->X:-32.66138///Y:-156.7742
OnDrag-->X:-32.66138///Y:-154.5968
OnDrag-->X:-28.30652///Y:-152.4194
OnDrag-->X:-28.30652///Y:-150.242
OnDrag-->X:-28.30652///Y:-148.0645
OnDrag-->X:-28.30652///Y:-145.8871
OnDrag-->X:-28.30652///Y:-143.7097
OnDrag-->X:-28.30652///Y:-141.5323
OnDrag-->X:-28.30652///Y:-139.3549
OnDrag-->X:-28.30652///Y:-137.1774
OnDrag-->X:-28.30652///Y:-135
OnDrag-->X:-28.30652///Y:-132.8226
OnDrag-->X:-26.12903///Y:-128.4678
OnDrag-->X:-26.12903///Y:-124.1129
OnDrag-->X:-26.12903///Y:-121.9355
OnDrag-->X:-26.12903///Y:-119.7581
OnDrag-->X:-26.12903///Y:-117.5807
OnDrag-->X:-23.95166///Y:-115.4033
OnDrag-->X:-23.95166///Y:-113.2258
OnDrag-->X:-23.95166///Y:-111.0484
OnDrag-->X:-21.77429///Y:-106.6936
OnDrag-->X:-21.77429///Y:-104.5161
OnDrag-->X:-21.77429///Y:-102.3387
OnDrag-->X:-21.77429///Y:-100.1613
OnDrag-->X:-21.77429///Y:-97.98389
OnDrag-->X:-21.77429///Y:-93.62903
OnDrag-->X:-21.77429///Y:-91.45163
OnDrag-->X:-21.77429///Y:-89.2742
OnDrag-->X:-21.77429///Y:-87.09677
OnDrag-->X:-21.77429///Y:-84.91937
OnDrag-->X:-19.5968///Y:-82.74194
OnDrag-->X:-19.5968///Y:-80.56451
OnDrag-->X:-19.5968///Y:-78.38712
OnDrag-->X:-19.5968///Y:-76.20969
OnDrag-->X:-19.5968///Y:-74.03226
OnDrag-->X:-17.41943///Y:-71.85486
OnDrag-->X:-17.41943///Y:-69.67743
OnDrag-->X:-17.41943///Y:-67.5
OnDrag-->X:-17.41943///Y:-63.14517
OnDrag-->X:-17.41943///Y:-60.96774
OnDrag-->X:-15.24194///Y:-58.79031
OnDrag-->X:-15.24194///Y:-56.61292
OnDrag-->X:-15.24194///Y:-54.43549
OnDrag-->X:-15.24194///Y:-52.25806
OnDrag-->X:-15.24194///Y:-50.08066
OnDrag-->X:-15.24194///Y:-47.90323
OnDrag-->X:-15.24194///Y:-45.7258
OnDrag-->X:-15.24194///Y:-43.5484
OnDrag-->X:-15.24194///Y:-41.37097
OnDrag-->X:-13.06458///Y:-41.37097
OnDrag-->X:-13.06458///Y:-39.19354
OnDrag-->X:-10.88708///Y:-37.01614
OnDrag-->X:-8.709717///Y:-34.83871
OnDrag-->X:-8.709717///Y:-32.66129
OnDrag-->X:-8.709717///Y:-30.48389
OnDrag-->X:-8.709717///Y:-26.12903
OnDrag-->X:-8.709717///Y:-23.95163
OnDrag-->X:-8.709717///Y:-19.59677
OnDrag-->X:-6.532349///Y:-15.24194
OnDrag-->X:-6.532349///Y:-13.06451
OnDrag-->X:-6.532349///Y:-10.88708
OnDrag-->X:-6.532349///Y:-6.532257
OnDrag-->X:-4.354858///Y:-4.354828
OnDrag-->X:-4.354858///Y:-2.177429
OnDrag-->X:-4.354858///Y:0
OnDrag-->X:-4.354858///Y:4.354828
OnDrag-->X:-4.354858///Y:6.532257
OnDrag-->X:-2.17749///Y:10.88708
OnDrag-->X:-2.17749///Y:13.06451
OnDrag-->X:-2.17749///Y:15.24194
OnDrag-->X:-2.17749///Y:17.41934
OnDrag-->X:0///Y:19.59677
OnDrag-->X:0///Y:21.7742
OnDrag-->X:0///Y:23.9516
OnDrag-->X:0///Y:26.12903
OnDrag-->X:0///Y:28.30646
OnDrag-->X:0///Y:32.66129
OnDrag-->X:0///Y:34.83871
OnDrag-->X:0///Y:39.19354
OnDrag-->X:0///Y:41.37097
OnDrag-->X:2.177368///Y:41.37097
OnDrag-->X:2.177368///Y:45.7258
OnDrag-->X:2.177368///Y:47.90323
OnDrag-->X:2.177368///Y:50.08066
OnDrag-->X:2.177368///Y:52.25806
OnDrag-->X:2.177368///Y:54.43549
OnDrag-->X:4.354736///Y:56.61292
OnDrag-->X:4.354736///Y:58.79031
OnDrag-->X:4.354736///Y:60.96774
OnDrag-->X:6.532227///Y:65.32257
OnDrag-->X:6.532227///Y:67.5
OnDrag-->X:6.532227///Y:69.67743
OnDrag-->X:6.532227///Y:71.85483
OnDrag-->X:6.532227///Y:74.03226
OnDrag-->X:6.532227///Y:78.38708
OnDrag-->X:6.532227///Y:80.56451
OnDrag-->X:6.532227///Y:82.74194
OnDrag-->X:6.532227///Y:84.91934
OnDrag-->X:8.709595///Y:87.09677
OnDrag-->X:8.709595///Y:89.2742
OnDrag-->X:10.88708///Y:95.80646
OnDrag-->X:10.88708///Y:97.98386
OnDrag-->X:13.06445///Y:100.1613
OnDrag-->X:13.06445///Y:102.3387
OnDrag-->X:13.06445///Y:104.5161
OnDrag-->X:15.24194///Y:104.5161
OnDrag-->X:15.24194///Y:106.6935
OnDrag-->X:15.24194///Y:108.871
OnDrag-->X:15.24194///Y:111.0484
OnDrag-->X:15.24194///Y:113.2258
OnEndDrag
