*********************************************************************************************************start
By DESKTOP-FABB9DR
2024年6月25日  20:19:38

操作系统:  Windows 10  (10.0.19045) 64bit
系统内存大小:  32689
设备模型:  B450M K (Gigabyte Technology Co., Ltd.)
设备唯一标识符:  c285453562f43acbf38d3cb4bd3948b544d677d3
处理器数量:  12
处理器类型:  AMD Ryzen 5 5600 6-Core Processor 
显卡标识符:  8584
显卡名称:  NVIDIA GeForce GTX 1650
显卡标识符:  4318
显卡厂商:  NVIDIA
显卡版本:  Direct3D 11.0 [level 11.1]
显存大小:  3949
显卡着色器级别:  50
是否图像效果:  True
是否支持内置阴影:  True
*********************************************************************************************************end
LogInfo:

OnInitializePotentialDrag
OnBeginDrag
OnDrag-->X:0///Y:10.88712
OnDrag-->X:2.177429///Y:13.06451
OnDrag-->X:2.177429///Y:15.24194
OnDrag-->X:2.177429///Y:17.41937
OnDrag-->X:2.177429///Y:19.59677
OnDrag-->X:2.177429///Y:21.7742
OnDrag-->X:2.177429///Y:23.95163
OnDrag-->X:2.177429///Y:28.30646
OnDrag-->X:2.177429///Y:30.48389
OnDrag-->X:2.177429///Y:32.66129
OnDrag-->X:2.177429///Y:34.83871
OnDrag-->X:2.177429///Y:37.01614
OnDrag-->X:2.177429///Y:39.19354
OnDrag-->X:2.177429///Y:41.37097
OnDrag-->X:2.177429///Y:43.5484
OnDrag-->X:2.177429///Y:45.72583
OnDrag-->X:2.177429///Y:47.90323
OnDrag-->X:2.177429///Y:52.25809
OnDrag-->X:2.177429///Y:56.61292
OnDrag-->X:2.177429///Y:58.79034
OnDrag-->X:2.177429///Y:60.96774
OnDrag-->X:2.177429///Y:63.14517
OnDrag-->X:2.177429///Y:65.3226
OnDrag-->X:2.177429///Y:69.67743
OnDrag-->X:2.177429///Y:71.85486
OnDrag-->X:4.354858///Y:71.85486
OnDrag-->X:4.354858///Y:76.20969
OnDrag-->X:4.354858///Y:78.38712
OnDrag-->X:6.532288///Y:82.74194
OnDrag-->X:6.532288///Y:87.0968
OnDrag-->X:6.532288///Y:89.27423
OnDrag-->X:8.709717///Y:93.62903
OnDrag-->X:8.709717///Y:95.80646
OnDrag-->X:8.709717///Y:97.98389
OnDrag-->X:8.709717///Y:100.1613
OnDrag-->X:8.709717///Y:102.3387
OnDrag-->X:10.88715///Y:104.5161
OnDrag-->X:10.88715///Y:106.6935
OnDrag-->X:10.88715///Y:111.0484
OnDrag-->X:10.88715///Y:113.2258
OnDrag-->X:10.88715///Y:117.5806
OnDrag-->X:15.24194///Y:119.7581
OnDrag-->X:15.24194///Y:124.1129
OnDrag-->X:15.24194///Y:126.2903
OnDrag-->X:15.24194///Y:128.4678
OnDrag-->X:15.24194///Y:130.6452
OnDrag-->X:17.41937///Y:132.8226
OnDrag-->X:17.41937///Y:135
OnDrag-->X:19.5968///Y:139.3549
OnDrag-->X:21.77423///Y:143.7097
OnDrag-->X:21.77423///Y:145.8871
OnDrag-->X:21.77423///Y:148.0645
OnDrag-->X:23.95166///Y:148.0645
OnDrag-->X:23.95166///Y:150.2419
OnDrag-->X:23.95166///Y:154.5968
OnDrag-->X:23.95166///Y:156.7742
OnDrag-->X:26.12903///Y:158.9516
OnDrag-->X:26.12903///Y:161.129
OnDrag-->X:28.30646///Y:167.6613
OnDrag-->X:30.48389///Y:167.6613
OnDrag-->X:30.48389///Y:172.0161
OnDrag-->X:30.48389///Y:174.1935
OnDrag-->X:32.66132///Y:180.7258
OnDrag-->X:32.66132///Y:182.9033
OnDrag-->X:37.01617///Y:187.2581
OnDrag-->X:37.01617///Y:193.7903
OnDrag-->X:37.01617///Y:195.9678
OnDrag-->X:39.19354///Y:195.9678
OnDrag-->X:39.19354///Y:200.3226
OnDrag-->X:39.19354///Y:204.6774
OnDrag-->X:41.37097///Y:209.0323
OnDrag-->X:43.5484///Y:213.3871
OnDrag-->X:43.5484///Y:215.5645
OnDrag-->X:45.72583///Y:222.0968
OnDrag-->X:45.72583///Y:224.2742
OnDrag-->X:45.72583///Y:226.4516
OnDrag-->X:45.72583///Y:230.8065
OnDrag-->X:47.90326///Y:230.8065
OnDrag-->X:47.90326///Y:232.9839
OnDrag-->X:47.90326///Y:237.3387
OnDrag-->X:50.08069///Y:239.5162
OnDrag-->X:50.08069///Y:241.6935
OnDrag-->X:52.25806///Y:241.6935
OnDrag-->X:52.25806///Y:243.871
OnDrag-->X:52.25806///Y:246.0484
OnDrag-->X:52.25806///Y:250.4033
OnDrag-->X:54.43549///Y:250.4033
OnDrag-->X:54.43549///Y:254.7581
OnDrag-->X:54.43549///Y:256.9355
OnDrag-->X:54.43549///Y:259.1129
OnDrag-->X:54.43549///Y:261.2903
OnDrag-->X:54.43549///Y:263.4678
OnDrag-->X:54.43549///Y:265.6452
OnDrag-->X:54.43549///Y:272.1774
OnDrag-->X:54.43549///Y:274.3549
OnDrag-->X:58.79034///Y:278.7097
OnDrag-->X:58.79034///Y:280.8871
OnDrag-->X:58.79034///Y:287.4194
OnDrag-->X:58.79034///Y:289.5968
OnDrag-->X:58.79034///Y:293.9517
OnDrag-->X:58.79034///Y:298.3065
OnDrag-->X:60.96777///Y:302.6613
OnDrag-->X:60.96777///Y:304.8387
OnDrag-->X:60.96777///Y:309.1935
OnDrag-->X:60.96777///Y:313.5484
OnDrag-->X:63.1452///Y:315.7258
OnDrag-->X:63.1452///Y:317.9033
OnDrag-->X:63.1452///Y:322.2581
OnDrag-->X:63.1452///Y:326.6129
OnDrag-->X:65.32257///Y:330.9678
OnDrag-->X:65.32257///Y:333.1452
OnDrag-->X:65.32257///Y:335.3226
OnDrag-->X:65.32257///Y:337.5
OnDrag-->X:67.5///Y:339.6774
OnDrag-->X:67.5///Y:341.8549
OnDrag-->X:67.5///Y:344.0323
OnDrag-->X:67.5///Y:346.2097
OnDrag-->X:67.5///Y:348.3871
OnDrag-->X:67.5///Y:350.5645
OnDrag-->X:67.5///Y:352.7419
OnDrag-->X:67.5///Y:354.9194
OnDrag-->X:67.5///Y:359.2742
OnDrag-->X:67.5///Y:363.629
OnDrag-->X:67.5///Y:365.8065
OnDrag-->X:67.5///Y:367.9839
OnDrag-->X:67.5///Y:370.1613
OnDrag-->X:67.5///Y:372.3387
OnDrag-->X:67.5///Y:374.5162
OnDrag-->X:67.5///Y:376.6935
OnDrag-->X:67.5///Y:378.871
OnDrag-->X:69.67743///Y:378.871
OnDrag-->X:69.67743///Y:381.0484
OnDrag-->X:69.67743///Y:383.2258
OnDrag-->X:69.67743///Y:385.4033
OnDrag-->X:69.67743///Y:387.5807
OnDrag-->X:71.85486///Y:389.7581
OnDrag-->X:71.85486///Y:391.9355
OnDrag-->X:71.85486///Y:394.1129
OnDrag-->X:71.85486///Y:396.2903
OnDrag-->X:71.85486///Y:398.4678
OnDrag-->X:74.03229///Y:400.6452
OnEndDrag
OnInitializePotentialDrag
OnBeginDrag
OnDrag-->X:0///Y:-13.06451
OnDrag-->X:0///Y:-19.5968
OnDrag-->X:0///Y:-28.30646
OnDrag-->X:0///Y:-41.37097
OnDrag-->X:0///Y:-52.25806
OnDrag-->X:0///Y:-63.14514
OnDrag-->X:0///Y:-76.20966
OnDrag-->X:0///Y:-91.4516
OnDrag-->X:0///Y:-102.3387
OnDrag-->X:0///Y:-113.2258
OnDrag-->X:0///Y:-130.6451
OnDrag-->X:0///Y:-143.7097
OnDrag-->X:0///Y:-161.129
OnDrag-->X:0///Y:-176.371
OnDrag-->X:0///Y:-193.7903
OnDrag-->X:0///Y:-204.6774
OnDrag-->X:0///Y:-215.5645
OnDrag-->X:0///Y:-228.629
OnDrag-->X:0///Y:-243.871
OnDrag-->X:0///Y:-256.9355
OnDrag-->X:0///Y:-270
OnDrag-->X:0///Y:-287.4194
OnDrag-->X:0///Y:-298.3065
OnDrag-->X:0///Y:-315.7258
OnDrag-->X:0///Y:-328.7903
OnDrag-->X:0///Y:-339.6774
OnDrag-->X:0///Y:-354.9194
OnDrag-->X:0///Y:-370.1613
OnDrag-->X:0///Y:-381.0484
OnDrag-->X:0///Y:-389.7581
OnDrag-->X:0///Y:-402.8226
OnDrag-->X:0///Y:-411.5323
OnDrag-->X:0///Y:-422.4194
OnDrag-->X:0///Y:-433.3065
OnDrag-->X:0///Y:-439.8387
OnDrag-->X:0///Y:-446.371
OnDrag-->X:0///Y:-452.9032
OnDrag-->X:0///Y:-459.4355
OnDrag-->X:0///Y:-461.6129
OnDrag-->X:0///Y:-465.9677
OnDrag-->X:0///Y:-468.1452
OnDrag-->X:0///Y:-470.3226
OnDrag-->X:0///Y:-472.5
OnDrag-->X:0///Y:-474.6774
OnDrag-->X:0///Y:-476.8549
OnDrag-->X:-2.177429///Y:-476.8549
OnDrag-->X:-2.177429///Y:-479.0323
OnDrag-->X:-2.177429///Y:-481.2097
OnDrag-->X:-2.177429///Y:-483.3871
OnEndDrag
