*********************************************************************************************************start
By DESKTOP-FABB9DR
2024年6月25日  20:20:7

操作系统:  Windows 10  (10.0.19045) 64bit
系统内存大小:  32689
设备模型:  B450M K (Gigabyte Technology Co., Ltd.)
设备唯一标识符:  c285453562f43acbf38d3cb4bd3948b544d677d3
处理器数量:  12
处理器类型:  AMD Ryzen 5 5600 6-Core Processor 
显卡标识符:  8584
显卡名称:  NVIDIA GeForce GTX 1650
显卡标识符:  4318
显卡厂商:  NVIDIA
显卡版本:  Direct3D 11.0 [level 11.1]
显存大小:  3949
显卡着色器级别:  50
是否图像效果:  True
是否支持内置阴影:  True
*********************************************************************************************************end
LogInfo:

OnInitializePotentialDrag
OnBeginDrag
OnDrag-->X:0///Y:10.88712
OnDrag-->X:0///Y:13.06451
OnDrag-->X:0///Y:17.41937
OnDrag-->X:0///Y:19.59677
OnDrag-->X:0///Y:23.95163
OnDrag-->X:0///Y:30.48389
OnDrag-->X:0///Y:32.66132
OnDrag-->X:0///Y:34.83871
OnDrag-->X:0///Y:37.01614
OnDrag-->X:0///Y:39.19357
OnDrag-->X:0///Y:41.37097
OnDrag-->X:0///Y:43.5484
OnDrag-->X:0///Y:45.72583
OnDrag-->X:0///Y:47.90323
OnDrag-->X:0///Y:50.08066
OnDrag-->X:0///Y:52.25809
OnDrag-->X:0///Y:54.43549
OnDrag-->X:0///Y:56.61292
OnDrag-->X:0///Y:58.79034
OnDrag-->X:0///Y:60.96774
OnDrag-->X:0///Y:63.14517
OnDrag-->X:0///Y:65.3226
OnDrag-->X:0///Y:69.67743
OnDrag-->X:0///Y:74.03226
OnDrag-->X:0///Y:78.38712
OnDrag-->X:0///Y:80.56451
OnDrag-->X:0///Y:84.91937
OnDrag-->X:0///Y:87.0968
OnDrag-->X:0///Y:93.62906
OnDrag-->X:0///Y:95.80646
OnDrag-->X:0///Y:102.3387
OnDrag-->X:0///Y:106.6936
OnDrag-->X:0///Y:113.2258
OnDrag-->X:0///Y:119.7581
OnDrag-->X:0///Y:126.2903
OnDrag-->X:0///Y:132.8226
OnDrag-->X:0///Y:141.5323
OnDrag-->X:0///Y:148.0645
OnDrag-->X:0///Y:152.4194
OnDrag-->X:0///Y:161.1291
OnDrag-->X:0///Y:167.6613
OnDrag-->X:0///Y:176.371
OnDrag-->X:0///Y:187.2581
OnDrag-->X:0///Y:198.1452
OnDrag-->X:0///Y:211.2097
OnDrag-->X:0///Y:224.2742
OnDrag-->X:0///Y:232.9839
OnDrag-->X:0///Y:243.871
OnDrag-->X:0///Y:252.5807
OnDrag-->X:0///Y:265.6452
OnDrag-->X:0///Y:280.8871
OnDrag-->X:0///Y:291.7742
OnDrag-->X:0///Y:302.6613
OnDrag-->X:0///Y:315.7258
OnDrag-->X:0///Y:326.6129
OnDrag-->X:0///Y:335.3226
OnDrag-->X:0///Y:341.8549
OnDrag-->X:0///Y:348.3871
OnDrag-->X:0///Y:354.9194
OnDrag-->X:0///Y:359.2742
OnDrag-->X:0///Y:363.6291
OnDrag-->X:0///Y:365.8065
OnDrag-->X:0///Y:370.1613
OnDrag-->X:0///Y:374.5161
OnDrag-->X:0///Y:378.871
OnDrag-->X:0///Y:385.4032
OnDrag-->X:0///Y:387.5807
OnDrag-->X:0///Y:394.1129
OnDrag-->X:0///Y:400.6452
OnDrag-->X:0///Y:402.8226
OnDrag-->X:0///Y:407.1775
OnDrag-->X:0///Y:409.3549
OnDrag-->X:0///Y:413.7097
OnDrag-->X:0///Y:415.8871
OnDrag-->X:0///Y:420.242
OnDrag-->X:0///Y:422.4194
OnDrag-->X:0///Y:426.7742
OnDrag-->X:0///Y:428.9516
OnDrag-->X:0///Y:433.3065
OnDrag-->X:0///Y:439.8387
OnDrag-->X:0///Y:444.1936
OnDrag-->X:0///Y:446.371
OnDrag-->X:0///Y:450.7259
OnDrag-->X:0///Y:457.2581
OnDrag-->X:0///Y:459.4355
OnDrag-->X:0///Y:461.6129
OnDrag-->X:0///Y:465.9677
OnDrag-->X:0///Y:468.1452
OnDrag-->X:0///Y:470.3226
OnDrag-->X:0///Y:472.5
OnDrag-->X:0///Y:474.6775
OnDrag-->X:0///Y:476.8549
OnDrag-->X:0///Y:479.0323
OnDrag-->X:0///Y:481.2097
OnDrag-->X:0///Y:483.3871
OnDrag-->X:0///Y:485.5645
OnDrag-->X:0///Y:487.742
OnDrag-->X:0///Y:492.0968
OnDrag-->X:0///Y:494.2742
OnDrag-->X:0///Y:496.4516
OnDrag-->X:0///Y:498.6291
OnDrag-->X:0///Y:489.9194
OnDrag-->X:0///Y:481.2097
OnDrag-->X:0///Y:465.9677
OnDrag-->X:-4.354858///Y:450.7259
OnDrag-->X:-4.354858///Y:431.1291
OnDrag-->X:-6.532227///Y:409.3549
OnDrag-->X:-8.709717///Y:387.5807
OnDrag-->X:-15.24194///Y:359.2742
OnDrag-->X:-17.41943///Y:339.6775
OnDrag-->X:-19.5968///Y:313.5484
OnDrag-->X:-21.77417///Y:289.5968
OnDrag-->X:-28.30652///Y:265.6452
OnDrag-->X:-30.48389///Y:239.5161
OnDrag-->X:-32.66125///Y:217.7419
OnDrag-->X:-39.19354///Y:195.9677
OnDrag-->X:-41.37097///Y:169.8387
OnDrag-->X:-43.5484///Y:143.7097
OnDrag-->X:-45.72583///Y:119.7581
OnDrag-->X:-50.08069///Y:95.80646
OnDrag-->X:-54.43549///Y:76.20969
OnDrag-->X:-56.61292///Y:58.79034
OnDrag-->X:-58.79034///Y:41.37097
OnDrag-->X:-60.96777///Y:32.66132
OnDrag-->X:-63.1452///Y:21.7742
OnDrag-->X:-63.1452///Y:8.709686
OnDrag-->X:-65.32257///Y:0
OnDrag-->X:-65.32257///Y:-6.532257
OnDrag-->X:-67.5///Y:-15.24194
OnDrag-->X:-67.5///Y:-21.7742
OnDrag-->X:-67.5///Y:-30.48387
OnDrag-->X:-67.5///Y:-37.01614
OnDrag-->X:-67.5///Y:-45.72581
OnDrag-->X:-67.5///Y:-54.43549
OnDrag-->X:-67.5///Y:-63.14517
OnDrag-->X:-71.85486///Y:-74.03227
OnDrag-->X:-71.85486///Y:-82.74194
OnDrag-->X:-71.85486///Y:-87.09679
OnDrag-->X:-71.85486///Y:-93.62904
OnDrag-->X:-71.85486///Y:-100.1613
OnDrag-->X:-74.03229///Y:-106.6936
OnDrag-->X:-74.03229///Y:-111.0484
OnDrag-->X:-76.20972///Y:-115.4032
OnDrag-->X:-76.20972///Y:-117.5807
OnDrag-->X:-76.20972///Y:-119.7581
OnDrag-->X:-76.20972///Y:-121.9355
OnDrag-->X:-76.20972///Y:-124.1129
OnDrag-->X:-76.20972///Y:-126.2903
OnDrag-->X:-76.20972///Y:-124.1129
OnDrag-->X:-74.03229///Y:-119.7581
OnDrag-->X:-69.67743///Y:-111.0484
OnDrag-->X:-67.5///Y:-95.80646
OnDrag-->X:-63.1452///Y:-89.2742
OnDrag-->X:-60.96777///Y:-76.20969
OnDrag-->X:-54.43549///Y:-65.32259
OnDrag-->X:-52.25806///Y:-60.96776
OnDrag-->X:-47.90326///Y:-52.25807
OnDrag-->X:-45.72583///Y:-47.90323
OnDrag-->X:-43.5484///Y:-45.72581
OnDrag-->X:-41.37097///Y:-43.5484
OnDrag-->X:-39.19354///Y:-43.5484
OnDrag-->X:-37.01611///Y:-39.19356
OnDrag-->X:-30.48389///Y:-37.01614
OnDrag-->X:-26.12903///Y:-34.83871
OnDrag-->X:-19.5968///Y:-32.6613
OnDrag-->X:-8.709717///Y:-28.30646
OnDrag-->X:2.177368///Y:-26.12904
OnDrag-->X:15.24194///Y:-26.12904
OnDrag-->X:30.48389///Y:-21.7742
OnDrag-->X:50.08057///Y:-19.59677
OnDrag-->X:71.85486///Y:-17.41937
OnDrag-->X:93.62903///Y:-15.24194
OnDrag-->X:119.7581///Y:-15.24194
OnDrag-->X:145.8871///Y:-15.24194
OnDrag-->X:178.5483///Y:-15.24194
OnDrag-->X:206.8549///Y:-15.24194
OnDrag-->X:241.6935///Y:-15.24194
OnDrag-->X:274.3547///Y:-15.24194
OnDrag-->X:304.8386///Y:-15.24194
OnDrag-->X:337.5///Y:-15.24194
OnDrag-->X:365.8064///Y:-15.24194
OnDrag-->X:391.9354///Y:-15.24194
OnDrag-->X:411.5322///Y:-15.24194
OnDrag-->X:433.3064///Y:-15.24194
OnDrag-->X:450.7257///Y:-15.24194
OnDrag-->X:461.6128///Y:-15.24194
OnDrag-->X:472.5///Y:-15.24194
OnDrag-->X:483.3871///Y:-15.24194
OnDrag-->X:489.9193///Y:-15.24194
OnDrag-->X:496.4515///Y:-15.24194
OnDrag-->X:498.629///Y:-15.24194
OnDrag-->X:502.9838///Y:-15.24194
OnDrag-->X:505.1613///Y:-15.24194
OnDrag-->X:507.3386///Y:-15.24194
OnDrag-->X:502.9838///Y:-13.06451
OnDrag-->X:494.2742///Y:-10.88712
OnDrag-->X:476.8547///Y:-8.709686
OnDrag-->X:452.9032///Y:-6.532257
OnDrag-->X:426.7742///Y:-2.177429
OnDrag-->X:396.2903///Y:0
OnDrag-->X:359.2742///Y:6.532257
OnDrag-->X:315.7257///Y:13.06451
OnDrag-->X:265.6451///Y:17.41937
OnDrag-->X:219.9193///Y:28.30646
OnDrag-->X:187.2581///Y:30.48389
OnDrag-->X:163.3064///Y:32.66132
OnDrag-->X:143.7096///Y:34.83871
OnDrag-->X:130.6451///Y:34.83871
OnDrag-->X:124.1129///Y:34.83871
OnDrag-->X:121.9354///Y:34.83871
OnDrag-->X:117.5806///Y:34.83871
OnDrag-->X:115.4032///Y:34.83871
OnDrag-->X:113.2258///Y:34.83871
OnDrag-->X:108.871///Y:34.83871
OnDrag-->X:104.5161///Y:34.83871
OnDrag-->X:102.3386///Y:34.83871
OnDrag-->X:97.98389///Y:34.83871
OnDrag-->X:93.62903///Y:34.83871
OnDrag-->X:91.45154///Y:34.83871
OnDrag-->X:89.27417///Y:34.83871
OnDrag-->X:95.8064///Y:34.83871
OnDrag-->X:104.5161///Y:34.83871
OnDrag-->X:115.4032///Y:34.83871
OnDrag-->X:128.4677///Y:34.83871
OnDrag-->X:143.7096///Y:34.83871
OnDrag-->X:154.5967///Y:34.83871
OnDrag-->X:163.3064///Y:34.83871
OnDrag-->X:172.0161///Y:34.83871
OnDrag-->X:176.371///Y:34.83871
OnDrag-->X:182.9032///Y:34.83871
OnDrag-->X:187.2581///Y:34.83871
OnDrag-->X:191.6129///Y:34.83871
OnDrag-->X:198.1451///Y:34.83871
OnDrag-->X:204.6774///Y:34.83871
OnDrag-->X:206.8549///Y:34.83871
OnDrag-->X:211.2096///Y:34.83871
OnDrag-->X:213.3871///Y:34.83871
OnDrag-->X:217.7419///Y:34.83871
OnDrag-->X:217.7419///Y:32.66132
OnDrag-->X:217.7419///Y:30.48389
OnEndDrag
OnInitializePotentialDrag
OnBeginDrag
OnDrag-->X:-17.41943///Y:-6.532257
OnDrag-->X:-26.12903///Y:-8.709686
OnDrag-->X:-39.1936///Y:-17.41937
OnDrag-->X:-52.25806///Y:-26.12903
OnDrag-->X:-69.67749///Y:-32.66132
OnDrag-->X:-82.74194///Y:-41.37097
OnDrag-->X:-100.1613///Y:-52.25809
OnDrag-->X:-117.5807///Y:-67.50003
OnDrag-->X:-135///Y:-78.38712
OnDrag-->X:-154.5968///Y:-95.80649
OnDrag-->X:-174.1936///Y:-106.6936
OnDrag-->X:-189.4355///Y:-124.1129
OnDrag-->X:-202.5///Y:-135
OnDrag-->X:-219.9194///Y:-145.8871
OnDrag-->X:-235.1613///Y:-156.7742
OnDrag-->X:-248.2258///Y:-165.4839
OnDrag-->X:-263.4677///Y:-174.1936
OnDrag-->X:-272.1774///Y:-180.7258
OnDrag-->X:-283.0645///Y:-191.6129
OnDrag-->X:-291.7742///Y:-200.3226
OnDrag-->X:-300.4839///Y:-206.8549
OnDrag-->X:-304.8387///Y:-211.2097
OnDrag-->X:-311.371///Y:-215.5645
OnDrag-->X:-315.7258///Y:-219.9194
OnDrag-->X:-320.0806///Y:-219.9194
OnDrag-->X:-322.2581///Y:-222.0968
OnDrag-->X:-324.4355///Y:-224.2742
OnEndDrag
OnInitializePotentialDrag
OnBeginDrag
OnDrag-->X:10.88715///Y:6.532257
OnDrag-->X:23.95166///Y:15.24194
OnDrag-->X:37.01617///Y:21.7742
OnDrag-->X:54.43549///Y:32.66129
OnDrag-->X:74.03229///Y:41.37097
OnDrag-->X:93.62903///Y:54.43549
OnDrag-->X:113.2258///Y:67.5
OnDrag-->X:137.1774///Y:78.38712
OnDrag-->X:158.9517///Y:91.4516
OnDrag-->X:185.0807///Y:102.3387
OnDrag-->X:209.0322///Y:113.2258
OnDrag-->X:241.6936///Y:126.2903
OnDrag-->X:265.6451///Y:135
OnDrag-->X:287.4193///Y:139.3549
OnDrag-->X:309.1936///Y:148.0645
OnDrag-->X:324.4354///Y:148.0645
OnDrag-->X:341.8549///Y:154.5968
OnDrag-->X:357.0968///Y:161.129
OnDrag-->X:367.9839///Y:161.129
OnDrag-->X:374.5161///Y:161.129
OnDrag-->X:376.6935///Y:161.129
OnEndDrag
OnInitializePotentialDrag
OnBeginDrag
OnDrag-->X:-4.354858///Y:-10.88708
OnDrag-->X:-10.88708///Y:-19.5968
OnDrag-->X:-13.06458///Y:-28.30646
OnDrag-->X:-19.5968///Y:-41.37097
OnDrag-->X:-26.12903///Y:-50.08069
OnDrag-->X:-32.66138///Y:-58.79034
OnDrag-->X:-41.37097///Y:-71.85486
OnDrag-->X:-52.25806///Y:-89.27423
OnDrag-->X:-58.79041///Y:-95.80646
OnDrag-->X:-67.5///Y:-108.871
OnDrag-->X:-78.38708///Y:-126.2903
OnDrag-->X:-87.0968///Y:-135
OnDrag-->X:-95.80652///Y:-150.2419
OnDrag-->X:-106.6936///Y:-163.3065
OnDrag-->X:-117.5807///Y:-174.1936
OnDrag-->X:-121.9355///Y:-180.7258
OnDrag-->X:-132.8226///Y:-191.6129
OnDrag-->X:-141.5322///Y:-202.5
OnDrag-->X:-148.0646///Y:-209.0323
OnDrag-->X:-156.7742///Y:-219.9194
OnDrag-->X:-163.3065///Y:-228.6291
OnDrag-->X:-169.8387///Y:-235.1613
OnDrag-->X:-172.0161///Y:-239.5161
OnDrag-->X:-180.7258///Y:-248.2258
OnDrag-->X:-185.0807///Y:-254.7581
OnDrag-->X:-187.2581///Y:-256.9355
OnDrag-->X:-191.6129///Y:-263.4678
OnDrag-->X:-193.7903///Y:-263.4678
OnDrag-->X:-195.9678///Y:-267.8226
OnDrag-->X:-198.1451///Y:-270
OnDrag-->X:-198.1451///Y:-272.1774
OnDrag-->X:-200.3226///Y:-272.1774
OnDrag-->X:-195.9678///Y:-272.1774
OnEndDrag
OnInitializePotentialDrag
OnBeginDrag
OnDrag-->X:8.709595///Y:8.709686
OnDrag-->X:15.24182///Y:13.06454
OnDrag-->X:17.41931///Y:15.24194
OnDrag-->X:19.59668///Y:17.41937
OnDrag-->X:28.3064///Y:26.12906
OnDrag-->X:30.48376///Y:26.12906
OnDrag-->X:37.01611///Y:30.48389
OnDrag-->X:41.37085///Y:32.66132
OnDrag-->X:43.54834///Y:34.83871
OnDrag-->X:50.08057///Y:37.01614
OnDrag-->X:54.43542///Y:39.19357
OnDrag-->X:56.61279///Y:41.37097
OnDrag-->X:58.79028///Y:41.37097
OnDrag-->X:65.32251///Y:41.37097
OnDrag-->X:67.5///Y:41.37097
OnDrag-->X:67.5///Y:43.5484
OnDrag-->X:69.67737///Y:45.72583
OnDrag-->X:71.85474///Y:45.72583
OnDrag-->X:74.03223///Y:45.72583
OnDrag-->X:78.38708///Y:45.72583
OnDrag-->X:80.56445///Y:47.90323
OnDrag-->X:84.91931///Y:47.90323
OnDrag-->X:87.09668///Y:47.90323
OnEndDrag
OnInitializePotentialDrag
OnBeginDrag
OnDrag-->X:-10.88708///Y:-6.532288
OnDrag-->X:-15.24194///Y:-8.709656
OnDrag-->X:-23.95166///Y:-15.24194
OnDrag-->X:-37.01611///Y:-21.7742
OnDrag-->X:-43.54834///Y:-23.95163
OnDrag-->X:-56.61292///Y:-30.48389
OnDrag-->X:-69.67749///Y:-37.01614
OnDrag-->X:-84.91931///Y:-43.5484
OnDrag-->X:-91.45166///Y:-47.90323
OnDrag-->X:-97.98389///Y:-50.08066
OnDrag-->X:-104.5161///Y:-52.25806
OnDrag-->X:-108.871///Y:-54.43549
OnDrag-->X:-113.2258///Y:-54.43549
OnDrag-->X:-115.4032///Y:-54.43549
OnDrag-->X:-117.5807///Y:-56.61292
OnDrag-->X:-119.7581///Y:-56.61292
OnDrag-->X:-121.9355///Y:-58.79034
OnDrag-->X:-124.1129///Y:-58.79034
OnDrag-->X:-124.1129///Y:-60.96774
OnDrag-->X:-121.9355///Y:-60.96774
OnDrag-->X:-113.2258///Y:-60.96774
OnDrag-->X:-104.5161///Y:-60.96774
OnDrag-->X:-93.62903///Y:-60.96774
OnDrag-->X:-78.38708///Y:-60.96774
OnDrag-->X:-60.96777///Y:-60.96774
OnDrag-->X:-45.72583///Y:-60.96774
OnDrag-->X:-28.30652///Y:-60.96774
OnDrag-->X:-10.88708///Y:-60.96774
OnDrag-->X:0///Y:-60.96774
OnDrag-->X:6.532227///Y:-60.96774
OnDrag-->X:13.06445///Y:-60.96774
OnDrag-->X:17.41931///Y:-60.96774
OnDrag-->X:19.5968///Y:-60.96774
OnDrag-->X:21.77417///Y:-60.96774
OnDrag-->X:23.95154///Y:-60.96774
OnDrag-->X:28.3064///Y:-60.96774
OnDrag-->X:32.66125///Y:-60.96774
OnDrag-->X:37.01611///Y:-60.96774
OnDrag-->X:39.19348///Y:-60.96774
OnDrag-->X:41.37097///Y:-60.96774
OnDrag-->X:43.54834///Y:-60.96774
OnEndDrag
OnInitializePotentialDrag
OnBeginDrag
OnDrag-->X:-10.88708///Y:-8.709686
OnDrag-->X:-15.24194///Y:-10.88708
OnDrag-->X:-21.77417///Y:-17.41937
OnDrag-->X:-34.83875///Y:-26.12903
OnDrag-->X:-45.72583///Y:-34.83871
OnDrag-->X:-56.61292///Y:-41.37097
OnDrag-->X:-69.67749///Y:-50.08066
OnDrag-->X:-78.38708///Y:-56.61292
OnDrag-->X:-91.45166///Y:-65.32257
OnDrag-->X:-106.6936///Y:-78.38712
OnDrag-->X:-115.4032///Y:-82.74194
OnDrag-->X:-126.2903///Y:-89.2742
OnDrag-->X:-139.3549///Y:-97.98389
OnDrag-->X:-156.7742///Y:-106.6935
OnDrag-->X:-169.8387///Y:-113.2258
OnDrag-->X:-187.2581///Y:-124.1129
OnDrag-->X:-202.5///Y:-132.8226
OnDrag-->X:-217.7419///Y:-141.5323
OnDrag-->X:-230.8065///Y:-148.0645
OnDrag-->X:-246.0484///Y:-156.7742
OnDrag-->X:-256.9355///Y:-161.129
OnDrag-->X:-261.2903///Y:-165.4839
OnDrag-->X:-263.4677///Y:-167.6613
OnDrag-->X:-270///Y:-167.6613
OnDrag-->X:-272.1774///Y:-172.0161
OnDrag-->X:-270///Y:-172.0161
OnDrag-->X:-265.6451///Y:-169.8387
OnDrag-->X:-252.5806///Y:-165.4839
OnDrag-->X:-248.2258///Y:-156.7742
OnDrag-->X:-243.871///Y:-152.4194
OnDrag-->X:-239.5161///Y:-143.7097
OnDrag-->X:-228.629///Y:-132.8226
OnDrag-->X:-222.0968///Y:-124.1129
OnDrag-->X:-211.2097///Y:-113.2258
OnDrag-->X:-200.3226///Y:-102.3387
OnDrag-->X:-187.2581///Y:-91.45163
OnDrag-->X:-172.0161///Y:-80.56451
OnDrag-->X:-158.9517///Y:-69.67743
OnDrag-->X:-145.8871///Y:-58.79031
OnDrag-->X:-132.8226///Y:-52.25806
OnDrag-->X:-121.9355///Y:-43.5484
OnDrag-->X:-111.0483///Y:-34.83871
OnDrag-->X:-97.98389///Y:-28.30646
OnDrag-->X:-87.0968///Y:-23.95163
OnDrag-->X:-78.38708///Y:-19.59677
OnDrag-->X:-76.20972///Y:-15.24194
OnDrag-->X:-69.67749///Y:-15.24194
OnDrag-->X:-63.14514///Y:-13.06451
OnDrag-->X:-58.79028///Y:-10.88708
OnDrag-->X:-56.61292///Y:-10.88708
OnDrag-->X:-54.43555///Y:-10.88708
OnDrag-->X:-52.25806///Y:-10.88708
OnDrag-->X:-50.08069///Y:-10.88708
OnDrag-->X:-47.9032///Y:-10.88708
OnDrag-->X:-41.37097///Y:-10.88708
OnDrag-->X:-37.01611///Y:-10.88708
OnDrag-->X:-26.12903///Y:-10.88708
OnDrag-->X:-15.24194///Y:-10.88708
OnDrag-->X:4.354858///Y:-10.88708
OnDrag-->X:17.41931///Y:-10.88708
OnDrag-->X:26.12903///Y:-10.88708
OnDrag-->X:32.66125///Y:-10.88708
OnDrag-->X:39.19348///Y:-10.88708
OnDrag-->X:41.37097///Y:-10.88708
OnDrag-->X:43.54834///Y:-10.88708
OnDrag-->X:45.72583///Y:-10.88708
OnEndDrag
OnInitializePotentialDrag
OnBeginDrag
OnDrag-->X:-8.709717///Y:-8.709686
OnDrag-->X:-8.709717///Y:-10.88708
OnDrag-->X:-13.06458///Y:-13.06451
OnDrag-->X:-15.24194///Y:-15.24194
OnDrag-->X:-17.41943///Y:-15.24194
OnDrag-->X:-19.5968///Y:-15.24194
OnDrag-->X:-21.77429///Y:-19.59677
OnDrag-->X:-23.95166///Y:-19.59677
OnDrag-->X:-28.30652///Y:-19.59677
OnDrag-->X:-30.48389///Y:-21.7742
OnDrag-->X:-32.66138///Y:-21.7742
OnDrag-->X:-37.01624///Y:-21.7742
OnDrag-->X:-41.37097///Y:-21.7742
OnDrag-->X:-43.54846///Y:-21.7742
OnDrag-->X:-50.08069///Y:-21.7742
OnDrag-->X:-54.43555///Y:-26.12903
OnDrag-->X:-56.61292///Y:-26.12903
OnDrag-->X:-58.79041///Y:-26.12903
OnDrag-->X:-60.96777///Y:-26.12903
OnDrag-->X:-63.14526///Y:-26.12903
OnDrag-->X:-65.32263///Y:-26.12903
OnDrag-->X:-63.14526///Y:-26.12903
OnDrag-->X:-56.61292///Y:-26.12903
OnDrag-->X:-47.90332///Y:-26.12903
OnDrag-->X:-34.83875///Y:-26.12903
OnDrag-->X:-17.41943///Y:-26.12903
OnDrag-->X:4.354736///Y:-23.9516
OnDrag-->X:21.77417///Y:-19.59677
OnDrag-->X:43.54834///Y:-19.59677
OnDrag-->X:69.67737///Y:-15.24194
OnDrag-->X:89.27417///Y:-10.88708
OnDrag-->X:115.4032///Y:-8.709686
OnDrag-->X:139.3547///Y:-4.354828
OnDrag-->X:161.1289///Y:-2.177429
OnDrag-->X:187.2579///Y:0
OnDrag-->X:209.0322///Y:6.532288
OnDrag-->X:230.8064///Y:8.709656
OnDrag-->X:250.4032///Y:10.88708
OnDrag-->X:272.1774///Y:13.06451
OnDrag-->X:280.887///Y:15.24194
OnDrag-->X:293.9515///Y:19.5968
OnDrag-->X:298.3064///Y:19.5968
OnDrag-->X:300.4838///Y:19.5968
OnDrag-->X:302.6613///Y:19.5968
OnEndDrag
OnInitializePotentialDrag
OnBeginDrag
OnDrag-->X:-10.88708///Y:-8.709656
OnDrag-->X:-15.24194///Y:-10.88708
OnDrag-->X:-19.5968///Y:-13.06451
OnDrag-->X:-21.77417///Y:-15.24194
OnDrag-->X:-23.95166///Y:-15.24194
OnDrag-->X:-28.3064///Y:-19.59674
OnDrag-->X:-30.48389///Y:-19.59674
OnDrag-->X:-32.66125///Y:-21.77417
OnDrag-->X:-34.83875///Y:-21.77417
OnDrag-->X:-37.01611///Y:-21.77417
OnDrag-->X:-39.1936///Y:-23.9516
OnDrag-->X:-43.54834///Y:-23.9516
OnDrag-->X:-45.72583///Y:-28.30646
OnDrag-->X:-47.9032///Y:-28.30646
OnDrag-->X:-50.08069///Y:-28.30646
OnDrag-->X:-52.25806///Y:-28.30646
OnDrag-->X:-56.61292///Y:-28.30646
OnDrag-->X:-58.79028///Y:-30.48389
OnDrag-->X:-54.43555///Y:-30.48389
OnDrag-->X:-45.72583///Y:-30.48389
OnDrag-->X:-37.01611///Y:-30.48389
OnDrag-->X:-23.95166///Y:-30.48389
OnDrag-->X:-8.709717///Y:-30.48389
OnDrag-->X:4.354858///Y:-30.48389
OnDrag-->X:17.41931///Y:-30.48389
OnDrag-->X:32.66125///Y:-30.48389
OnDrag-->X:45.72583///Y:-30.48389
OnDrag-->X:60.96777///Y:-30.48389
OnDrag-->X:69.67737///Y:-30.48389
OnDrag-->X:82.74194///Y:-30.48389
OnDrag-->X:91.45166///Y:-30.48389
OnDrag-->X:100.1613///Y:-30.48389
OnDrag-->X:108.871///Y:-30.48389
OnDrag-->X:117.5807///Y:-30.48389
OnDrag-->X:126.2903///Y:-30.48389
OnDrag-->X:139.3549///Y:-30.48389
OnDrag-->X:150.2419///Y:-30.48389
OnDrag-->X:158.9515///Y:-30.48389
OnDrag-->X:172.0161///Y:-30.48389
OnDrag-->X:182.9032///Y:-30.48389
OnDrag-->X:191.6129///Y:-30.48389
OnDrag-->X:200.3225///Y:-30.48389
OnDrag-->X:209.0322///Y:-30.48389
OnDrag-->X:215.5645///Y:-30.48389
OnDrag-->X:219.9193///Y:-30.48389
OnDrag-->X:226.4515///Y:-30.48389
OnDrag-->X:230.8064///Y:-30.48389
OnDrag-->X:232.9839///Y:-30.48389
OnDrag-->X:235.1613///Y:-30.48389
OnDrag-->X:237.3387///Y:-30.48389
OnDrag-->X:239.5161///Y:-30.48389
OnDrag-->X:243.871///Y:-30.48389
OnDrag-->X:246.0483///Y:-28.30646
OnDrag-->X:248.2258///Y:-28.30646
OnDrag-->X:250.4032///Y:-28.30646
OnDrag-->X:252.5806///Y:-28.30646
OnEndDrag
OnInitializePotentialDrag
OnBeginDrag
OnDrag-->X:-15.24194///Y:-2.177429
OnDrag-->X:-17.41943///Y:-4.354797
OnDrag-->X:-19.5968///Y:-4.354797
OnDrag-->X:-21.77417///Y:-4.354797
OnDrag-->X:-23.95166///Y:-4.354797
OnDrag-->X:-28.30652///Y:-4.354797
OnDrag-->X:-30.48389///Y:-4.354797
OnDrag-->X:-34.83875///Y:-4.354797
OnDrag-->X:-37.01611///Y:-4.354797
OnDrag-->X:-39.1936///Y:-4.354797
OnDrag-->X:-41.37097///Y:-4.354797
OnDrag-->X:-43.54846///Y:-6.532227
OnDrag-->X:-41.37097///Y:-6.532227
OnDrag-->X:-34.83875///Y:-6.532227
OnDrag-->X:-26.12903///Y:-6.532227
OnDrag-->X:-13.06458///Y:-6.532227
OnDrag-->X:-4.354858///Y:-6.532227
OnDrag-->X:10.88708///Y:-6.532227
OnDrag-->X:23.95154///Y:-6.532227
OnDrag-->X:41.37097///Y:-6.532227
OnDrag-->X:56.61292///Y:-6.532227
OnDrag-->X:71.85486///Y:-6.532227
OnDrag-->X:84.91931///Y:-6.532227
OnDrag-->X:97.98389///Y:-6.532227
OnDrag-->X:108.871///Y:-6.532227
OnDrag-->X:117.5806///Y:-6.532227
OnDrag-->X:132.8225///Y:-6.532227
OnDrag-->X:141.5322///Y:-6.532227
OnDrag-->X:150.2419///Y:-6.532227
OnDrag-->X:156.7742///Y:-6.532227
OnDrag-->X:161.129///Y:-6.532227
OnDrag-->X:163.3064///Y:-6.532227
OnDrag-->X:167.6613///Y:-6.532227
OnDrag-->X:169.8386///Y:-6.532227
OnEndDrag
OnInitializePotentialDrag
OnBeginDrag
OnDrag-->X:-10.88708///Y:-4.354858
OnDrag-->X:-15.24194///Y:-4.354858
OnDrag-->X:-17.41931///Y:-6.532227
OnDrag-->X:-19.5968///Y:-6.532227
OnDrag-->X:-21.77417///Y:-6.532227
OnDrag-->X:-23.95154///Y:-6.532227
OnDrag-->X:-26.12903///Y:-8.709656
OnDrag-->X:-26.12903///Y:-10.88708
OnDrag-->X:-26.12903///Y:-13.06451
OnDrag-->X:-26.12903///Y:-17.41937
OnDrag-->X:-26.12903///Y:-21.77417
OnDrag-->X:-26.12903///Y:-28.30646
OnDrag-->X:-26.12903///Y:-34.83871
OnDrag-->X:-26.12903///Y:-39.19354
OnDrag-->X:-26.12903///Y:-43.54837
OnDrag-->X:-26.12903///Y:-47.90323
OnDrag-->X:-26.12903///Y:-50.08063
OnDrag-->X:-26.12903///Y:-54.43549
OnDrag-->X:-26.12903///Y:-58.79031
OnDrag-->X:-26.12903///Y:-63.14514
OnDrag-->X:-26.12903///Y:-65.32257
OnDrag-->X:-26.12903///Y:-71.85483
OnDrag-->X:-26.12903///Y:-78.38708
OnDrag-->X:-26.12903///Y:-89.2742
OnDrag-->X:-26.12903///Y:-97.98386
OnDrag-->X:-26.12903///Y:-106.6935
OnDrag-->X:-26.12903///Y:-117.5806
OnDrag-->X:-21.77417///Y:-121.9355
OnDrag-->X:-21.77417///Y:-126.2903
OnDrag-->X:-19.5968///Y:-130.6452
OnDrag-->X:-17.41931///Y:-130.6452
OnDrag-->X:-15.24194///Y:-132.8226
OnDrag-->X:-15.24194///Y:-135
OnDrag-->X:-13.06445///Y:-137.1774
OnDrag-->X:-10.88708///Y:-137.1774
OnDrag-->X:-8.709717///Y:-139.3548
OnDrag-->X:-6.532227///Y:-143.7097
OnDrag-->X:-2.177368///Y:-145.8871
OnDrag-->X:2.17749///Y:-148.0645
OnDrag-->X:6.532227///Y:-148.0645
OnDrag-->X:8.709717///Y:-148.0645
OnDrag-->X:13.06458///Y:-148.0645
OnDrag-->X:15.24194///Y:-148.0645
OnDrag-->X:19.5968///Y:-148.0645
OnDrag-->X:21.77417///Y:-148.0645
OnDrag-->X:28.30652///Y:-148.0645
OnDrag-->X:34.83875///Y:-148.0645
OnDrag-->X:39.1936///Y:-148.0645
OnDrag-->X:47.9032///Y:-145.8871
OnDrag-->X:56.61292///Y:-143.7097
OnDrag-->X:65.32263///Y:-137.1774
OnDrag-->X:76.20972///Y:-130.6452
OnDrag-->X:87.0968///Y:-121.9355
OnDrag-->X:100.1613///Y:-111.0484
OnDrag-->X:111.0483///Y:-102.3387
OnDrag-->X:117.5807///Y:-93.62903
OnDrag-->X:121.9355///Y:-84.91934
OnDrag-->X:130.6451///Y:-74.03226
OnDrag-->X:135///Y:-67.5
OnDrag-->X:139.3549///Y:-60.96774
OnDrag-->X:145.8871///Y:-52.25806
OnDrag-->X:150.2419///Y:-47.90323
OnDrag-->X:152.4193///Y:-43.54837
OnDrag-->X:156.7742///Y:-37.01611
OnDrag-->X:161.129///Y:-30.48386
OnDrag-->X:163.3064///Y:-28.30646
OnDrag-->X:165.4839///Y:-23.9516
OnDrag-->X:165.4839///Y:-17.41937
OnDrag-->X:169.8387///Y:-13.06451
OnDrag-->X:172.0161///Y:-8.709656
OnDrag-->X:172.0161///Y:-6.532227
OnDrag-->X:172.0161///Y:-2.177429
OnDrag-->X:172.0161///Y:0
OnDrag-->X:172.0161///Y:2.177429
OnDrag-->X:172.0161///Y:4.354858
OnDrag-->X:172.0161///Y:6.532288
OnDrag-->X:172.0161///Y:8.709656
OnDrag-->X:172.0161///Y:15.24194
OnDrag-->X:172.0161///Y:19.5968
OnDrag-->X:172.0161///Y:23.9516
OnDrag-->X:163.3064///Y:30.48389
OnDrag-->X:152.4193///Y:34.83875
OnDrag-->X:135///Y:43.5484
OnDrag-->X:119.7581///Y:50.08063
OnDrag-->X:100.1613///Y:56.61292
OnDrag-->X:80.56458///Y:63.14514
OnDrag-->X:63.14514///Y:65.32257
OnDrag-->X:47.9032///Y:67.5
OnDrag-->X:37.01611///Y:67.5
OnDrag-->X:30.48389///Y:67.5
OnDrag-->X:23.95166///Y:67.5
OnDrag-->X:21.77417///Y:67.5
OnDrag-->X:15.24194///Y:67.5
OnDrag-->X:10.88708///Y:65.32257
OnDrag-->X:6.532227///Y:63.14514
OnDrag-->X:0///Y:58.79034
OnDrag-->X:-4.354858///Y:54.43549
OnDrag-->X:-10.88708///Y:43.5484
OnDrag-->X:-17.41931///Y:37.01611
OnDrag-->X:-23.95154///Y:26.12903
OnDrag-->X:-32.66125///Y:13.06451
OnDrag-->X:-37.01611///Y:4.354858
OnDrag-->X:-43.54834///Y:-4.354858
OnDrag-->X:-45.72583///Y:-10.88708
OnDrag-->X:-47.9032///Y:-17.41937
OnDrag-->X:-47.9032///Y:-26.12903
OnDrag-->X:-47.9032///Y:-30.48386
OnDrag-->X:-47.9032///Y:-37.01611
OnDrag-->X:-47.9032///Y:-41.37097
OnDrag-->X:-47.9032///Y:-47.90323
OnDrag-->X:-43.54834///Y:-52.25806
OnDrag-->X:-30.48389///Y:-56.61288
OnDrag-->X:-10.88708///Y:-65.32257
OnDrag-->X:4.354858///Y:-69.67743
OnDrag-->X:15.24194///Y:-71.85483
OnDrag-->X:37.01611///Y:-71.85483
OnDrag-->X:56.61292///Y:-71.85483
OnDrag-->X:71.85486///Y:-71.85483
OnDrag-->X:93.62903///Y:-71.85483
OnDrag-->X:113.2258///Y:-69.67743
OnDrag-->X:128.4678///Y:-63.14514
OnDrag-->X:143.7097///Y:-56.61288
OnDrag-->X:154.5968///Y:-47.90323
OnDrag-->X:161.129///Y:-43.54837
OnDrag-->X:167.6613///Y:-39.19354
OnDrag-->X:169.8387///Y:-30.48386
OnDrag-->X:174.1936///Y:-26.12903
OnDrag-->X:174.1936///Y:-19.59674
OnDrag-->X:174.1936///Y:-17.41937
OnDrag-->X:174.1936///Y:-10.88708
OnDrag-->X:174.1936///Y:-6.532227
OnDrag-->X:174.1936///Y:0
OnDrag-->X:174.1936///Y:6.532288
OnDrag-->X:174.1936///Y:10.88708
OnDrag-->X:172.0161///Y:13.06451
OnDrag-->X:169.8387///Y:15.24194
OnEndDrag
OnInitializePotentialDrag
OnBeginDrag
OnDrag-->X:-10.88708///Y:-4.354797
OnDrag-->X:-13.06458///Y:-4.354797
OnDrag-->X:-15.24194///Y:-6.532227
OnDrag-->X:-17.41943///Y:-6.532227
OnDrag-->X:-19.5968///Y:-6.532227
OnDrag-->X:-21.77429///Y:-8.709656
OnDrag-->X:-17.41943///Y:-8.709656
OnDrag-->X:-15.24194///Y:-8.709656
OnDrag-->X:-13.06458///Y:-8.709656
OnDrag-->X:-10.88708///Y:-8.709656
OnDrag-->X:-6.532349///Y:-8.709656
OnDrag-->X:-4.354858///Y:-6.532227
OnDrag-->X:-2.17749///Y:-6.532227
OnDrag-->X:2.177368///Y:-4.354797
OnDrag-->X:4.354736///Y:-4.354797
OnDrag-->X:6.532227///Y:-4.354797
OnDrag-->X:8.709595///Y:-2.177368
OnDrag-->X:13.06445///Y:-2.177368
OnDrag-->X:15.24194///Y:-2.177368
OnDrag-->X:17.41931///Y:0
OnDrag-->X:19.59668///Y:0
OnDrag-->X:21.77417///Y:0
OnEndDrag
OnInitializePotentialDrag
OnBeginDrag
OnDrag-->X:-13.06458///Y:0
OnDrag-->X:-15.24194///Y:0
OnDrag-->X:-26.12903///Y:0
OnDrag-->X:-32.66138///Y:0
OnDrag-->X:-45.72583///Y:-4.354828
OnDrag-->X:-56.61292///Y:-10.88708
OnDrag-->X:-67.5///Y:-17.41934
OnDrag-->X:-76.20972///Y:-23.9516
OnDrag-->X:-87.0968///Y:-30.48386
OnDrag-->X:-93.62903///Y:-34.83871
OnDrag-->X:-102.3387///Y:-43.54837
OnDrag-->X:-106.6936///Y:-47.90323
OnDrag-->X:-111.0485///Y:-52.25806
OnDrag-->X:-119.7581///Y:-56.61292
OnDrag-->X:-121.9355///Y:-58.79031
OnDrag-->X:-124.1129///Y:-58.79031
OnDrag-->X:-130.6453///Y:-63.14517
OnDrag-->X:-137.1775///Y:-65.32257
OnDrag-->X:-137.1775///Y:-67.5
OnDrag-->X:-143.7097///Y:-69.67743
OnDrag-->X:-148.0646///Y:-71.85483
OnDrag-->X:-154.5968///Y:-76.20969
OnDrag-->X:-161.1291///Y:-78.38708
OnDrag-->X:-165.4839///Y:-80.56451
OnDrag-->X:-167.6613///Y:-80.56451
OnDrag-->X:-174.1936///Y:-82.74194
OnDrag-->X:-176.371///Y:-80.56451
OnDrag-->X:-174.1936///Y:-74.03226
OnDrag-->X:-172.0162///Y:-60.96774
OnDrag-->X:-169.8387///Y:-47.90323
OnDrag-->X:-163.3065///Y:-30.48386
OnDrag-->X:-161.1291///Y:-15.24194
OnDrag-->X:-154.5968///Y:2.177429
OnDrag-->X:-150.2419///Y:21.7742
OnDrag-->X:-148.0646///Y:39.19354
OnDrag-->X:-143.7097///Y:56.61292
OnDrag-->X:-141.5323///Y:74.03229
OnDrag-->X:-139.3549///Y:95.80646
OnDrag-->X:-137.1775///Y:113.2258
OnDrag-->X:-130.6453///Y:126.2903
OnDrag-->X:-128.4678///Y:137.1774
OnDrag-->X:-124.1129///Y:152.4194
OnDrag-->X:-121.9355///Y:165.4839
OnDrag-->X:-119.7581///Y:169.8387
OnDrag-->X:-119.7581///Y:178.5484
OnDrag-->X:-119.7581///Y:182.9033
OnDrag-->X:-119.7581///Y:187.2581
OnEndDrag
OnInitializePotentialDrag
OnBeginDrag
OnDrag-->X:8.709717///Y:6.532288
OnDrag-->X:8.709717///Y:8.709686
OnDrag-->X:10.88715///Y:17.41937
OnDrag-->X:13.06458///Y:26.12906
OnDrag-->X:15.24194///Y:34.83871
OnDrag-->X:21.77417///Y:50.08066
OnDrag-->X:21.77417///Y:63.14517
OnDrag-->X:23.95166///Y:71.85486
OnDrag-->X:23.95166///Y:76.20969
OnDrag-->X:26.12903///Y:84.91937
OnDrag-->X:26.12903///Y:91.45163
OnDrag-->X:26.12903///Y:93.62906
OnDrag-->X:26.12903///Y:95.80646
OnDrag-->X:26.12903///Y:97.98389
OnDrag-->X:26.12903///Y:100.1613
OnDrag-->X:26.12903///Y:104.5161
OnDrag-->X:26.12903///Y:108.871
OnDrag-->X:26.12903///Y:113.2258
OnDrag-->X:26.12903///Y:117.5807
OnDrag-->X:30.48389///Y:119.7581
OnDrag-->X:30.48389///Y:117.5807
OnDrag-->X:32.66125///Y:111.0484
OnDrag-->X:34.83875///Y:97.98389
OnDrag-->X:34.83875///Y:89.2742
OnDrag-->X:34.83875///Y:80.56454
OnDrag-->X:34.83875///Y:71.85486
OnDrag-->X:34.83875///Y:56.61292
OnDrag-->X:37.01611///Y:50.08066
OnDrag-->X:39.1936///Y:43.5484
OnDrag-->X:39.1936///Y:37.01614
OnDrag-->X:39.1936///Y:28.30646
OnDrag-->X:39.1936///Y:21.7742
OnDrag-->X:39.1936///Y:15.24194
OnDrag-->X:39.1936///Y:10.88712
OnDrag-->X:39.1936///Y:2.177429
OnDrag-->X:39.1936///Y:-2.177399
OnDrag-->X:39.1936///Y:-8.709656
OnDrag-->X:39.1936///Y:-15.24191
OnDrag-->X:39.1936///Y:-19.59677
OnDrag-->X:39.1936///Y:-21.77417
OnDrag-->X:39.1936///Y:-23.9516
OnDrag-->X:39.1936///Y:-26.12903
OnDrag-->X:39.1936///Y:-28.30643
OnDrag-->X:39.1936///Y:-30.48386
OnDrag-->X:39.1936///Y:-32.66129
OnDrag-->X:41.37097///Y:-26.12903
OnDrag-->X:43.54846///Y:-17.41934
OnDrag-->X:45.72583///Y:0
OnDrag-->X:47.9032///Y:19.5968
OnDrag-->X:50.08069///Y:37.01614
OnDrag-->X:52.25806///Y:54.43549
OnDrag-->X:54.43555///Y:78.38712
OnDrag-->X:60.96777///Y:97.98389
OnDrag-->X:63.14514///Y:121.9355
OnDrag-->X:65.32263///Y:145.8871
OnDrag-->X:69.67749///Y:172.0161
OnDrag-->X:71.85486///Y:191.6129
OnDrag-->X:74.03223///Y:215.5645
OnDrag-->X:74.03223///Y:232.9839
OnDrag-->X:74.03223///Y:250.4032
OnDrag-->X:76.20972///Y:272.1775
OnDrag-->X:76.20972///Y:289.5968
OnDrag-->X:78.38708///Y:302.6613
OnDrag-->X:82.74194///Y:313.5484
OnDrag-->X:82.74194///Y:322.2581
OnDrag-->X:84.91931///Y:330.9677
OnDrag-->X:84.91931///Y:337.5
OnDrag-->X:87.0968///Y:348.3871
OnDrag-->X:87.0968///Y:354.9194
OnDrag-->X:87.0968///Y:363.6291
OnDrag-->X:91.45166///Y:372.3387
OnDrag-->X:91.45166///Y:381.0484
OnDrag-->X:93.62903///Y:391.9355
OnDrag-->X:93.62903///Y:402.8226
OnDrag-->X:95.80652///Y:413.7097
OnDrag-->X:95.80652///Y:420.242
OnDrag-->X:95.80652///Y:426.7742
OnDrag-->X:95.80652///Y:433.3065
OnDrag-->X:97.98389///Y:439.8387
OnDrag-->X:97.98389///Y:444.1936
OnDrag-->X:97.98389///Y:446.371
OnDrag-->X:97.98389///Y:448.5484
OnDrag-->X:97.98389///Y:450.7259
OnDrag-->X:97.98389///Y:452.9032
OnDrag-->X:97.98389///Y:457.2581
OnDrag-->X:97.98389///Y:459.4355
OnDrag-->X:97.98389///Y:463.7904
OnEndDrag
OnInitializePotentialDrag
OnBeginDrag
OnDrag-->X:0///Y:10.88712
OnDrag-->X:2.177368///Y:15.24194
OnDrag-->X:2.177368///Y:17.41937
OnDrag-->X:2.177368///Y:19.5968
OnDrag-->X:2.177368///Y:21.7742
OnDrag-->X:4.354858///Y:28.30646
OnDrag-->X:4.354858///Y:30.48389
OnDrag-->X:4.354858///Y:37.01614
OnDrag-->X:6.532227///Y:41.37097
OnDrag-->X:8.709595///Y:45.72583
OnDrag-->X:8.709595///Y:52.25809
OnDrag-->X:8.709595///Y:56.61292
OnDrag-->X:8.709595///Y:58.79034
OnDrag-->X:8.709595///Y:60.96777
OnDrag-->X:8.709595///Y:63.14517
OnDrag-->X:8.709595///Y:65.3226
OnDrag-->X:8.709595///Y:67.50003
OnDrag-->X:8.709595///Y:69.67743
OnDrag-->X:10.88708///Y:71.85486
OnDrag-->X:10.88708///Y:74.03229
OnDrag-->X:10.88708///Y:76.20969
OnDrag-->X:13.06445///Y:80.56454
OnDrag-->X:13.06445///Y:84.91937
OnDrag-->X:17.41931///Y:95.80646
OnDrag-->X:17.41931///Y:111.0484
OnDrag-->X:19.5968///Y:126.2903
OnDrag-->X:19.5968///Y:143.7097
OnDrag-->X:19.5968///Y:154.5968
OnDrag-->X:19.5968///Y:172.0162
OnDrag-->X:19.5968///Y:185.0807
OnDrag-->X:19.5968///Y:195.9678
OnDrag-->X:19.5968///Y:204.6774
OnDrag-->X:19.5968///Y:213.3871
OnDrag-->X:19.5968///Y:219.9194
OnDrag-->X:19.5968///Y:228.629
OnDrag-->X:19.5968///Y:237.3387
OnDrag-->X:19.5968///Y:248.2258
OnDrag-->X:19.5968///Y:259.1129
OnDrag-->X:19.5968///Y:270
OnDrag-->X:19.5968///Y:285.2419
OnDrag-->X:19.5968///Y:298.3065
OnDrag-->X:19.5968///Y:307.0162
OnDrag-->X:19.5968///Y:317.9033
OnDrag-->X:19.5968///Y:333.1452
OnDrag-->X:19.5968///Y:341.8549
OnDrag-->X:21.77417///Y:346.2097
OnDrag-->X:21.77417///Y:354.9194
OnDrag-->X:26.12903///Y:361.4517
OnDrag-->X:26.12903///Y:367.9839
OnDrag-->X:26.12903///Y:370.1613
OnDrag-->X:26.12903///Y:376.6936
OnDrag-->X:26.12903///Y:383.2258
OnDrag-->X:26.12903///Y:385.4033
OnDrag-->X:26.12903///Y:391.9355
OnDrag-->X:28.3064///Y:398.4678
OnDrag-->X:28.3064///Y:402.8226
OnDrag-->X:28.3064///Y:409.3549
OnDrag-->X:28.3064///Y:418.0645
OnDrag-->X:28.3064///Y:424.5968
OnDrag-->X:30.48389///Y:426.7742
OnDrag-->X:30.48389///Y:433.3065
OnDrag-->X:30.48389///Y:437.6613
OnDrag-->X:30.48389///Y:442.0162
OnDrag-->X:30.48389///Y:446.371
OnDrag-->X:30.48389///Y:448.5484
OnDrag-->X:30.48389///Y:452.9033
OnDrag-->X:30.48389///Y:457.2581
OnDrag-->X:30.48389///Y:459.4355
OnDrag-->X:34.83862///Y:465.9678
OnDrag-->X:34.83862///Y:470.3226
OnDrag-->X:34.83862///Y:472.5
OnDrag-->X:34.83862///Y:476.8549
OnDrag-->X:34.83862///Y:479.0323
OnDrag-->X:34.83862///Y:485.5646
OnDrag-->X:34.83862///Y:489.9194
OnDrag-->X:34.83862///Y:492.0968
OnDrag-->X:34.83862///Y:496.4517
OnDrag-->X:34.83862///Y:498.6291
OnDrag-->X:37.01611///Y:500.8065
OnDrag-->X:37.01611///Y:502.9839
OnDrag-->X:37.01611///Y:505.1613
OnDrag-->X:37.01611///Y:507.3387
OnDrag-->X:39.19348///Y:509.5162
OnDrag-->X:39.19348///Y:511.6936
OnDrag-->X:39.19348///Y:513.871
OnDrag-->X:39.19348///Y:516.0484
OnDrag-->X:41.37097///Y:516.0484
OnEndDrag
OnInitializePotentialDrag
OnBeginDrag
OnDrag-->X:2.177429///Y:10.88708
OnDrag-->X:2.177429///Y:13.06451
OnDrag-->X:6.532288///Y:15.24191
OnDrag-->X:6.532288///Y:17.41934
OnDrag-->X:6.532288///Y:19.59677
OnDrag-->X:6.532288///Y:21.7742
OnDrag-->X:6.532288///Y:23.9516
OnDrag-->X:6.532288///Y:26.12903
OnDrag-->X:6.532288///Y:28.30646
OnDrag-->X:6.532288///Y:30.48386
OnDrag-->X:6.532288///Y:32.66129
OnDrag-->X:6.532288///Y:34.83871
OnDrag-->X:6.532288///Y:37.01611
OnDrag-->X:6.532288///Y:39.19354
OnDrag-->X:6.532288///Y:43.54837
OnDrag-->X:6.532288///Y:45.7258
OnDrag-->X:6.532288///Y:47.90323
OnDrag-->X:6.532288///Y:50.08063
OnDrag-->X:8.709717///Y:52.25806
OnDrag-->X:8.709717///Y:54.43549
OnDrag-->X:8.709717///Y:56.61288
OnDrag-->X:8.709717///Y:60.96774
OnDrag-->X:8.709717///Y:67.5
OnDrag-->X:8.709717///Y:71.85483
OnDrag-->X:13.06458///Y:74.03226
OnDrag-->X:13.06458///Y:76.20966
OnDrag-->X:15.24194///Y:82.74194
OnDrag-->X:15.24194///Y:84.91934
OnDrag-->X:15.24194///Y:87.09677
OnDrag-->X:15.24194///Y:93.62903
OnDrag-->X:15.24194///Y:95.80646
OnDrag-->X:17.41931///Y:100.1613
OnDrag-->X:17.41931///Y:104.5161
OnDrag-->X:19.5968///Y:108.871
OnDrag-->X:19.5968///Y:111.0484
OnDrag-->X:19.5968///Y:115.4032
OnDrag-->X:19.5968///Y:121.9355
OnDrag-->X:21.77417///Y:124.1129
OnDrag-->X:21.77417///Y:130.6451
OnDrag-->X:21.77417///Y:137.1774
OnDrag-->X:23.95166///Y:141.5323
OnDrag-->X:23.95166///Y:148.0645
OnDrag-->X:23.95166///Y:150.2419
OnDrag-->X:23.95166///Y:154.5968
OnDrag-->X:23.95166///Y:161.129
OnDrag-->X:28.3064///Y:167.6613
OnDrag-->X:28.3064///Y:172.0161
OnDrag-->X:28.3064///Y:180.7258
OnDrag-->X:30.48389///Y:182.9032
OnDrag-->X:30.48389///Y:191.6129
OnDrag-->X:30.48389///Y:198.1451
OnDrag-->X:30.48389///Y:204.6774
OnDrag-->X:32.66125///Y:211.2097
OnDrag-->X:32.66125///Y:219.9194
OnDrag-->X:32.66125///Y:224.2742
OnDrag-->X:37.01611///Y:232.9839
OnDrag-->X:39.1936///Y:241.6935
OnDrag-->X:39.1936///Y:250.4032
OnDrag-->X:41.37097///Y:259.1129
OnDrag-->X:41.37097///Y:265.6451
OnDrag-->X:41.37097///Y:272.1774
OnDrag-->X:41.37097///Y:278.7097
OnDrag-->X:41.37097///Y:285.2419
OnDrag-->X:45.72583///Y:293.9516
OnDrag-->X:47.9032///Y:304.8387
OnDrag-->X:47.9032///Y:313.5484
OnDrag-->X:47.9032///Y:322.2581
OnDrag-->X:50.08069///Y:337.5
OnDrag-->X:52.25806///Y:346.2097
OnDrag-->X:52.25806///Y:354.9194
OnDrag-->X:56.61292///Y:365.8065
OnDrag-->X:56.61292///Y:376.6935
OnDrag-->X:56.61292///Y:385.4033
OnDrag-->X:58.79028///Y:391.9355
OnDrag-->X:58.79028///Y:398.4678
OnDrag-->X:58.79028///Y:405
OnDrag-->X:60.96777///Y:411.5323
OnDrag-->X:60.96777///Y:413.7097
OnDrag-->X:65.32263///Y:420.2419
OnDrag-->X:65.32263///Y:424.5968
OnDrag-->X:65.32263///Y:428.9516
OnDrag-->X:65.32263///Y:435.4839
OnDrag-->X:65.32263///Y:437.6613
OnDrag-->X:65.32263///Y:442.0161
OnDrag-->X:65.32263///Y:444.1935
OnDrag-->X:67.5///Y:446.371
OnDrag-->X:67.5///Y:448.5484
OnDrag-->X:67.5///Y:450.7258
OnDrag-->X:67.5///Y:455.0806
OnDrag-->X:67.5///Y:457.2581
OnDrag-->X:67.5///Y:459.4355
OnDrag-->X:67.5///Y:461.6129
OnDrag-->X:67.5///Y:463.7903
OnDrag-->X:67.5///Y:465.9678
OnDrag-->X:69.67737///Y:468.1451
OnDrag-->X:69.67737///Y:470.3226
OnEndDrag
OnInitializePotentialDrag
OnBeginDrag
OnDrag-->X:0///Y:13.06451
OnDrag-->X:0///Y:21.7742
OnDrag-->X:0///Y:34.83871
OnDrag-->X:0///Y:45.7258
OnDrag-->X:2.17749///Y:58.79034
OnDrag-->X:4.354858///Y:74.03226
OnDrag-->X:8.709717///Y:84.91937
OnDrag-->X:8.709717///Y:97.98389
OnDrag-->X:10.88708///Y:113.2258
OnDrag-->X:13.06458///Y:124.1129
OnDrag-->X:13.06458///Y:137.1774
OnDrag-->X:15.24194///Y:145.8871
OnDrag-->X:19.5968///Y:152.4194
OnDrag-->X:19.5968///Y:163.3065
OnDrag-->X:19.5968///Y:167.6613
OnDrag-->X:19.5968///Y:174.1936
OnDrag-->X:19.5968///Y:178.5484
OnDrag-->X:21.77429///Y:182.9032
OnDrag-->X:21.77429///Y:189.4355
OnDrag-->X:21.77429///Y:193.7903
OnDrag-->X:23.95166///Y:198.1452
OnDrag-->X:23.95166///Y:204.6774
OnDrag-->X:26.12903///Y:211.2097
OnDrag-->X:26.12903///Y:215.5645
OnDrag-->X:28.30652///Y:222.0968
OnDrag-->X:28.30652///Y:232.9839
OnDrag-->X:30.48389///Y:239.5161
OnDrag-->X:30.48389///Y:250.4032
OnDrag-->X:32.66138///Y:256.9355
OnDrag-->X:32.66138///Y:265.6452
OnDrag-->X:34.83875///Y:272.1775
OnDrag-->X:34.83875///Y:276.5323
OnDrag-->X:37.01611///Y:283.0645
OnDrag-->X:37.01611///Y:291.7742
OnDrag-->X:37.01611///Y:298.3065
OnDrag-->X:39.1936///Y:307.0161
OnDrag-->X:39.1936///Y:311.371
OnDrag-->X:39.1936///Y:315.7258
OnDrag-->X:39.1936///Y:317.9032
OnDrag-->X:39.1936///Y:320.0807
OnDrag-->X:39.1936///Y:322.2581
OnEndDrag
OnInitializePotentialDrag
OnBeginDrag
OnDrag-->X:0///Y:10.88712
OnDrag-->X:0///Y:13.06454
OnDrag-->X:0///Y:15.24194
OnDrag-->X:0///Y:17.41937
OnDrag-->X:0///Y:19.5968
OnDrag-->X:0///Y:21.7742
OnDrag-->X:0///Y:23.95163
OnDrag-->X:0///Y:26.12906
OnDrag-->X:0///Y:28.30646
OnDrag-->X:0///Y:30.48389
OnDrag-->X:0///Y:32.66132
OnDrag-->X:0///Y:34.83871
OnDrag-->X:0///Y:37.01614
OnDrag-->X:0///Y:39.19357
OnDrag-->X:0///Y:41.37097
OnDrag-->X:2.177429///Y:45.72583
OnDrag-->X:2.177429///Y:47.90323
OnDrag-->X:2.177429///Y:50.08066
OnDrag-->X:2.177429///Y:52.25809
OnDrag-->X:2.177429///Y:54.43549
OnDrag-->X:2.177429///Y:56.61292
OnDrag-->X:2.177429///Y:58.79034
OnDrag-->X:2.177429///Y:60.96777
OnDrag-->X:2.177429///Y:63.14517
OnDrag-->X:6.532227///Y:65.3226
OnDrag-->X:6.532227///Y:67.50003
OnDrag-->X:6.532227///Y:69.67743
OnDrag-->X:6.532227///Y:71.85486
OnDrag-->X:6.532227///Y:74.03229
OnDrag-->X:8.709656///Y:74.03229
OnDrag-->X:8.709656///Y:76.20969
OnDrag-->X:8.709656///Y:78.38712
OnDrag-->X:8.709656///Y:80.56454
OnDrag-->X:8.709656///Y:84.91937
OnDrag-->X:8.709656///Y:87.0968
OnDrag-->X:13.06451///Y:89.2742
OnDrag-->X:13.06451///Y:91.45163
OnDrag-->X:13.06451///Y:93.62906
OnDrag-->X:13.06451///Y:95.80646
OnDrag-->X:13.06451///Y:97.98389
OnDrag-->X:13.06451///Y:100.1613
OnDrag-->X:13.06451///Y:102.3387
OnDrag-->X:13.06451///Y:106.6936
OnDrag-->X:15.24194///Y:108.871
OnDrag-->X:15.24194///Y:111.0484
OnDrag-->X:15.24194///Y:113.2258
OnDrag-->X:15.24194///Y:115.4032
OnDrag-->X:15.24194///Y:117.5807
OnDrag-->X:15.24194///Y:119.7581
OnDrag-->X:17.41937///Y:124.1129
OnDrag-->X:17.41937///Y:126.2903
OnDrag-->X:17.41937///Y:130.6452
OnDrag-->X:19.59674///Y:130.6452
OnDrag-->X:21.77423///Y:135
OnDrag-->X:21.77423///Y:137.1774
OnDrag-->X:21.77423///Y:141.5323
OnDrag-->X:21.77423///Y:143.7097
OnDrag-->X:23.9516///Y:145.8871
OnDrag-->X:23.9516///Y:148.0645
OnDrag-->X:23.9516///Y:150.2419
OnDrag-->X:26.12897///Y:154.5968
OnDrag-->X:26.12897///Y:156.7742
OnDrag-->X:28.30646///Y:158.9516
OnDrag-->X:28.30646///Y:161.1291
OnDrag-->X:28.30646///Y:163.3065
OnDrag-->X:28.30646///Y:167.6613
OnDrag-->X:28.30646///Y:169.8387
OnDrag-->X:28.30646///Y:174.1936
OnDrag-->X:28.30646///Y:176.371
OnDrag-->X:28.30646///Y:180.7258
OnDrag-->X:30.48383///Y:180.7258
OnDrag-->X:30.48383///Y:182.9033
OnDrag-->X:30.48383///Y:187.2581
OnDrag-->X:30.48383///Y:189.4355
OnDrag-->X:30.48383///Y:191.6129
OnDrag-->X:32.66132///Y:193.7903
OnDrag-->X:32.66132///Y:195.9678
OnDrag-->X:32.66132///Y:200.3226
OnDrag-->X:32.66132///Y:202.5
OnDrag-->X:34.83868///Y:204.6774
OnDrag-->X:34.83868///Y:206.8549
OnDrag-->X:34.83868///Y:209.0323
OnDrag-->X:34.83868///Y:211.2097
OnDrag-->X:37.01605///Y:213.3871
OnDrag-->X:37.01605///Y:215.5645
OnDrag-->X:37.01605///Y:217.742
OnDrag-->X:37.01605///Y:219.9194
OnDrag-->X:37.01605///Y:222.0968
OnDrag-->X:37.01605///Y:224.2742
OnDrag-->X:37.01605///Y:226.4516
OnDrag-->X:37.01605///Y:228.6291
OnDrag-->X:37.01605///Y:230.8065
OnDrag-->X:37.01605///Y:232.9839
OnDrag-->X:37.01605///Y:235.1613
OnDrag-->X:39.19354///Y:237.3387
OnDrag-->X:39.19354///Y:239.5161
OnDrag-->X:39.19354///Y:241.6936
OnDrag-->X:39.19354///Y:246.0484
OnDrag-->X:39.19354///Y:248.2258
OnDrag-->X:41.37091///Y:250.4032
OnDrag-->X:41.37091///Y:252.5807
OnDrag-->X:41.37091///Y:254.7581
OnDrag-->X:41.37091///Y:256.9355
OnDrag-->X:43.5484///Y:261.2904
OnDrag-->X:43.5484///Y:263.4677
OnDrag-->X:43.5484///Y:265.6452
OnDrag-->X:43.5484///Y:267.8226
OnDrag-->X:43.5484///Y:270
OnDrag-->X:43.5484///Y:272.1775
OnDrag-->X:43.5484///Y:274.3549
OnDrag-->X:43.5484///Y:276.5323
OnDrag-->X:43.5484///Y:278.7097
OnDrag-->X:43.5484///Y:280.8871
OnDrag-->X:43.5484///Y:283.0645
OnDrag-->X:45.72577///Y:285.242
OnDrag-->X:45.72577///Y:287.4194
OnDrag-->X:45.72577///Y:291.7742
OnDrag-->X:45.72577///Y:293.9516
OnDrag-->X:45.72577///Y:296.1291
OnDrag-->X:47.90326///Y:296.1291
OnDrag-->X:47.90326///Y:298.3065
OnDrag-->X:47.90326///Y:300.4839
OnDrag-->X:47.90326///Y:302.6613
OnDrag-->X:47.90326///Y:304.8387
OnDrag-->X:50.08063///Y:307.0161
OnDrag-->X:50.08063///Y:309.1936
OnDrag-->X:50.08063///Y:311.371
OnDrag-->X:50.08063///Y:313.5484
OnDrag-->X:50.08063///Y:315.7259
OnDrag-->X:50.08063///Y:317.9032
OnDrag-->X:50.08063///Y:320.0807
OnDrag-->X:50.08063///Y:322.2581
OnDrag-->X:50.08063///Y:326.6129
OnDrag-->X:52.258///Y:328.7904
OnDrag-->X:52.258///Y:330.9677
OnDrag-->X:52.258///Y:333.1452
OnDrag-->X:52.258///Y:335.3226
OnDrag-->X:52.258///Y:337.5
OnDrag-->X:54.43549///Y:339.6775
OnDrag-->X:54.43549///Y:341.8549
OnDrag-->X:54.43549///Y:344.0323
OnDrag-->X:56.61285///Y:346.2097
OnDrag-->X:56.61285///Y:348.3871
OnDrag-->X:56.61285///Y:350.5645
OnDrag-->X:56.61285///Y:352.742
OnDrag-->X:58.79034///Y:354.9194
OnDrag-->X:58.79034///Y:357.0968
OnDrag-->X:60.96771///Y:361.4516
OnDrag-->X:60.96771///Y:365.8065
OnDrag-->X:63.14508///Y:365.8065
OnDrag-->X:63.14508///Y:367.9839
OnDrag-->X:63.14508///Y:370.1613
OnDrag-->X:63.14508///Y:372.3387
OnDrag-->X:63.14508///Y:374.5161
OnDrag-->X:63.14508///Y:376.6936
OnDrag-->X:63.14508///Y:378.871
OnDrag-->X:65.32257///Y:381.0484
OnDrag-->X:65.32257///Y:383.2259
OnDrag-->X:65.32257///Y:385.4032
OnDrag-->X:67.49994///Y:387.5807
OnDrag-->X:67.49994///Y:389.7581
OnDrag-->X:67.49994///Y:391.9355
OnDrag-->X:67.49994///Y:394.1129
OnDrag-->X:69.67743///Y:396.2904
OnDrag-->X:69.67743///Y:400.6452
OnDrag-->X:69.67743///Y:405
OnDrag-->X:71.8548///Y:407.1775
OnDrag-->X:71.8548///Y:411.5323
OnDrag-->X:74.03229///Y:413.7097
OnDrag-->X:74.03229///Y:418.0645
OnDrag-->X:76.20966///Y:420.242
OnDrag-->X:76.20966///Y:422.4194
OnDrag-->X:76.20966///Y:426.7742
OnDrag-->X:80.56451///Y:433.3065
OnDrag-->X:82.74188///Y:437.6613
OnDrag-->X:82.74188///Y:442.0161
OnDrag-->X:82.74188///Y:444.1936
OnDrag-->X:82.74188///Y:446.371
OnDrag-->X:82.74188///Y:450.7259
OnDrag-->X:84.91937///Y:455.0807
OnDrag-->X:87.09674///Y:459.4355
OnDrag-->X:87.09674///Y:461.6129
OnDrag-->X:89.27411///Y:463.7904
OnDrag-->X:89.27411///Y:470.3226
OnDrag-->X:91.4516///Y:472.5
OnDrag-->X:91.4516///Y:476.8549
OnDrag-->X:91.4516///Y:479.0323
OnDrag-->X:93.62897///Y:485.5645
OnDrag-->X:95.80646///Y:487.742
OnDrag-->X:95.80646///Y:492.0968
OnDrag-->X:95.80646///Y:494.2742
OnDrag-->X:95.80646///Y:496.4516
OnDrag-->X:97.98383///Y:500.8065
OnDrag-->X:97.98383///Y:502.9839
OnDrag-->X:97.98383///Y:507.3387
OnDrag-->X:100.1613///Y:511.6936
OnDrag-->X:100.1613///Y:516.0485
OnDrag-->X:100.1613///Y:520.4032
OnDrag-->X:100.1613///Y:522.5807
OnDrag-->X:102.3387///Y:529.1129
OnDrag-->X:104.5161///Y:533.4678
OnDrag-->X:106.6935///Y:540
OnDrag-->X:106.6935///Y:544.3549
OnDrag-->X:106.6935///Y:548.7097
OnDrag-->X:111.0484///Y:555.2419
OnDrag-->X:111.0484///Y:557.4194
OnDrag-->X:111.0484///Y:561.7742
OnDrag-->X:113.2258///Y:563.9517
OnDrag-->X:113.2258///Y:570.4839
OnDrag-->X:113.2258///Y:572.6614
OnDrag-->X:113.2258///Y:577.0161
OnDrag-->X:113.2258///Y:579.1936
OnDrag-->X:115.4033///Y:585.7258
OnDrag-->X:115.4033///Y:592.2581
OnDrag-->X:117.5806///Y:594.4355
OnDrag-->X:119.758///Y:600.9678
OnDrag-->X:119.758///Y:603.1451
OnDrag-->X:121.9355///Y:607.5
OnDrag-->X:124.1129///Y:609.6775
OnDrag-->X:124.1129///Y:611.8549
OnDrag-->X:124.1129///Y:616.2097
OnDrag-->X:126.2903///Y:620.5646
OnDrag-->X:128.4677///Y:624.9194
OnDrag-->X:128.4677///Y:631.4517
OnDrag-->X:128.4677///Y:633.629
OnDrag-->X:130.6451///Y:637.9839
OnDrag-->X:134.9999///Y:648.871
OnDrag-->X:134.9999///Y:651.0485
OnDrag-->X:137.1774///Y:657.5807
OnDrag-->X:137.1774///Y:661.9355
OnDrag-->X:139.3548///Y:666.2904
OnDrag-->X:143.7097///Y:675
OnDrag-->X:143.7097///Y:681.5323
OnDrag-->X:143.7097///Y:688.0646
OnDrag-->X:145.887///Y:692.4194
OnDrag-->X:148.0645///Y:696.7742
OnDrag-->X:148.0645///Y:703.3065
OnDrag-->X:150.2419///Y:705.4839
OnDrag-->X:152.4194///Y:714.1936
OnDrag-->X:154.5967///Y:716.371
OnDrag-->X:156.7741///Y:722.9033
OnDrag-->X:156.7741///Y:725.0807
OnDrag-->X:158.9516///Y:731.6129
OnDrag-->X:161.129///Y:735.9678
OnDrag-->X:161.129///Y:738.1453
OnDrag-->X:161.129///Y:744.6775
OnDrag-->X:163.3065///Y:746.8549
OnDrag-->X:165.4838///Y:753.3872
OnDrag-->X:167.6613///Y:755.5646
OnDrag-->X:169.8387///Y:759.9194
OnDrag-->X:169.8387///Y:764.2743
OnDrag-->X:169.8387///Y:766.4517
OnDrag-->X:174.1935///Y:770.8065
OnDrag-->X:174.1935///Y:772.9839
OnDrag-->X:176.3709///Y:775.1614
OnDrag-->X:176.3709///Y:779.5162
OnDrag-->X:178.5484///Y:783.8711
OnDrag-->X:180.7258///Y:788.2258
OnDrag-->X:182.9031///Y:790.4033
OnDrag-->X:185.0806///Y:794.7582
OnDrag-->X:185.0806///Y:799.1129
OnDrag-->X:185.0806///Y:803.4678
OnDrag-->X:191.6129///Y:807.8226
OnDrag-->X:191.6129///Y:810.0001
OnDrag-->X:191.6129///Y:812.1775
OnDrag-->X:191.6129///Y:816.5323
OnDrag-->X:193.7903///Y:818.7097
OnDrag-->X:195.9677///Y:823.0646
OnDrag-->X:198.1451///Y:825.2421
OnDrag-->X:198.1451///Y:829.5968
OnDrag-->X:200.3226///Y:831.7743
OnDrag-->X:200.3226///Y:833.9517
OnDrag-->X:202.4999///Y:838.3065
OnDrag-->X:204.6774///Y:842.6614
OnDrag-->X:204.6774///Y:844.8387
OnDrag-->X:204.6774///Y:847.0162
OnDrag-->X:204.6774///Y:849.1936
OnDrag-->X:206.8548///Y:851.3711
OnDrag-->X:209.0322///Y:855.7258
OnDrag-->X:211.2097///Y:857.9033
OnDrag-->X:211.2097///Y:860.0807
OnDrag-->X:213.387///Y:864.4355
OnDrag-->X:213.387///Y:866.6129
OnDrag-->X:213.387///Y:868.7904
OnDrag-->X:217.7419///Y:870.9678
OnDrag-->X:217.7419///Y:873.1453
OnDrag-->X:217.7419///Y:877.5001
OnDrag-->X:219.9194///Y:879.6775
OnDrag-->X:219.9194///Y:881.8549
OnDrag-->X:219.9194///Y:884.0323
OnDrag-->X:222.0967///Y:886.2097
OnDrag-->X:224.2741///Y:888.3872
OnDrag-->X:224.2741///Y:890.5646
OnDrag-->X:226.4516///Y:892.7421
OnDrag-->X:226.4516///Y:894.9194
OnDrag-->X:226.4516///Y:897.0968
OnDrag-->X:226.4516///Y:899.2743
OnDrag-->X:230.8065///Y:901.4517
OnDrag-->X:230.8065///Y:905.8065
OnDrag-->X:232.9838///Y:907.9839
OnDrag-->X:232.9838///Y:912.3387
OnDrag-->X:235.1612///Y:912.3387
OnDrag-->X:235.1612///Y:914.5162
OnDrag-->X:237.3387///Y:916.6936
OnDrag-->X:237.3387///Y:918.8711
OnDrag-->X:239.5161///Y:921.0485
OnDrag-->X:241.6935///Y:925.4033
OnDrag-->X:241.6935///Y:927.5807
OnDrag-->X:243.8709///Y:929.7582
OnDrag-->X:243.8709///Y:931.9355
OnDrag-->X:246.0484///Y:934.113
OnDrag-->X:248.2258///Y:936.2904
OnDrag-->X:248.2258///Y:938.4678
OnDrag-->X:250.4031///Y:940.6453
OnDrag-->X:250.4031///Y:942.8226
OnDrag-->X:252.5806///Y:945.0001
OnDrag-->X:252.5806///Y:947.1775
OnDrag-->X:254.758///Y:947.1775
OnDrag-->X:256.9355///Y:949.3549
OnDrag-->X:256.9355///Y:951.5323
OnDrag-->X:259.1129///Y:953.7097
OnDrag-->X:259.1129///Y:955.8872
OnDrag-->X:259.1129///Y:958.0646
OnDrag-->X:263.4677///Y:962.4194
OnDrag-->X:263.4677///Y:964.5968
OnDrag-->X:265.6451///Y:964.5968
OnDrag-->X:267.8226///Y:966.7743
OnDrag-->X:269.9999///Y:968.9517
OnDrag-->X:269.9999///Y:971.1292
OnDrag-->X:269.9999///Y:973.3065
OnDrag-->X:272.1774///Y:975.4839
OnDrag-->X:274.3548///Y:977.6614
OnDrag-->X:274.3548///Y:982.0162
OnDrag-->X:276.5322///Y:982.0162
OnDrag-->X:276.5322///Y:984.1936
OnDrag-->X:278.7097///Y:986.3711
OnDrag-->X:280.887///Y:990.7258
OnDrag-->X:280.887///Y:992.9033
OnDrag-->X:283.0645///Y:992.9033
OnDrag-->X:283.0645///Y:995.0807
OnDrag-->X:283.0645///Y:997.2582
OnDrag-->X:285.2419///Y:999.4355
OnDrag-->X:285.2419///Y:992.9033
OnDrag-->X:285.2419///Y:984.1936
OnDrag-->X:285.2419///Y:973.3065
OnDrag-->X:285.2419///Y:960.2421
OnDrag-->X:285.2419///Y:949.3549
OnDrag-->X:285.2419///Y:929.7582
OnDrag-->X:285.2419///Y:907.9839
OnDrag-->X:285.2419///Y:886.2097
OnDrag-->X:285.2419///Y:862.2582
OnDrag-->X:285.2419///Y:847.0162
OnDrag-->X:285.2419///Y:827.4194
OnDrag-->X:283.0645///Y:807.8226
OnDrag-->X:283.0645///Y:792.5807
OnDrag-->X:280.887///Y:775.1614
OnDrag-->X:276.5322///Y:753.3872
OnDrag-->X:274.3548///Y:733.7904
OnDrag-->X:269.9999///Y:712.0161
OnDrag-->X:265.6451///Y:688.0646
OnDrag-->X:263.4677///Y:666.2904
OnDrag-->X:259.1129///Y:635.8065
OnDrag-->X:254.758///Y:607.5
OnDrag-->X:252.5806///Y:581.371
OnDrag-->X:246.0484///Y:548.7097
OnDrag-->X:241.6935///Y:518.2258
OnDrag-->X:239.5161///Y:496.4516
OnDrag-->X:235.1612///Y:463.7904
OnDrag-->X:232.9838///Y:439.8387
OnDrag-->X:228.629///Y:418.0645
OnDrag-->X:226.4516///Y:398.4677
OnDrag-->X:222.0967///Y:376.6936
OnDrag-->X:217.7419///Y:357.0968
OnDrag-->X:217.7419///Y:339.6775
OnDrag-->X:211.2097///Y:317.9032
OnDrag-->X:209.0322///Y:300.4839
OnDrag-->X:209.0322///Y:280.8871
OnDrag-->X:202.4999///Y:261.2904
OnDrag-->X:198.1451///Y:241.6936
OnDrag-->X:193.7903///Y:219.9194
OnDrag-->X:187.258///Y:198.1452
OnDrag-->X:182.9031///Y:180.7258
OnDrag-->X:176.3709///Y:161.1291
OnDrag-->X:172.0161///Y:139.3549
OnDrag-->X:165.4838///Y:117.5807
OnDrag-->X:163.3065///Y:104.5161
OnDrag-->X:163.3065///Y:84.91937
OnDrag-->X:161.129///Y:71.85486
OnDrag-->X:158.9516///Y:52.25809
OnDrag-->X:154.5967///Y:37.01614
OnDrag-->X:152.4194///Y:17.41937
OnDrag-->X:150.2419///Y:0
OnDrag-->X:148.0645///Y:-17.41934
OnDrag-->X:148.0645///Y:-34.83871
OnDrag-->X:141.5323///Y:-58.79033
OnDrag-->X:139.3548///Y:-74.03226
OnDrag-->X:137.1774///Y:-97.98387
OnDrag-->X:137.1774///Y:-115.4032
OnDrag-->X:128.4677///Y:-139.3548
OnDrag-->X:128.4677///Y:-158.9516
OnDrag-->X:124.1129///Y:-178.5484
OnDrag-->X:124.1129///Y:-198.1452
OnDrag-->X:119.758///Y:-222.0968
OnDrag-->X:115.4033///Y:-241.6936
OnDrag-->X:115.4033///Y:-265.6452
OnDrag-->X:108.8709///Y:-289.5968
OnDrag-->X:106.6935///Y:-309.1936
OnDrag-->X:104.5161///Y:-333.1452
OnDrag-->X:102.3387///Y:-357.0968
OnDrag-->X:93.62897///Y:-374.5161
OnDrag-->X:93.62897///Y:-398.4678
OnDrag-->X:89.27411///Y:-418.0645
OnDrag-->X:89.27411///Y:-442.0161
OnDrag-->X:82.74188///Y:-463.7903
OnDrag-->X:82.74188///Y:-476.8549
OnDrag-->X:80.56451///Y:-494.2742
OnDrag-->X:78.38702///Y:-509.5161
OnDrag-->X:74.03229///Y:-524.7581
OnDrag-->X:71.8548///Y:-537.8226
OnDrag-->X:71.8548///Y:-548.7097
OnDrag-->X:69.67743///Y:-559.5968
OnDrag-->X:69.67743///Y:-570.4839
OnDrag-->X:67.49994///Y:-577.0161
OnDrag-->X:65.32257///Y:-590.0807
OnDrag-->X:65.32257///Y:-594.4355
OnDrag-->X:65.32257///Y:-600.9678
OnDrag-->X:63.14508///Y:-605.3226
OnDrag-->X:63.14508///Y:-609.6774
OnDrag-->X:63.14508///Y:-611.8549
OnDrag-->X:60.96771///Y:-614.0322
OnDrag-->X:60.96771///Y:-616.2097
OnDrag-->X:56.61285///Y:-616.2097
OnDrag-->X:54.43549///Y:-616.2097
OnDrag-->X:52.258///Y:-614.0322
OnDrag-->X:52.258///Y:-611.8549
OnDrag-->X:50.08063///Y:-605.3226
OnDrag-->X:50.08063///Y:-596.6129
OnDrag-->X:47.90326///Y:-583.5484
OnDrag-->X:47.90326///Y:-563.9517
OnDrag-->X:47.90326///Y:-546.5323
OnDrag-->X:47.90326///Y:-529.1129
OnDrag-->X:47.90326///Y:-505.1613
OnDrag-->X:47.90326///Y:-485.5645
OnDrag-->X:47.90326///Y:-461.6129
OnDrag-->X:47.90326///Y:-444.1935
OnDrag-->X:50.08063///Y:-418.0645
OnDrag-->X:52.258///Y:-389.7581
OnDrag-->X:60.96771///Y:-359.2742
OnDrag-->X:63.14508///Y:-324.4355
OnDrag-->X:67.49994///Y:-285.2419
OnDrag-->X:78.38702///Y:-232.9839
OnDrag-->X:80.56451///Y:-195.9677
OnDrag-->X:89.27411///Y:-154.5968
OnDrag-->X:91.4516///Y:-124.1129
OnDrag-->X:95.80646///Y:-93.62904
OnDrag-->X:102.3387///Y:-67.5
OnDrag-->X:104.5161///Y:-45.7258
OnDrag-->X:106.6935///Y:-21.77417
OnDrag-->X:108.8709///Y:2.177429
OnDrag-->X:113.2258///Y:23.95163
OnDrag-->X:115.4033///Y:41.37097
OnDrag-->X:119.758///Y:69.67743
OnDrag-->X:126.2903///Y:93.62906
OnDrag-->X:128.4677///Y:117.5807
OnDrag-->X:132.8226///Y:143.7097
OnDrag-->X:139.3548///Y:158.9516
OnDrag-->X:141.5323///Y:172.0161
OnDrag-->X:141.5323///Y:178.5484
OnDrag-->X:145.887///Y:182.9033
OnDrag-->X:145.887///Y:172.0161
OnDrag-->X:145.887///Y:148.0645
OnDrag-->X:143.7097///Y:119.7581
OnDrag-->X:134.9999///Y:87.0968
OnDrag-->X:132.8226///Y:37.01614
OnDrag-->X:126.2903///Y:-13.06451
OnDrag-->X:115.4033///Y:-69.67743
OnDrag-->X:108.8709///Y:-132.8226
OnDrag-->X:100.1613///Y:-182.9032
OnDrag-->X:100.1613///Y:-241.6936
OnDrag-->X:91.4516///Y:-304.8387
OnDrag-->X:87.09674///Y:-354.9194
OnDrag-->X:87.09674///Y:-402.8226
OnDrag-->X:82.74188///Y:-463.7903
OnDrag-->X:80.56451///Y:-511.6936
OnDrag-->X:80.56451///Y:-566.129
OnDrag-->X:76.20966///Y:-627.0968
OnDrag-->X:76.20966///Y:-668.4678
OnDrag-->X:76.20966///Y:-720.7258
OnDrag-->X:76.20966///Y:-768.629
OnDrag-->X:74.03229///Y:-818.7097
OnDrag-->X:67.49994///Y:-857.9032
OnDrag-->X:63.14508///Y:-886.2097
OnDrag-->X:56.61285///Y:-923.2258
OnDrag-->X:56.61285///Y:-949.3549
OnDrag-->X:56.61285///Y:-979.8387
OnDrag-->X:56.61285///Y:-1003.79
OnDrag-->X:56.61285///Y:-1027.742
OnDrag-->X:56.61285///Y:-1049.516
OnDrag-->X:56.61285///Y:-1071.29
OnDrag-->X:56.61285///Y:-1088.71
OnDrag-->X:56.61285///Y:-1110.484
OnDrag-->X:56.61285///Y:-1132.258
OnDrag-->X:60.96771///Y:-1151.855
OnDrag-->X:60.96771///Y:-1167.097
OnDrag-->X:67.49994///Y:-1184.516
OnDrag-->X:69.67743///Y:-1199.758
OnDrag-->X:69.67743///Y:-1212.823
OnDrag-->X:69.67743///Y:-1219.355
OnDrag-->X:71.8548///Y:-1228.065
OnDrag-->X:76.20966///Y:-1234.597
OnEndDrag
OnInitializePotentialDrag
OnBeginDrag
OnDrag-->X:6.532227///Y:10.8871
OnDrag-->X:8.709717///Y:21.7742
OnDrag-->X:10.88708///Y:30.48389
OnDrag-->X:15.24194///Y:39.19356
OnDrag-->X:17.41931///Y:54.4355
OnDrag-->X:17.41931///Y:67.50002
OnDrag-->X:26.12903///Y:82.74196
OnDrag-->X:28.3064///Y:104.5162
OnDrag-->X:30.48389///Y:126.2904
OnDrag-->X:34.83875///Y:152.4194
OnDrag-->X:39.1936///Y:182.9032
OnDrag-->X:41.37097///Y:209.0323
OnDrag-->X:45.72583///Y:237.3387
OnDrag-->X:50.08069///Y:274.3549
OnDrag-->X:52.25806///Y:304.8387
OnDrag-->X:52.25806///Y:335.3226
OnDrag-->X:54.43542///Y:365.8065
OnDrag-->X:54.43542///Y:394.1129
OnDrag-->X:54.43542///Y:431.129
OnDrag-->X:54.43542///Y:459.4355
OnDrag-->X:54.43542///Y:487.7419
OnDrag-->X:54.43542///Y:513.871
OnDrag-->X:54.43542///Y:540
OnDrag-->X:54.43542///Y:559.5968
OnDrag-->X:58.79028///Y:581.371
OnDrag-->X:58.79028///Y:596.6129
OnDrag-->X:58.79028///Y:605.3226
OnDrag-->X:58.79028///Y:611.8549
OnDrag-->X:58.79028///Y:614.0323
OnDrag-->X:60.96777///Y:618.3871
OnEndDrag
OnInitializePotentialDrag
OnBeginDrag
OnDrag-->X:-2.17749///Y:-23.95166
OnDrag-->X:-2.17749///Y:-50.08069
OnDrag-->X:-2.17749///Y:-78.38715
OnDrag-->X:-2.17749///Y:-113.2258
OnDrag-->X:-2.17749///Y:-150.2419
OnDrag-->X:-2.17749///Y:-191.6129
OnDrag-->X:-2.17749///Y:-239.5162
OnDrag-->X:-2.17749///Y:-287.4194
OnDrag-->X:-2.17749///Y:-328.7904
OnDrag-->X:-2.17749///Y:-381.0484
OnDrag-->X:-2.17749///Y:-428.9517
OnDrag-->X:-2.17749///Y:-470.3226
OnDrag-->X:-2.17749///Y:-513.871
OnDrag-->X:-2.17749///Y:-555.242
OnDrag-->X:-2.17749///Y:-596.613
OnDrag-->X:-2.17749///Y:-644.5162
OnDrag-->X:-2.17749///Y:-685.8871
OnDrag-->X:-2.17749///Y:-733.7904
OnDrag-->X:-2.17749///Y:-775.1614
OnDrag-->X:-2.17749///Y:-823.0646
OnDrag-->X:-2.17749///Y:-877.5001
OnDrag-->X:-2.17749///Y:-923.2259
OnDrag-->X:-2.17749///Y:-984.1936
OnDrag-->X:-2.17749///Y:-1032.097
OnDrag-->X:-2.17749///Y:-1084.355
OnDrag-->X:-2.17749///Y:-1138.79
OnDrag-->X:-2.17749///Y:-1180.161
OnDrag-->X:-2.17749///Y:-1210.645
OnDrag-->X:-2.17749///Y:-1247.661
OnDrag-->X:-2.17749///Y:-1273.79
OnDrag-->X:-2.17749///Y:-1295.565
OnDrag-->X:-2.17749///Y:-1315.161
OnDrag-->X:-2.17749///Y:-1336.936
OnDrag-->X:-2.17749///Y:-1356.532
OnDrag-->X:-2.17749///Y:-1371.774
OnEndDrag
