*********************************************************************************************************start
By DESKTOP-FABB9DR
2024年6月25日  20:28:5

操作系统:  Windows 10  (10.0.19045) 64bit
系统内存大小:  32689
设备模型:  B450M K (Gigabyte Technology Co., Ltd.)
设备唯一标识符:  c285453562f43acbf38d3cb4bd3948b544d677d3
处理器数量:  12
处理器类型:  AMD Ryzen 5 5600 6-Core Processor 
显卡标识符:  8584
显卡名称:  NVIDIA GeForce GTX 1650
显卡标识符:  4318
显卡厂商:  NVIDIA
显卡版本:  Direct3D 11.0 [level 11.1]
显存大小:  3949
显卡着色器级别:  50
是否图像效果:  True
是否支持内置阴影:  True
*********************************************************************************************************end
LogInfo:

OnInitializePotentialDrag
OnBeginDrag
OnDrag-->X:2.17749///Y:15.24194
OnDrag-->X:2.17749///Y:19.59677
OnDrag-->X:2.17749///Y:28.30646
OnDrag-->X:2.17749///Y:37.01611
OnDrag-->X:2.17749///Y:50.08066
OnDrag-->X:2.17749///Y:58.79031
OnDrag-->X:2.17749///Y:65.32257
OnDrag-->X:2.17749///Y:74.03226
OnDrag-->X:2.17749///Y:80.56451
OnDrag-->X:2.17749///Y:84.91934
OnDrag-->X:2.17749///Y:89.2742
OnDrag-->X:2.17749///Y:93.62903
OnDrag-->X:2.17749///Y:97.98386
OnDrag-->X:2.17749///Y:102.3387
OnDrag-->X:2.17749///Y:104.5161
OnDrag-->X:4.354858///Y:111.0484
OnDrag-->X:4.354858///Y:115.4032
OnDrag-->X:4.354858///Y:119.7581
OnDrag-->X:4.354858///Y:124.1129
OnDrag-->X:6.532349///Y:128.4677
OnDrag-->X:6.532349///Y:132.8226
OnDrag-->X:8.709717///Y:141.5323
OnDrag-->X:8.709717///Y:150.2419
OnDrag-->X:10.88708///Y:161.129
OnDrag-->X:15.24194///Y:169.8387
OnDrag-->X:15.24194///Y:178.5484
OnDrag-->X:17.41943///Y:189.4355
OnDrag-->X:19.5968///Y:200.3226
OnDrag-->X:19.5968///Y:206.8549
OnDrag-->X:19.5968///Y:215.5645
OnDrag-->X:19.5968///Y:226.4516
OnDrag-->X:23.95166///Y:237.3387
OnDrag-->X:23.95166///Y:241.6935
OnDrag-->X:26.12903///Y:250.4033
OnDrag-->X:26.12903///Y:256.9355
OnDrag-->X:26.12903///Y:261.2903
OnDrag-->X:28.30652///Y:270
OnDrag-->X:28.30652///Y:276.5323
OnDrag-->X:30.48389///Y:280.8871
OnDrag-->X:30.48389///Y:287.4194
OnDrag-->X:32.66138///Y:293.9516
OnDrag-->X:32.66138///Y:302.6613
OnDrag-->X:34.83875///Y:307.0161
OnDrag-->X:34.83875///Y:313.5484
OnDrag-->X:37.01624///Y:320.0806
OnDrag-->X:37.01624///Y:324.4355
OnDrag-->X:37.01624///Y:330.9678
OnDrag-->X:37.01624///Y:337.5
OnDrag-->X:37.01624///Y:344.0323
OnDrag-->X:37.01624///Y:346.2097
OnDrag-->X:37.01624///Y:350.5645
OnDrag-->X:41.37097///Y:357.0968
OnDrag-->X:41.37097///Y:361.4516
OnDrag-->X:43.54846///Y:365.8065
OnDrag-->X:43.54846///Y:367.9839
OnDrag-->X:43.54846///Y:372.3387
OnDrag-->X:43.54846///Y:374.5161
OnDrag-->X:43.54846///Y:378.871
OnDrag-->X:43.54846///Y:381.0484
OnDrag-->X:43.54846///Y:387.5806
OnDrag-->X:43.54846///Y:389.7581
OnDrag-->X:43.54846///Y:396.2903
OnDrag-->X:43.54846///Y:398.4678
OnDrag-->X:43.54846///Y:407.1774
OnDrag-->X:43.54846///Y:411.5323
OnDrag-->X:43.54846///Y:415.8871
OnDrag-->X:43.54846///Y:422.4194
OnDrag-->X:43.54846///Y:428.9516
OnDrag-->X:43.54846///Y:433.3065
OnDrag-->X:43.54846///Y:437.6613
OnDrag-->X:43.54846///Y:444.1935
OnDrag-->X:43.54846///Y:446.371
OnDrag-->X:43.54846///Y:452.9033
OnDrag-->X:43.54846///Y:457.2581
OnDrag-->X:43.54846///Y:461.6129
OnDrag-->X:43.54846///Y:468.1452
OnDrag-->X:43.54846///Y:472.5
OnDrag-->X:43.54846///Y:479.0323
OnDrag-->X:43.54846///Y:483.3871
OnDrag-->X:43.54846///Y:485.5645
OnDrag-->X:43.54846///Y:487.7419
OnDrag-->X:43.54846///Y:492.0968
OnDrag-->X:43.54846///Y:494.2742
OnDrag-->X:43.54846///Y:496.4516
OnDrag-->X:43.54846///Y:498.629
OnDrag-->X:43.54846///Y:500.8065
OnDrag-->X:43.54846///Y:502.9839
OnDrag-->X:43.54846///Y:505.1613
OnDrag-->X:43.54846///Y:507.3387
OnDrag-->X:43.54846///Y:509.5161
OnDrag-->X:43.54846///Y:511.6935
OnDrag-->X:43.54846///Y:513.871
OnDrag-->X:43.54846///Y:516.0484
OnDrag-->X:41.37097///Y:518.2258
OnDrag-->X:41.37097///Y:520.4033
OnDrag-->X:41.37097///Y:522.5806
OnDrag-->X:41.37097///Y:524.7581
OnDrag-->X:39.1936///Y:529.1129
OnEndDrag
OnInitializePotentialDrag
OnBeginDrag
OnDrag-->X:0///Y:10.88708
OnDrag-->X:2.177429///Y:19.59677
OnDrag-->X:4.354858///Y:28.30643
OnDrag-->X:4.354858///Y:45.7258
OnDrag-->X:8.709717///Y:60.96774
OnDrag-->X:10.88715///Y:84.91934
OnDrag-->X:10.88715///Y:113.2258
OnDrag-->X:10.88715///Y:145.8871
OnDrag-->X:10.88715///Y:180.7258
OnDrag-->X:10.88715///Y:239.5161
OnDrag-->X:10.88715///Y:304.8387
OnDrag-->X:10.88715///Y:370.1613
OnDrag-->X:10.88715///Y:446.371
OnDrag-->X:10.88715///Y:511.6935
OnDrag-->X:10.88715///Y:577.0161
OnDrag-->X:10.88715///Y:635.8065
OnDrag-->X:10.88715///Y:683.7097
OnEndDrag
OnInitializePotentialDrag
OnBeginDrag
OnDrag-->X:8.709717///Y:23.9516
OnDrag-->X:8.709717///Y:45.7258
OnDrag-->X:8.709717///Y:74.03226
OnDrag-->X:8.709717///Y:97.98386
OnDrag-->X:8.709717///Y:126.2903
OnDrag-->X:4.354858///Y:150.2419
OnDrag-->X:2.177429///Y:178.5484
OnDrag-->X:2.177429///Y:209.0323
OnDrag-->X:2.177429///Y:239.5161
OnDrag-->X:2.177429///Y:272.1774
OnDrag-->X:2.177429///Y:298.3064
OnDrag-->X:2.177429///Y:324.4355
OnDrag-->X:2.177429///Y:344.0323
OnDrag-->X:2.177429///Y:363.6291
OnDrag-->X:2.177429///Y:381.0484
OnDrag-->X:2.177429///Y:402.8226
OnDrag-->X:2.177429///Y:420.2419
OnDrag-->X:2.177429///Y:437.6613
OnDrag-->X:2.177429///Y:455.0807
OnDrag-->X:2.177429///Y:472.5
OnDrag-->X:2.177429///Y:489.9193
OnDrag-->X:2.177429///Y:507.3387
OnDrag-->X:2.177429///Y:518.2258
OnDrag-->X:2.177429///Y:533.4678
OnDrag-->X:2.177429///Y:548.7097
OnDrag-->X:2.177429///Y:559.5968
OnDrag-->X:2.177429///Y:568.3064
OnDrag-->X:2.177429///Y:577.0161
OnDrag-->X:2.177429///Y:583.5483
OnDrag-->X:2.177429///Y:592.2581
OnDrag-->X:2.177429///Y:596.6129
OnDrag-->X:2.177429///Y:605.3226
OnDrag-->X:2.177429///Y:616.2097
OnDrag-->X:2.177429///Y:627.0968
OnDrag-->X:2.177429///Y:633.629
OnDrag-->X:2.177429///Y:642.3387
OnDrag-->X:2.177429///Y:646.6936
OnDrag-->X:2.177429///Y:653.2258
OnDrag-->X:2.177429///Y:655.4033
OnDrag-->X:2.177429///Y:657.5807
OnDrag-->X:2.177429///Y:659.7581
OnDrag-->X:2.177429///Y:661.9355
OnDrag-->X:2.177429///Y:664.1129
OnEndDrag
OnInitializePotentialDrag
OnBeginDrag
OnDrag-->X:0///Y:10.88712
OnDrag-->X:0///Y:13.06448
OnDrag-->X:0///Y:21.7742
OnDrag-->X:0///Y:28.30643
OnDrag-->X:0///Y:34.83871
OnDrag-->X:0///Y:41.37094
OnDrag-->X:0///Y:47.90323
OnDrag-->X:0///Y:54.43546
OnDrag-->X:0///Y:58.79031
OnDrag-->X:0///Y:63.14517
OnDrag-->X:0///Y:69.6774
OnDrag-->X:0///Y:76.20969
OnDrag-->X:0///Y:82.74191
OnDrag-->X:0///Y:87.09677
OnDrag-->X:0///Y:93.629
OnDrag-->X:0///Y:100.1613
OnDrag-->X:0///Y:102.3387
OnDrag-->X:0///Y:108.8709
OnDrag-->X:0///Y:115.4032
OnDrag-->X:0///Y:117.5807
OnDrag-->X:0///Y:124.1129
OnDrag-->X:0///Y:126.2903
OnDrag-->X:0///Y:130.6452
OnDrag-->X:0///Y:132.8226
OnDrag-->X:0///Y:137.1774
OnDrag-->X:0///Y:139.3548
OnEndDrag
