*********************************************************************************************************start
By DESKTOP-FABB9DR
2024年6月25日  20:26:28

操作系统:  Windows 10  (10.0.19045) 64bit
系统内存大小:  32689
设备模型:  B450M K (Gigabyte Technology Co., Ltd.)
设备唯一标识符:  c285453562f43acbf38d3cb4bd3948b544d677d3
处理器数量:  12
处理器类型:  AMD Ryzen 5 5600 6-Core Processor 
显卡标识符:  8584
显卡名称:  NVIDIA GeForce GTX 1650
显卡标识符:  4318
显卡厂商:  NVIDIA
显卡版本:  Direct3D 11.0 [level 11.1]
显存大小:  3949
显卡着色器级别:  50
是否图像效果:  True
是否支持内置阴影:  True
*********************************************************************************************************end
LogInfo:

OnInitializePotentialDrag
OnBeginDrag
OnDrag-->X:0///Y:10.88708
OnDrag-->X:2.177368///Y:13.06451
OnDrag-->X:2.177368///Y:17.41934
OnDrag-->X:2.177368///Y:19.59677
OnDrag-->X:2.177368///Y:21.77417
OnDrag-->X:4.354736///Y:23.9516
OnDrag-->X:4.354736///Y:26.12903
OnDrag-->X:4.354736///Y:28.30646
OnDrag-->X:4.354736///Y:32.66129
OnDrag-->X:4.354736///Y:34.83871
OnDrag-->X:4.354736///Y:39.19354
OnDrag-->X:4.354736///Y:41.37097
OnDrag-->X:4.354736///Y:43.54837
OnDrag-->X:4.354736///Y:47.90323
OnDrag-->X:4.354736///Y:50.08063
OnDrag-->X:4.354736///Y:52.25806
OnDrag-->X:4.354736///Y:54.43549
OnDrag-->X:4.354736///Y:56.61288
OnDrag-->X:4.354736///Y:58.79031
OnDrag-->X:4.354736///Y:60.96774
OnDrag-->X:4.354736///Y:67.5
OnDrag-->X:4.354736///Y:69.6774
OnDrag-->X:6.532227///Y:71.85483
OnDrag-->X:6.532227///Y:74.03226
OnDrag-->X:6.532227///Y:80.56451
OnDrag-->X:8.709595///Y:82.74191
OnDrag-->X:8.709595///Y:89.2742
OnDrag-->X:8.709595///Y:97.98386
OnDrag-->X:8.709595///Y:100.1613
OnDrag-->X:8.709595///Y:108.871
OnDrag-->X:13.06445///Y:115.4032
OnDrag-->X:13.06445///Y:121.9355
OnDrag-->X:13.06445///Y:126.2903
OnDrag-->X:15.24182///Y:130.6451
OnDrag-->X:15.24182///Y:132.8226
OnDrag-->X:15.24182///Y:139.3548
OnDrag-->X:15.24182///Y:143.7097
OnDrag-->X:15.24182///Y:150.2419
OnDrag-->X:17.41931///Y:156.7742
OnDrag-->X:17.41931///Y:165.4839
OnDrag-->X:19.59668///Y:174.1935
OnDrag-->X:21.77417///Y:180.7258
OnDrag-->X:21.77417///Y:187.2581
OnDrag-->X:21.77417///Y:191.6129
OnDrag-->X:21.77417///Y:198.1452
OnDrag-->X:23.95154///Y:204.6774
OnDrag-->X:23.95154///Y:209.0323
OnDrag-->X:26.12903///Y:217.7419
OnDrag-->X:26.12903///Y:224.2742
OnDrag-->X:28.3064///Y:232.9839
OnDrag-->X:30.48376///Y:241.6936
OnDrag-->X:32.66125///Y:252.5807
OnDrag-->X:32.66125///Y:261.2903
OnDrag-->X:32.66125///Y:270
OnDrag-->X:32.66125///Y:278.7097
OnDrag-->X:34.83862///Y:289.5968
OnDrag-->X:34.83862///Y:296.1291
OnDrag-->X:34.83862///Y:304.8387
OnDrag-->X:34.83862///Y:311.3709
OnDrag-->X:39.19348///Y:320.0807
OnDrag-->X:39.19348///Y:322.2581
OnDrag-->X:39.19348///Y:328.7903
OnDrag-->X:39.19348///Y:337.5
OnDrag-->X:39.19348///Y:344.0323
OnDrag-->X:39.19348///Y:348.3871
OnDrag-->X:39.19348///Y:354.9193
OnDrag-->X:39.19348///Y:361.4516
OnDrag-->X:39.19348///Y:363.6291
OnDrag-->X:41.37085///Y:370.1613
OnDrag-->X:41.37085///Y:376.6936
OnDrag-->X:41.37085///Y:378.8709
OnDrag-->X:41.37085///Y:383.2258
OnDrag-->X:41.37085///Y:385.4032
OnDrag-->X:41.37085///Y:389.7581
OnDrag-->X:41.37085///Y:391.9355
OnDrag-->X:41.37085///Y:394.1129
OnDrag-->X:41.37085///Y:398.4677
OnDrag-->X:41.37085///Y:402.8226
OnDrag-->X:41.37085///Y:409.3548
OnDrag-->X:41.37085///Y:415.8871
OnDrag-->X:41.37085///Y:418.0645
OnDrag-->X:41.37085///Y:420.2419
OnDrag-->X:41.37085///Y:422.4193
OnDrag-->X:41.37085///Y:426.7742
OnDrag-->X:41.37085///Y:428.9516
OnDrag-->X:43.54834///Y:435.4839
OnDrag-->X:43.54834///Y:439.8387
OnDrag-->X:43.54834///Y:442.0161
OnDrag-->X:43.54834///Y:446.371
OnDrag-->X:47.9032///Y:452.9032
OnDrag-->X:47.9032///Y:455.0807
OnDrag-->X:47.9032///Y:459.4355
OnDrag-->X:47.9032///Y:463.7903
OnDrag-->X:47.9032///Y:468.1452
OnDrag-->X:47.9032///Y:472.5
OnDrag-->X:50.08057///Y:474.6774
OnDrag-->X:50.08057///Y:479.0323
OnDrag-->X:50.08057///Y:481.2097
OnDrag-->X:52.25806///Y:485.5645
OnDrag-->X:52.25806///Y:489.9193
OnDrag-->X:52.25806///Y:494.2742
OnDrag-->X:52.25806///Y:498.6291
OnDrag-->X:54.43542///Y:502.9839
OnDrag-->X:54.43542///Y:505.1613
OnDrag-->X:54.43542///Y:509.5161
OnDrag-->X:56.61279///Y:511.6936
OnDrag-->X:56.61279///Y:513.871
OnDrag-->X:56.61279///Y:516.0483
OnDrag-->X:56.61279///Y:520.4032
OnDrag-->X:58.79028///Y:522.5807
OnDrag-->X:58.79028///Y:524.7581
OnDrag-->X:58.79028///Y:529.1129
OnDrag-->X:58.79028///Y:531.2903
OnDrag-->X:58.79028///Y:537.8226
OnDrag-->X:58.79028///Y:540
OnDrag-->X:58.79028///Y:544.3549
OnDrag-->X:63.14514///Y:548.7097
OnDrag-->X:63.14514///Y:550.8871
OnEndDrag
OnInitializePotentialDrag
OnBeginDrag
OnDrag-->X:-2.177368///Y:-13.06451
OnDrag-->X:-2.177368///Y:-19.59674
OnDrag-->X:-2.177368///Y:-23.9516
OnDrag-->X:-6.532227///Y:-34.83868
OnDrag-->X:-6.532227///Y:-41.37097
OnDrag-->X:-6.532227///Y:-50.08063
OnDrag-->X:-8.709595///Y:-65.32257
OnDrag-->X:-8.709595///Y:-78.38708
OnDrag-->X:-10.88708///Y:-91.4516
OnDrag-->X:-15.24194///Y:-113.2258
OnDrag-->X:-15.24194///Y:-139.3548
OnDrag-->X:-21.77417///Y:-172.0161
OnDrag-->X:-21.77417///Y:-198.1451
OnDrag-->X:-21.77417///Y:-224.2742
OnDrag-->X:-23.95154///Y:-252.5806
OnDrag-->X:-23.95154///Y:-270
OnDrag-->X:-23.95154///Y:-285.2419
OnDrag-->X:-23.95154///Y:-293.9516
OnDrag-->X:-23.95154///Y:-298.3065
OnDrag-->X:-23.95154///Y:-302.6613
OnDrag-->X:-23.95154///Y:-304.8387
OnDrag-->X:-23.95154///Y:-311.371
OnDrag-->X:-23.95154///Y:-313.5484
OnDrag-->X:-23.95154///Y:-315.7258
OnDrag-->X:-23.95154///Y:-317.9032
OnDrag-->X:-23.95154///Y:-320.0806
OnDrag-->X:-23.95154///Y:-322.2581
OnDrag-->X:-23.95154///Y:-324.4355
OnDrag-->X:-23.95154///Y:-326.6129
OnDrag-->X:-23.95154///Y:-330.9677
OnDrag-->X:-23.95154///Y:-333.1451
OnEndDrag
OnInitializePotentialDrag
OnBeginDrag
OnDrag-->X:-2.177368///Y:17.41934
OnDrag-->X:-2.177368///Y:26.12903
OnDrag-->X:-2.177368///Y:43.5484
OnDrag-->X:-2.177368///Y:58.79031
OnDrag-->X:-2.177368///Y:76.20969
OnDrag-->X:-2.177368///Y:91.45163
OnDrag-->X:-2.177368///Y:108.871
OnDrag-->X:-2.177368///Y:119.7581
OnDrag-->X:-2.177368///Y:132.8226
OnDrag-->X:-2.177368///Y:141.5323
OnDrag-->X:-2.177368///Y:152.4194
OnDrag-->X:-2.177368///Y:161.129
OnDrag-->X:-2.177368///Y:169.8387
OnDrag-->X:-2.177368///Y:180.7258
OnDrag-->X:-2.177368///Y:193.7903
OnDrag-->X:-2.177368///Y:209.0323
OnDrag-->X:-2.177368///Y:219.9194
OnDrag-->X:-2.177368///Y:235.1613
OnDrag-->X:-2.177368///Y:248.2258
OnDrag-->X:-2.177368///Y:256.9355
OnDrag-->X:-2.177368///Y:261.2903
OnDrag-->X:-2.177368///Y:265.6451
OnDrag-->X:-2.177368///Y:270
OnDrag-->X:-2.177368///Y:272.1774
OnDrag-->X:-2.177368///Y:274.3549
OnDrag-->X:-2.177368///Y:276.5323
OnEndDrag
OnInitializePotentialDrag
OnBeginDrag
OnDrag-->X:15.24194///Y:-4.354858
OnDrag-->X:23.95166///Y:-4.354858
OnDrag-->X:32.66125///Y:-4.354858
OnDrag-->X:43.54834///Y:-6.532288
OnDrag-->X:54.43542///Y:-6.532288
OnDrag-->X:65.32251///Y:-6.532288
OnDrag-->X:74.03223///Y:-6.532288
OnDrag-->X:82.74194///Y:-6.532288
OnDrag-->X:91.45154///Y:-6.532288
OnDrag-->X:97.98389///Y:-6.532288
OnDrag-->X:106.6935///Y:-6.532288
OnDrag-->X:111.0483///Y:-6.532288
OnDrag-->X:119.7581///Y:-6.532288
OnDrag-->X:124.1129///Y:-6.532288
OnDrag-->X:128.4678///Y:-6.532288
OnDrag-->X:132.8225///Y:-8.709717
OnDrag-->X:139.3549///Y:-8.709717
OnDrag-->X:143.7097///Y:-13.06451
OnDrag-->X:148.0645///Y:-13.06451
OnDrag-->X:154.5968///Y:-13.06451
OnDrag-->X:156.7742///Y:-13.06451
OnDrag-->X:163.3064///Y:-13.06451
OnDrag-->X:172.0161///Y:-15.24194
OnDrag-->X:180.7258///Y:-17.41937
OnDrag-->X:187.2581///Y:-17.41937
OnDrag-->X:200.3225///Y:-19.5968
OnDrag-->X:206.8549///Y:-21.77423
OnDrag-->X:213.3871///Y:-21.77423
OnDrag-->X:215.5645///Y:-21.77423
OnDrag-->X:222.0968///Y:-21.77423
OnDrag-->X:224.2742///Y:-21.77423
OnDrag-->X:226.4515///Y:-21.77423
OnDrag-->X:228.629///Y:-23.95166
OnDrag-->X:232.9839///Y:-23.95166
OnDrag-->X:235.1613///Y:-23.95166
OnDrag-->X:237.3386///Y:-23.95166
OnDrag-->X:239.5161///Y:-23.95166
OnDrag-->X:241.6935///Y:-23.95166
OnDrag-->X:243.871///Y:-23.95166
OnDrag-->X:246.0483///Y:-23.95166
OnDrag-->X:248.2258///Y:-23.95166
OnDrag-->X:250.4032///Y:-23.95166
OnDrag-->X:252.5806///Y:-23.95166
OnEndDrag
OnInitializePotentialDrag
OnBeginDrag
OnDrag-->X:-17.41931///Y:-2.177429
OnDrag-->X:-26.12903///Y:-2.177429
OnDrag-->X:-37.01611///Y:-2.177429
OnDrag-->X:-54.43542///Y:-2.177429
OnDrag-->X:-71.85474///Y:-2.177429
OnDrag-->X:-91.45154///Y:-2.177429
OnDrag-->X:-115.4032///Y:-2.177429
OnDrag-->X:-139.3547///Y:-2.177429
OnDrag-->X:-165.4838///Y:-2.177429
OnDrag-->X:-193.7903///Y:-2.177429
OnDrag-->X:-222.0967///Y:-2.177429
OnDrag-->X:-246.0483///Y:-2.177429
OnDrag-->X:-272.1774///Y:-2.177429
OnDrag-->X:-293.9515///Y:-2.177429
OnDrag-->X:-317.9031///Y:-2.177429
OnDrag-->X:-341.8548///Y:-2.177429
OnDrag-->X:-363.629///Y:-2.177429
OnDrag-->X:-381.0483///Y:-2.177429
OnDrag-->X:-396.2902///Y:-2.177429
OnDrag-->X:-411.5322///Y:-2.177429
OnDrag-->X:-420.2419///Y:-2.177429
OnDrag-->X:-428.9515///Y:-2.177429
OnDrag-->X:-431.129///Y:-2.177429
OnDrag-->X:-433.3064///Y:-2.177429
OnDrag-->X:-435.4838///Y:-2.177429
OnEndDrag
OnInitializePotentialDrag
OnBeginDrag
OnDrag-->X:13.06451///Y:0
OnDrag-->X:21.77423///Y:0
OnDrag-->X:30.48389///Y:0
OnDrag-->X:45.72583///Y:0
OnDrag-->X:60.96777///Y:0
OnDrag-->X:71.85486///Y:0
OnDrag-->X:91.45166///Y:0
OnDrag-->X:113.2258///Y:0
OnDrag-->X:132.8226///Y:0
OnDrag-->X:156.7742///Y:0
OnDrag-->X:176.371///Y:0
OnDrag-->X:200.3226///Y:0
OnDrag-->X:226.4516///Y:0
OnDrag-->X:248.2258///Y:0
OnDrag-->X:272.1774///Y:0
OnDrag-->X:291.7742///Y:0
OnDrag-->X:313.5484///Y:-4.354858
OnDrag-->X:326.6129///Y:-4.354858
OnDrag-->X:339.6774///Y:-8.709656
OnDrag-->X:348.3871///Y:-8.709656
OnDrag-->X:354.9194///Y:-8.709656
OnDrag-->X:357.0967///Y:-8.709656
OnEndDrag
OnInitializePotentialDrag
OnBeginDrag
OnDrag-->X:-15.24194///Y:-2.177429
OnDrag-->X:-26.12903///Y:-4.354858
OnDrag-->X:-39.19348///Y:-4.354858
OnDrag-->X:-58.79028///Y:-8.709656
OnDrag-->X:-76.20966///Y:-8.709656
OnDrag-->X:-95.8064///Y:-8.709656
OnDrag-->X:-115.4032///Y:-10.88708
OnDrag-->X:-137.1774///Y:-13.06451
OnDrag-->X:-156.7742///Y:-15.24194
OnDrag-->X:-178.5483///Y:-19.59674
OnDrag-->X:-198.1451///Y:-19.59674
OnDrag-->X:-219.9193///Y:-19.59674
OnDrag-->X:-241.6935///Y:-19.59674
OnDrag-->X:-256.9354///Y:-19.59674
OnDrag-->X:-274.3548///Y:-19.59674
OnDrag-->X:-283.0645///Y:-21.77417
OnDrag-->X:-291.7742///Y:-21.77417
OnDrag-->X:-296.129///Y:-23.9516
OnDrag-->X:-302.6613///Y:-23.9516
OnEndDrag
OnInitializePotentialDrag
OnBeginDrag
OnDrag-->X:6.532227///Y:8.709671
OnDrag-->X:8.709656///Y:17.41936
OnDrag-->X:8.709656///Y:30.48387
OnDrag-->X:13.06451///Y:45.72581
OnDrag-->X:15.24188///Y:58.79033
OnDrag-->X:17.41931///Y:74.03227
OnDrag-->X:17.41931///Y:95.80647
OnDrag-->X:23.9516///Y:115.4032
OnDrag-->X:23.9516///Y:139.3548
OnDrag-->X:28.3064///Y:161.129
OnDrag-->X:30.48383///Y:187.2581
OnDrag-->X:37.01611///Y:213.3871
OnDrag-->X:41.37091///Y:246.0484
OnDrag-->X:43.54834///Y:274.3549
OnDrag-->X:52.25806///Y:307.0162
OnDrag-->X:60.96771///Y:339.6774
OnDrag-->X:63.14514///Y:376.6936
OnDrag-->X:69.67737///Y:402.8226
OnDrag-->X:74.03223///Y:428.9517
OnEndDrag
OnInitializePotentialDrag
OnBeginDrag
OnDrag-->X:0///Y:15.24191
OnDrag-->X:0///Y:30.48386
OnDrag-->X:0///Y:47.9032
OnDrag-->X:2.177429///Y:63.14514
OnDrag-->X:4.354858///Y:80.56451
OnDrag-->X:4.354858///Y:95.80643
OnDrag-->X:4.354858///Y:106.6935
OnDrag-->X:4.354858///Y:124.1129
OnDrag-->X:4.354858///Y:139.3548
OnDrag-->X:4.354858///Y:156.7742
OnDrag-->X:4.354858///Y:172.0161
OnDrag-->X:4.354858///Y:191.6129
OnDrag-->X:4.354858///Y:209.0323
OnDrag-->X:4.354858///Y:226.4516
OnDrag-->X:4.354858///Y:246.0484
OnDrag-->X:4.354858///Y:267.8226
OnDrag-->X:4.354858///Y:287.4193
OnDrag-->X:4.354858///Y:304.8387
OnDrag-->X:4.354858///Y:320.0807
OnDrag-->X:4.354858///Y:333.1452
OnDrag-->X:4.354858///Y:346.2097
OnDrag-->X:4.354858///Y:361.4516
OnDrag-->X:4.354858///Y:370.1613
OnDrag-->X:4.354858///Y:381.0484
OnDrag-->X:4.354858///Y:394.1129
OnDrag-->X:4.354858///Y:402.8226
OnDrag-->X:4.354858///Y:415.8871
OnDrag-->X:8.709717///Y:435.4839
OnDrag-->X:10.88708///Y:446.3709
OnDrag-->X:13.06451///Y:461.6129
OnDrag-->X:13.06451///Y:474.6774
OnDrag-->X:13.06451///Y:485.5645
OnDrag-->X:13.06451///Y:492.0968
OnDrag-->X:13.06451///Y:498.6291
OnDrag-->X:13.06451///Y:500.8064
OnDrag-->X:13.06451///Y:502.9839
OnDrag-->X:13.06451///Y:505.1613
OnEndDrag
OnInitializePotentialDrag
OnBeginDrag
OnDrag-->X:0///Y:15.24194
OnDrag-->X:0///Y:26.12903
OnDrag-->X:0///Y:41.37097
OnDrag-->X:0///Y:54.43549
OnDrag-->X:0///Y:74.03226
OnDrag-->X:0///Y:89.2742
OnDrag-->X:0///Y:108.8709
OnDrag-->X:0///Y:132.8226
OnDrag-->X:0///Y:152.4193
OnDrag-->X:0///Y:169.8387
OnDrag-->X:0///Y:193.7903
OnDrag-->X:4.354797///Y:215.5645
OnDrag-->X:6.532227///Y:235.1613
OnDrag-->X:6.532227///Y:254.7581
OnDrag-->X:8.709656///Y:270
OnDrag-->X:10.88708///Y:285.2419
OnDrag-->X:15.24194///Y:302.6613
OnDrag-->X:17.41931///Y:317.9032
OnDrag-->X:17.41931///Y:333.1452
OnDrag-->X:17.41931///Y:344.0323
OnDrag-->X:17.41931///Y:354.9193
OnDrag-->X:17.41931///Y:374.5161
OnDrag-->X:17.41931///Y:383.2258
OnDrag-->X:17.41931///Y:391.9355
OnDrag-->X:19.59674///Y:400.6452
OnDrag-->X:19.59674///Y:409.3548
OnDrag-->X:19.59674///Y:415.8871
OnDrag-->X:19.59674///Y:424.5968
OnDrag-->X:19.59674///Y:428.9516
OnDrag-->X:19.59674///Y:442.0161
OnDrag-->X:21.77417///Y:452.9032
OnDrag-->X:26.12903///Y:461.6129
OnDrag-->X:26.12903///Y:470.3226
OnDrag-->X:26.12903///Y:476.8548
OnDrag-->X:26.12903///Y:485.5645
OnDrag-->X:28.30646///Y:492.0968
OnDrag-->X:28.30646///Y:498.6291
OnDrag-->X:28.30646///Y:507.3387
OnDrag-->X:30.48389///Y:507.3387
OnDrag-->X:30.48389///Y:513.871
OnDrag-->X:32.66125///Y:520.4032
OnDrag-->X:32.66125///Y:522.5807
OnDrag-->X:32.66125///Y:526.9355
OnDrag-->X:32.66125///Y:529.1129
OnDrag-->X:34.83868///Y:531.2903
OnDrag-->X:34.83868///Y:535.6451
OnDrag-->X:34.83868///Y:537.8226
OnDrag-->X:34.83868///Y:542.1775
OnDrag-->X:37.01611///Y:544.3549
OnDrag-->X:37.01611///Y:548.7097
OnDrag-->X:37.01611///Y:550.8871
OnEndDrag
OnInitializePotentialDrag
OnBeginDrag
OnDrag-->X:0///Y:10.88708
OnDrag-->X:0///Y:19.5968
OnDrag-->X:0///Y:26.12903
OnDrag-->X:0///Y:32.66132
OnDrag-->X:0///Y:47.90326
OnDrag-->X:0///Y:58.79034
OnDrag-->X:0///Y:71.85486
OnDrag-->X:0///Y:87.0968
OnDrag-->X:0///Y:97.98389
OnDrag-->X:0///Y:106.6935
OnDrag-->X:0///Y:115.4033
OnDrag-->X:0///Y:124.1129
OnDrag-->X:0///Y:130.6452
OnDrag-->X:0///Y:137.1774
OnDrag-->X:0///Y:143.7097
OnDrag-->X:0///Y:148.0645
OnDrag-->X:0///Y:152.4194
OnDrag-->X:0///Y:158.9516
OnDrag-->X:0///Y:163.3065
OnDrag-->X:0///Y:167.6613
OnDrag-->X:0///Y:172.0161
OnDrag-->X:0///Y:180.7258
OnDrag-->X:0///Y:182.9033
OnDrag-->X:0///Y:189.4355
OnDrag-->X:0///Y:195.9678
OnDrag-->X:0///Y:202.5
OnDrag-->X:0///Y:209.0323
OnDrag-->X:0///Y:215.5645
OnDrag-->X:0///Y:219.9194
OnDrag-->X:0///Y:224.2742
OnDrag-->X:0///Y:228.629
OnDrag-->X:0///Y:230.8065
OnDrag-->X:0///Y:235.1613
OnDrag-->X:0///Y:237.3387
OnDrag-->X:0///Y:239.5161
OnDrag-->X:0///Y:241.6935
OnDrag-->X:0///Y:246.0484
OnDrag-->X:0///Y:248.2258
OnDrag-->X:0///Y:250.4033
OnDrag-->X:0///Y:252.5807
OnDrag-->X:0///Y:254.7581
OnDrag-->X:0///Y:250.4033
OnDrag-->X:0///Y:241.6935
OnDrag-->X:0///Y:224.2742
OnDrag-->X:0///Y:209.0323
OnDrag-->X:0///Y:189.4355
OnDrag-->X:0///Y:165.4839
OnDrag-->X:0///Y:141.5323
OnDrag-->X:0///Y:117.5806
OnDrag-->X:0///Y:91.4516
OnDrag-->X:0///Y:65.32257
OnDrag-->X:0///Y:34.83875
OnDrag-->X:0///Y:10.88708
OnDrag-->X:0///Y:-15.24194
OnDrag-->X:0///Y:-39.19354
OnDrag-->X:0///Y:-63.14514
OnDrag-->X:0///Y:-84.91934
OnDrag-->X:2.177429///Y:-106.6935
OnDrag-->X:2.177429///Y:-126.2903
OnDrag-->X:2.177429///Y:-145.8871
OnDrag-->X:2.177429///Y:-163.3065
OnDrag-->X:2.177429///Y:-185.0807
OnDrag-->X:2.177429///Y:-198.1452
OnDrag-->X:2.177429///Y:-215.5645
OnDrag-->X:2.177429///Y:-228.629
OnDrag-->X:2.177429///Y:-246.0484
OnDrag-->X:2.177429///Y:-261.2903
OnDrag-->X:2.177429///Y:-274.3548
OnDrag-->X:2.177429///Y:-287.4193
OnDrag-->X:2.177429///Y:-296.129
OnDrag-->X:2.177429///Y:-307.0161
OnDrag-->X:2.177429///Y:-315.7258
OnDrag-->X:2.177429///Y:-326.6129
OnDrag-->X:2.177429///Y:-337.5
OnDrag-->X:2.177429///Y:-346.2097
OnDrag-->X:2.177429///Y:-354.9194
OnDrag-->X:2.177429///Y:-361.4516
OnDrag-->X:2.177429///Y:-370.1613
OnDrag-->X:2.177429///Y:-374.5161
OnDrag-->X:2.177429///Y:-381.0484
OnDrag-->X:2.177429///Y:-385.4033
OnDrag-->X:0///Y:-391.9355
OnDrag-->X:0///Y:-394.1129
OnDrag-->X:-2.177429///Y:-396.2903
OnDrag-->X:-2.177429///Y:-398.4678
OnDrag-->X:-2.177429///Y:-400.6452
OnDrag-->X:-2.177429///Y:-396.2903
OnDrag-->X:-2.177429///Y:-391.9355
OnDrag-->X:-2.177429///Y:-385.4033
OnDrag-->X:-2.177429///Y:-378.871
OnDrag-->X:-2.177429///Y:-372.3387
OnDrag-->X:-2.177429///Y:-367.9839
OnDrag-->X:-2.177429///Y:-361.4516
OnDrag-->X:-2.177429///Y:-359.2742
OnDrag-->X:-2.177429///Y:-354.9194
OnDrag-->X:-2.177429///Y:-352.7419
OnDrag-->X:-2.177429///Y:-350.5645
OnDrag-->X:-2.177429///Y:-348.3871
OnDrag-->X:-2.177429///Y:-346.2097
OnDrag-->X:-2.177429///Y:-344.0323
OnDrag-->X:-2.177429///Y:-341.8549
OnDrag-->X:-2.177429///Y:-339.6774
OnDrag-->X:-2.177429///Y:-337.5
OnDrag-->X:-2.177429///Y:-335.3226
OnDrag-->X:-2.177429///Y:-333.1452
OnDrag-->X:-2.177429///Y:-330.9678
OnDrag-->X:-2.177429///Y:-328.7903
OnDrag-->X:-2.177429///Y:-326.6129
OnDrag-->X:-2.177429///Y:-324.4355
OnDrag-->X:-2.177429///Y:-322.2581
OnDrag-->X:-2.177429///Y:-320.0807
OnDrag-->X:-2.177429///Y:-317.9033
OnDrag-->X:-2.177429///Y:-315.7258
OnEndDrag
